MPASM 5.87                    EJERCICIO2.ASM   10-10-2021  22:30:18         PAGE  1


LOC  OBJECT CODE     LINE SOURCE TEXT
  VALUE

                      00001     #include "p18f45k50.inc"
                      00001         LIST
                      00002 
                      00003 ;==========================================================================
                      00004 ; Build date : Jan 06 2020
                      00005 ;  MPASM PIC18F45K50 processor include
                      00006 ; 
                      00007 ;  (c) Copyright 1999-2020 Microchip Technology, All rights reserved
                      00008 ;==========================================================================
                      00009 
                      02340         LIST
                      00002     processor 18f45k50  ; (opcional).
                      00003     
                      00004     org 0x00
000000 EF?? F???      00005     goto CONFIGURE
                      00006     org 0x08            ; posición para interrupciones.
000008 0010           00007     retfie
                      00008     org 0x18            ; posición para interrupciones.
000018 0010           00009     retfie
                      00010     
                      00011 ; DEFINICIÓN DE PUERTOS.
                      00012     #define RS LATC, 0, A       ; RC0 -> Register Select.
                      00013     #define RW LATC, 1, A       ; RC1 -> Read/Write.
                      00014     #define E LATC, 2, A        ; RC2 -> Enable.
                      00015     #define flag PORTD, 7, A    ; RD7 -> Busy flag.
                      00016     #define configFlag TRISD, 7, A  ; Switch flag from INPUT to OUTPUT and viceversa.
                      00017     #define dataLCD LATD, A
                      00018 ; DEFINICIÓN DE BITS QUE REPRESENTAN OPERACIONES.
                      00019     #define BIT_SUMA OP, 7, A
                      00020     #define BIT_RESTA OP, 6, A
                      00021     #define BIT_MULT OP, 5, A
                      00022     #define BIT_DIV OP, 4, A
                      00023 ; DEFINICIÓN DE REGISTROS VARIABLES.
  00000010            00024 NUM1                EQU 0x10
  00000011            00025 NUM2                EQU 0x11
  00000012            00026 OP                  EQU 0x12
  00000013            00027 TEMP                EQU 0x13
  00000014            00028 TEMP2               EQU 0x14
  00000015            00029 COUNTER             EQU 0x15
  00000016            00030 DECENAS_UNIDADES    EQU 0x16
  00000017            00031 DECENAS             EQU 0X17
  00000018            00032 UNIDADES            EQU 0X18
  00000019            00033 OPERACION           EQU 0X19
                      00034 ; DEFINICION DE REGISTROS PARA DELAYS.
  00000020            00035 var1                EQU 0x20
  00000021            00036 var2                EQU 0x21
  00000022            00037 var3                EQU 0x22
  00000023            00038 _256                EQU 0x23
  00000024            00039 _26                 EQU 0x24
                      00040         
00001A                00041 CONFIGURE
                      00042     org 0x40                    ; Código principal.
000040 010F           00043     movlb   .15
MPASM 5.87                    EJERCICIO2.ASM   10-10-2021  22:30:18         PAGE  2


LOC  OBJECT CODE     LINE SOURCE TEXT
  VALUE

000042 9EF1           00044     bcf     INTCON2, 7          ; ENABLE pull-ups.
000044 6B5C           00045     clrf    ANSELB, BANKED      ; REGB -> DIGITAL.
000046 0E0F           00046     movlw   b'00001111' 
000048 6E93           00047     movwf   TRISB               ; REGB -> Mitad entradas/salidas.
00004A 6E85           00048     movwf   WPUB                ; REGB -> Mitad pull-ups.
00004C 6B5D           00049     clrf    ANSELC, BANKED      ; REGC -> Digital. 
00004E 6A94           00050     clrf    TRISC, A            ; REGC -> Output.
000050 6B5E           00051     clrf    ANSELD, BANKED      ; REGD -> Digital.
000052 6A95           00052     clrf    TRISD, A            ; REGD -> Output.
000054 6A10           00053     clrf    NUM1                ; El numero 1 empieza en 0.
000056 6A16           00054     clrf    DECENAS_UNIDADES    ; Empieza en 0.
000058 6A17           00055     clrf    DECENAS             ; Empieza en 0.
00005A 6A18           00056     clrf    UNIDADES            ; Empieza en 0.
                      00057     
                      00058 
                      00059 
00005C                00060 LCD_CONFIGURATION       
00005C 948B           00061     bcf     E
00005E EC?? F???      00062     call    delay100ms
000062 0E38           00063     movlw   b'00111000'         ; 8-bit, 2 lines, 5x7.
000064 EC?? F???      00064     call    INSTRUCTION_WRITE
000068 0E06           00065     movlw   b'00000110'         ; No display shift.
00006A EC?? F???      00066     call    INSTRUCTION_WRITE
00006E 0E14           00067     movlw   b'00010100'         ; Increment cursor position, diplay shift.
000070 EC?? F???      00068     call    INSTRUCTION_WRITE
000074 0E0F           00069     movlw   b'00001111'         ; Display on, cursor on, blynk on.
000076 EC?? F???      00070     call    INSTRUCTION_WRITE
                      00071     
                      00072 ; PROCESO PARA RECIBIR DATOS Y MANDAR LLAMAR LA OPERACION ADECUADA.
00007A                00073 NUMERO1
00007A 0E01           00074     movlw   b'00000001'                 ; Clear display and return to home position.
00007C EC?? F???      00075     call    INSTRUCTION_WRITE
000080 EC?? F???      00076     call    RECORRIDO
000084 C013 F010      00077     movff   TEMP, NUM1                  ; El ultimo numero presionado sera NUM1.
000088 C014 F012      00078     movff   TEMP2, OP                   ; El ultimo operando presionado sera OP.
00008C 5212           00079     movf    OP, F, A                    ; Activar OP en STATUS.
00008E B4D8           00080     btfsc   STATUS, Z, A                ; Revisa si OP = 0.
000090 EF?? F???      00081     goto    NUMERO1                     ; Eso significa RESET.
                      00082     
000094                00083 NUMERO2
000094 5210           00084     movf    NUM1
000096 EC?? F???      00085     call    CONVERSION                  ; Convertir el primer numero a decenas y unidades.
00009A 5017           00086     movf    DECENAS, W, A               ; Cargar decenas y enviar a la LCD.
00009C EC?? F???      00087     call    WRITE_NUMBER
0000A0 5018           00088     movf    UNIDADES, W, A              ; Cargar unidades y enviar a la LCD.
0000A2 EC?? F???      00089     call    WRITE_NUMBER
0000A6 5019           00090     movf    OPERACION, W, A             ; Cargar operacion y enviar a la LCD.
0000A8 EC?? F???      00091     call    WRITE_NUMBER
0000AC EC?? F???      00092     call    RECORRIDO
0000B0 C013 F011      00093     movff   TEMP, NUM2                  ; El ultimo numero presionado sera NUM2.
0000B4 5212           00094     movf    OP, F, A                    ; Activar OP en STATUS.
0000B6 B4D8           00095     btfsc   STATUS, Z, A                ; Revisa si OP = 0.
0000B8 EF?? F???      00096     goto    NUMERO1                     ; Eso significa RESET.
MPASM 5.87                    EJERCICIO2.ASM   10-10-2021  22:30:18         PAGE  3


LOC  OBJECT CODE     LINE SOURCE TEXT
  VALUE

                      00097     
0000BC                00098 OPERACIONES
0000BC BE12           00099     btfsc   BIT_SUMA
0000BE EC?? F???      00100     call    SUMA                        ; Si esta activo el bit de suma, llamar a SUMA.
0000C2 BC12           00101     btfsc   BIT_RESTA
0000C4 EC?? F???      00102     call    RESTA                       ; Si esta activo el bit de resta, llamar a RESTA.
0000C8 BA12           00103     btfsc   BIT_MULT
0000CA EC?? F???      00104     call    MULTIPLICACION              ; Si esta activo el bit de multiplicacion, llamar a MULTIPLICACI
                            ON.
0000CE B812           00105     btfsc   BIT_DIV
0000D0 EC?? F???      00106     call    DIVISION                    ; Si esta activo el bit de division, llamar a DIVISION.
0000D4 5212           00107     movf    OP, F, A                    ; Activar OP en STATUS.
0000D6 B4D8           00108     btfsc   STATUS, Z, A                ; Revisa si OP = 0.
0000D8 EF?? F???      00109     goto    NUMERO1                     ; Eso significa RESET.
0000DC C010 F013      00110     movff   NUM1, TEMP                  ; Cargar el mismo numero en TEMP que en NUM1
0000E0 EF?? F???      00111     goto    CONVERSION                  ; Convertir a decenas y unidades antes de la proxima repeticion.
                      00112 
                      00113 ; PROCESO PARA HACER UN RECORRIDO Y DETECTAR ENTRADA DEL TECLADO.
0000E4                00114 RECORRIDO
0000E4 0EEF           00115     movlw   b'11101111'                 ; ACTIVAR COLUMNA 1 (1, 4, 7, *).
0000E6 6E8A           00116     movwf   LATB, A
0000E8 A081           00117     btfss   PORTB, 0, A                 ; Revisar si se presiona el 1.
0000EA EF?? F???      00118     goto    UNO
0000EE A281           00119     btfss   PORTB, 1, A                 ; Revisar si se presiona el 4.
0000F0 EF?? F???      00120     goto    CUATRO
0000F4 A481           00121     btfss   PORTB, 2, A                 ; Revisar si se presiona el 7.
0000F6 EF?? F???      00122     goto    SIETE
0000FA A681           00123     btfss   PORTB, 3, A                 ; Revisar si se presiona el *.
0000FC EF?? F???      00124     goto    ASTERISCO_RETURN
000100 0EDF           00125     movlw   b'11011111'                 ; ACTIVAR COLUMNA 2 (2, 5, 8, 0).
000102 6E8A           00126     movwf   LATB, A
000104 A081           00127     btfss   PORTB, 0, A                 ; Revisar si se presiona el 2.
000106 EF?? F???      00128     goto    DOS
00010A A281           00129     btfss   PORTB, 1, A                 ; Revisar si se presiona el 5.
00010C EF?? F???      00130     goto    CINCO
000110 A481           00131     btfss   PORTB, 2, A                 ; Revisar si se presiona el 8.
000112 EF?? F???      00132     goto    OCHO
000116 A681           00133     btfss   PORTB, 3, A                 ; Revisar si se presiona el 0.
000118 EF?? F???      00134     goto    CERO
00011C 0EBF           00135     movlw   b'10111111'                 ; ACTIVAR COLUMNA 3 (3, 6, 9, #).
00011E 6E8A           00136     movwf   LATB, A
000120 A081           00137     btfss   PORTB, 0, A                 ; Revisar si se presiona el 3.
000122 EF?? F???      00138     goto    TRES
000126 A281           00139     btfss   PORTB, 1, A                 ; Revisar si se presiona el 6.
000128 EF?? F???      00140     goto    SEIS
00012C A481           00141     btfss   PORTB, 2, A                 ; Revisar si se presiona el 9.
00012E EF?? F???      00142     goto    NUEVE
000132 A681           00143     btfss   PORTB, 3, A                 ; Revisar si se presiona el #.
000134 EF?? F???      00144     goto    GATO_RETURN
000138 0E7F           00145     movlw   b'01111111'                 ; ACTIVAR COLUMNA 4 (A, B, C, D).
00013A 6E8A           00146     movwf   LATB, A
00013C A081           00147     btfss   PORTB, 0, A                 ; Revisar si se presiona el A.
00013E EF?? F???      00148     goto    _A_RETURN                   ; Los operandos son motivo para salir del ciclo.
MPASM 5.87                    EJERCICIO2.ASM   10-10-2021  22:30:18         PAGE  4


LOC  OBJECT CODE     LINE SOURCE TEXT
  VALUE

000142 A281           00149     btfss   PORTB, 1, A                 ; Revisar si se presiona el B.
000144 EF?? F???      00150     goto    _B_RETURN                   ; Los operandos son motivo para salir del ciclo.
000148 A481           00151     btfss   PORTB, 2, A                 ; Revisar si se presiona el C.
00014A EF?? F???      00152     goto    _C_RETURN                   ; Los operandos son motivo para salir del ciclo.
00014E A681           00153     btfss   PORTB, 3, A                 ; Revisar si se presiona el D.
000150 EF?? F???      00154     goto    _D_RETURN                   ; Los operandos son motivo para salir del ciclo.
000154 EF?? F???      00155     goto    RECORRIDO                   ; Si no se presiona un operando, seguir en espera.
                      00156     
                      00157 ; MENU DE BOTONES QUE NO LLEVAN A UN RETURN.
000158                00158 UNO
000158 A081           00159     btfss   PORTB, 0, A                 ; Revisar si sigue presionado el 1.
00015A EF?? F???      00160     goto    UNO                         ; Si aun no se suleta, esperar.
00015E 0E01           00161     movlw   .1
000160 6E13           00162     movwf   TEMP, A
000162 6E89           00163     movwf   LATA, A                     ; Prender un 1 en binario.
000164 EC?? F???      00164     call    DELAY_20ms                  ; Antirebote.
000168 EF?? F???      00165     goto    RECORRIDO                   ; Regresar a ver si se presiona otro boton.
00016C                00166 DOS
00016C A081           00167     btfss   PORTB, 0, A                 ; Revisar si sigue presionado el 2.
00016E EF?? F???      00168     goto    DOS                         ; Si aun no se suleta, esperar.
000172 0E02           00169     movlw   .2
000174 6E13           00170     movwf   TEMP, A                     ; TEMP sirve para guardar el ultimo valor de WREG.
000176 6E89           00171     movwf   LATA, A                     ; Prender un 2 en binario.
000178 EC?? F???      00172     call    DELAY_20ms                  ; Antirebote.
00017C EF?? F???      00173     goto    RECORRIDO                   ; Regresar a ver si se presiona otro boton.
000180                00174 TRES
000180 A081           00175     btfss   PORTB, 0, A                 ; Revisar si sigue presionado el 3.
000182 EF?? F???      00176     goto    TRES                        ; Si aun no se suleta, esperar.
000186 0E03           00177     movlw   .3
000188 6E13           00178     movwf   TEMP, A                     ; TEMP sirve para guardar el ultimo valor de WREG.
00018A 6E89           00179     movwf   LATA, A                     ; Prender un 3 en binario.
00018C EC?? F???      00180     call    DELAY_20ms                  ; Antirebote.
000190 EF?? F???      00181     goto    RECORRIDO                   ; Regresar a ver si se presiona otro boton.
000194                00182 CUATRO
000194 A281           00183     btfss   PORTB, 1, A                 ; Revisar si sigue presionado el 4.
000196 EF?? F???      00184     goto    CUATRO                      ; Si aun no se suleta, esperar.
00019A 0E04           00185     movlw   .4
00019C 6E13           00186     movwf   TEMP, A                     ; TEMP sirve para guardar el ultimo valor de WREG.
00019E 6E89           00187     movwf   LATA, A                     ; Prender un 4 en binario.
0001A0 EC?? F???      00188     call    DELAY_20ms                  ; Antirebote.
0001A4 EF?? F???      00189     goto    RECORRIDO                   ; Regresar a ver si se presiona otro boton.
0001A8                00190 CINCO
0001A8 A281           00191     btfss   PORTB, 1, A                 ; Revisar si sigue presionado el 5.
0001AA EF?? F???      00192     goto    CINCO                       ; Si aun no se suleta, esperar.
0001AE 0E05           00193     movlw   .5
0001B0 6E13           00194     movwf   TEMP, A                     ; TEMP sirve para guardar el ultimo valor de WREG.
0001B2 6E89           00195     movwf   LATA, A                     ; Prender un 5 en binario.
0001B4 EC?? F???      00196     call    DELAY_20ms                  ; Antirebote.
0001B8 EF?? F???      00197     goto    RECORRIDO                   ; Regresar a ver si se presiona otro boton.
0001BC                00198 SEIS
0001BC A281           00199     btfss   PORTB, 1, A                 ; Revisar si sigue presionado el 6.
0001BE EF?? F???      00200     goto    SEIS                        ; Si aun no se suleta, esperar.
0001C2 0E06           00201     movlw   .6
MPASM 5.87                    EJERCICIO2.ASM   10-10-2021  22:30:18         PAGE  5


LOC  OBJECT CODE     LINE SOURCE TEXT
  VALUE

0001C4 6E13           00202     movwf   TEMP, A                     ; TEMP sirve para guardar el ultimo valor de WREG.
0001C6 6E89           00203     movwf   LATA, A                     ; Prender un 6 en binario.
0001C8 EC?? F???      00204     call    DELAY_20ms                  ; Antirebote.
0001CC EF?? F???      00205     goto    RECORRIDO                   ; Regresar a ver si se presiona otro boton.
0001D0                00206 SIETE
0001D0 A481           00207     btfss   PORTB, 2, A                 ; Revisar si sigue presionado el 7.
0001D2 EF?? F???      00208     goto    SIETE                       ; Si aun no se suleta, esperar.
0001D6 0E07           00209     movlw   .7
0001D8 6E13           00210     movwf   TEMP, A                     ; TEMP sirve para guardar el ultimo valor de WREG.
0001DA 6E89           00211     movwf   LATA, A                     ; Prender un 7 en binario.
0001DC EC?? F???      00212     call    DELAY_20ms                  ; Antirebote.
0001E0 EF?? F???      00213     goto    RECORRIDO                   ; Regresar a ver si se presiona otro boton.
0001E4                00214 OCHO
0001E4 A481           00215     btfss   PORTB, 2, A                 ; Revisar si sigue presionado el 8.
0001E6 EF?? F???      00216     goto    OCHO                        ; Si aun no se suleta, esperar.
0001EA 0E08           00217     movlw   .8
0001EC 6E13           00218     movwf   TEMP, A                     ; TEMP sirve para guardar el ultimo valor de WREG.
0001EE 6E89           00219     movwf   LATA, A                     ; Prender un 8 en binario.
0001F0 EC?? F???      00220     call    DELAY_20ms                  ; Antirebote.
0001F4 EF?? F???      00221     goto    RECORRIDO                   ; Regresar a ver si se presiona otro boton.
0001F8                00222 NUEVE
0001F8 A481           00223     btfss   PORTB, 2, A                 ; Revisar si sigue presionado el 9.
0001FA EF?? F???      00224     goto    NUEVE                       ; Si aun no se suleta, esperar.
0001FE 0E09           00225     movlw   .9
000200 6E13           00226     movwf   TEMP, A                     ; TEMP sirve para guardar el ultimo valor de WREG.
000202 6E89           00227     movwf   LATA, A                     ; Prender un 9 en binario.
000204 EC?? F???      00228     call    DELAY_20ms                  ; Antirebote.
000208 EF?? F???      00229     goto    RECORRIDO                   ; Regresar a ver si se presiona otro boton.
00020C                00230 CERO
00020C A681           00231     btfss   PORTB, 3, A                 ; Revisar si sigue presionado el 0.
00020E EF?? F???      00232     goto    CERO                        ; Si aun no se suleta, esperar.
000212 0E00           00233     movlw   .0
000214 6E13           00234     movwf   TEMP, A                     ; TEMP sirve para guardar el ultimo valor de WREG.
000216 6E89           00235     movwf   LATA, A                     ; Prender un 0 en binario.
000218 EC?? F???      00236     call    DELAY_20ms                  ; Antirebote.
00021C EF?? F???      00237     goto    RECORRIDO                   ; Regresar a ver si se presiona otro boton.
                      00238     
                      00239 ; MENU DE BOTONES QUE LLEVAN A UN RETURN.
000220                00240 _A_RETURN                               ; SUMA.
000220 A081           00241     btfss   PORTB, 0, A                 ; Revisar si sigue presionado el A.
000222 EF?? F???      00242     goto    _A_RETURN                   ; Si aun no se suleta, esperar.
000226 0E80           00243     movlw   b'10000000'                 ; Se enciende bit de suma.
000228 6E14           00244     movwf   TEMP2, A                    ; TEMP sirve para guardar el operando.
00022A 0E2B           00245     movlw   '+'
00022C 6E19           00246     movwf   OPERACION                   ; Guardar símbolo.
00022E 6E89           00247     movwf   LATA, A                     ; Prender LED 7.
000230 EC?? F???      00248     call    DELAY_20ms                  ; Antirebote.
000234 0012           00249     return
000236                00250 _B_RETURN                               ; RESTA.
000236 A281           00251     btfss   PORTB, 1, A                 ; Revisar si sigue presionado el B.
000238 EF?? F???      00252     goto    _B_RETURN                   ; Si aun no se suleta, esperar.
00023C 0E40           00253     movlw   b'01000000'                 ; Se enciende bit de resta.
00023E 6E14           00254     movwf   TEMP2, A                    ; TEMP sirve para guardar el operando.
MPASM 5.87                    EJERCICIO2.ASM   10-10-2021  22:30:18         PAGE  6


LOC  OBJECT CODE     LINE SOURCE TEXT
  VALUE

000240 0E2D           00255     movlw   '-'
000242 6E19           00256     movwf   OPERACION                   ; Guardar símbolo.
000244 6E89           00257     movwf   LATA, A                     ; Prender LED 6.
000246 EC?? F???      00258     call    DELAY_20ms                  ; Antirebote.
00024A 0012           00259     return
00024C                00260 _C_RETURN                               ; MULTIPLICACION.
00024C A481           00261     btfss   PORTB, 2, A                 ; Revisar si sigue presionado el C.
00024E EF?? F???      00262     goto    _C_RETURN                   ; Si aun no se suleta, esperar.
000252 0E20           00263     movlw   b'00100000'                 ; Se enciende bit de multiplicacion.
000254 6E14           00264     movwf   TEMP2, A                    ; TEMP sirve para guardar el operando.
000256 0E2A           00265     movlw   '*'
000258 6E19           00266     movwf   OPERACION                   ; Guardar símbolo.
00025A 6E89           00267     movwf   LATA, A                     ; Prender LED 5.
00025C EC?? F???      00268     call    DELAY_20ms                  ; Antirebote.
000260 0012           00269     return
000262                00270 _D_RETURN                               ; DIVISION.
000262 A681           00271     btfss   PORTB, 3, A                 ; Revisar si sigue presionado el D.
000264 EF?? F???      00272     goto    _D_RETURN                   ; Si aun no se suleta, esperar.
000268 0E10           00273     movlw   b'00010000'                 ; Se enciende bit de division.
00026A 6E14           00274     movwf   TEMP2, A                    ; TEMP sirve para guardar el operando.
00026C 0E2F           00275     movlw   '/'
00026E 6E19           00276     movwf   OPERACION                   ; Guardar símbolo.
000270 6E89           00277     movwf   LATA, A                     ; Prender LED 4.
000272 EC?? F???      00278     call    DELAY_20ms                  ; Antirebote.
000276 0012           00279     return
000278                00280 ASTERISCO_RETURN                        ; IGUAL.
000278 A681           00281     btfss   PORTB, 3, A                 ; Revisar si sigue presionado el *.
00027A EF?? F???      00282     goto    ASTERISCO_RETURN            ; Si aun no se suleta, esperar.
00027E EC?? F???      00283     call    DELAY_20ms                  ; Antirebote.
000282 0012           00284     return                              ; Ir a la seleccion de operaciones.
000284                00285 GATO_RETURN                             ; RESET.
000284 A681           00286     btfss   PORTB, 3, A                 ; Revisar si sigue presionado el #.
000286 EF?? F???      00287     goto    GATO_RETURN                 ; Si aun no se suleta, esperar.
00028A 6AE8           00288     clrf    WREG                        ; Borrar todo.
00028C 6A10           00289     clrf    NUM1
00028E 6A11           00290     clrf    NUM2
000290 6A12           00291     clrf    OP
000292 6A13           00292     clrf    TEMP
000294 6A14           00293     clrf    TEMP2
000296 6A16           00294     clrf    DECENAS_UNIDADES
000298 6A17           00295     clrf    DECENAS
00029A 6A18           00296     clrf    UNIDADES
00029C 6A89           00297     clrf    LATA
00029E EC?? F???      00298     call    DELAY_20ms                  ; Antirebote.
0002A2 0012           00299     return
                      00300 
                      00301 ; OPERACIONES
0002A4                00302 SUMA
0002A4 5010           00303     movf    NUM1, W, A                  ; Mover NUM1 a WREG.
0002A6 2411           00304     addwf   NUM2, W, A                  ; Sumarle NUM2.
0002A8 6E10           00305     movwf   NUM1, A                     ; Guardar el resultado en NUM1.
0002AA 0012           00306     return
                      00307     
MPASM 5.87                    EJERCICIO2.ASM   10-10-2021  22:30:18         PAGE  7


LOC  OBJECT CODE     LINE SOURCE TEXT
  VALUE

0002AC                00308 RESTA
0002AC 5011           00309     movf    NUM2, W, A                  ; Mover NUM2 a WREG.
0002AE 5C10           00310     subwf   NUM1, W, A                  ; Restar NUM1-NUM2.
0002B0 6EE8           00311     movwf   WREG, A                     ; Activar WREG en STATUS.
0002B2 B8D8           00312     btfsc   STATUS, N, A                ; Checar si dio un numero negativo.
0002B4 EF?? F???      00313     goto    NEGATIVO
0002B8 6E10           00314     movwf   NUM1, A                     ; Guardar el resultado en NUM1.
0002BA 0012           00315     return
0002BC                00316 NEGATIVO
0002BC 5010           00317     movf    NUM1, W, A                  ; Mover NUM1 a WREG.
0002BE 5C11           00318     subwf   NUM2, W, A                  ; Restar NUM2-NUM1 (al reves).
0002C0 6E10           00319     movwf   NUM1                        ; Guardar en NUM1.
0002C2 8E10           00320     bsf     NUM1, 7, A                  ; Activar bit de negativo.
0002C4 0012           00321     return
                      00322     
0002C6                00323 MULTIPLICACION
0002C6 5010           00324     movf    NUM1, W, A                  ; Mover NUM1 a WREG.
0002C8 0211           00325     mulwf   NUM2, A                     ; Multiplicar NUM1*NUM2.
0002CA CFF3 F010      00326     movff   PRODL, NUM1                 ; Copiar el resultado guardado en PRODL a NUM1.
0002CE 0012           00327     return
                      00328     
0002D0                00329 DIVISION
0002D0 5211           00330     movf    NUM2, F, A                  ; Activar NUM2 en STATUS.
0002D2 B4D8           00331     btfsc   STATUS, Z, A
0002D4 EF?? F???      00332     goto    _ERROR                      ; Si NUM2 = 0, ir a _ERROR.
0002D8 6A15           00333     clrf    COUNTER, A                  ; Resetear el contador.
0002DA 5011           00334     movf    NUM2, W, A                  ; Cargar NUM2 en WREG.
0002DC                00335 CUENTA
0002DC 5E10           00336     subwf   NUM1, F, A                  ; Se resta NUM1-NUM2 y se guarda en NUM1.
0002DE 5210           00337     movf    NUM1, F, A                  ; Activar NUM1 en STATUS.
0002E0 B8D8           00338     btfsc   STATUS, N, A
0002E2 EF?? F???      00339     goto    CUENTA_FINAL                ; Si NUM1 ya es negativo, hacer procedimientos antes de regresar
                            .
0002E6 2A15           00340     incf    COUNTER                     ; De lo contrario, aumentar el contador y repetir.
0002E8 EF?? F???      00341     goto    CUENTA
0002EC                00342 CUENTA_FINAL
0002EC C015 F010      00343     movff   COUNTER, NUM1               ; NUM1 es igual a la cuenta almacenada.
0002F0 0012           00344     return
                      00345     
0002F2                00346 _ERROR
0002F2 0EFF           00347     movlw   0xFF
0002F4 6E89           00348     movwf   LATA                        ; En caso de error, encender todos los LEDs.
0002F6 0EBF           00349     movlw   b'10111111'                 ; ACTIVAR COLUMNA 3 (3, 6, 9, #).
0002F8                00350 loop 
0002F8 A681           00351     btfss   PORTB, 3, A                 ; Revisar si se presiona el #.
0002FA EF?? F???      00352     goto    GATO_RETURN
0002FE EF?? F???      00353     goto    loop
                      00354     
000302                00355 CONVERSION
000302 6A15           00356     clrf    COUNTER, A                  ; Resetear el contador.
000304 0E0A           00357     movlw   .10                         ; Cargar un 10 en WREG.
000306 6E16           00358     movwf   DECENAS_UNIDADES
000308                00359 CUENTA_DECENAS
MPASM 5.87                    EJERCICIO2.ASM   10-10-2021  22:30:18         PAGE  8


LOC  OBJECT CODE     LINE SOURCE TEXT
  VALUE

000308 C016 F018      00360     movff   DECENAS_UNIDADES, UNIDADES  ; Antes de restarle, guardar el resultado anterior en UNIDADES.
00030C 5E16           00361     subwf   DECENAS_UNIDADES, F, A      ; Se resta DECENAS-10 y se guarda en NUM1.
00030E 5216           00362     movf    DECENAS_UNIDADES, F, A      ; Activar DECENAS en STATUS.
000310 B8D8           00363     btfsc   STATUS, N, A
000312 EF?? F???      00364     goto    CUENTA_DECENAS_FINAL        ; Si NUM1 ya es negativo, hacer procedimientos antes de regresar
                            .
000316 2A15           00365     incf    COUNTER                     ; De lo contrario, aumentar el contador y repetir.
000318 EF?? F???      00366     goto    CUENTA_DECENAS
00031C                00367 CUENTA_DECENAS_FINAL
00031C C015 F016      00368     movff   COUNTER, DECENAS_UNIDADES   
000320 C015 F017      00369     movff   COUNTER, DECENAS            ; DECENAS es igual a la cuenta almacenada de decenas.
000324 3616           00370     rlcf    DECENAS_UNIDADES, F, A      ; Rotar 4 veces para que quede en la posicion mas significativa.
000326 3616           00371     rlcf    DECENAS_UNIDADES, F, A
000328 3616           00372     rlcf    DECENAS_UNIDADES, F, A
00032A 3616           00373     rlcf    DECENAS_UNIDADES, F, A
00032C 5018           00374     movf    UNIDADES, W, A              ; Mover el valor almacenado en TEMP2 (residuo) a WREG.
00032E 2616           00375     addwf   DECENAS_UNIDADES, F, A      ; Sumar decenas con residuo y almacenarlo en DECENAS.
000330 0012           00376     return
                      00377 
000332                00378 WRITE_NUMBER
000332 6E20           00379     movwf   var1                        ; Guardar el numero a convertir en var1.
000334 0E30           00380     movlw   .48                         ; Sumarle 48 y guardar en WREG
000336 2420           00381     addwf   var1, W, A                  ; para convertir en ASCII.      
000338 EC?? F???      00382     call    DATA_WRITE
00033C 0012           00383     return
                      00384     
00033E                00385 INSTRUCTION_WRITE
00033E 908B           00386     bcf     RS                  ; RS -> 0
000340 928B           00387     bcf     RW                  ; RW -> 0
000342 EF?? F???      00388     goto    SEND_DATA
000346                00389 DATA_WRITE
000346 808B           00390     bsf     RS                  ; RS -> 1
000348 928B           00391     bcf     RW                  ; RW -> 0
00034A EF?? F???      00392     goto    SEND_DATA
00034E                00393 DATA_READ
00034E 808B           00394     bsf     RS                  ; RS -> 1
000350 828B           00395     bsf     RW                  ; RW -> 1
000352 EF?? F???      00396     goto    SEND_DATA
000356                00397 SEND_DATA
000356 848B           00398     bsf     E                   ; Enable.
000358 6E8C           00399     movwf   dataLCD             ; Data transmission.
00035A 0000           00400     nop                         ; Wait 1us to make sure the instruction was recieved.
00035C 948B           00401     bcf     E                   ; Stop Enable.
00035E EC?? F???      00402     call    ESPERA_LCD          ; Wait to see if LCD is done.
000362 0012           00403     return
                      00404     
000364                00405 ESPERA_LCD
000364 8E95           00406     bsf     configFlag          ; RD7 -> INPUT (to be able to  read it).
000366 908B           00407     bcf     RS                  ; RS -> 0
000368 828B           00408     bsf     RW                  ; RW -> 1
00036A 848B           00409     bsf     E                   ; E -> 1
00036C 0000           00410     nop
00036E                00411 REGRESA
MPASM 5.87                    EJERCICIO2.ASM   10-10-2021  22:30:18         PAGE  9


LOC  OBJECT CODE     LINE SOURCE TEXT
  VALUE

00036E EC?? F???      00412     call    delay100ms          ; Wait 100us.
000372 BE83           00413     btfsc   flag                ; Read bussy flag.
000374 EF?? F???      00414     goto    REGRESA             ; If set, keep waiting.
000378 948B           00415     bcf     E
00037A 9E95           00416     bcf     configFlag          ; RD7 -> OUTPUT again.
00037C 0012           00417     return                      ; If not set, return.
                      00418     
00037E                00419 delay100us
00037E 0E21           00420     movlw   .33
000380 6E20           00421     movwf   var1
000382                00422 loop1                           
000382 2E20           00423     decfsz  var1
000384 EF?? F???      00424     goto    loop1
                      00425     ; 100us approx.
000388 0012           00426     return
                      00427 
00038A                00428 DELAY_20ms
00038A 0E00           00429     movlw   .0                  
00038C 6E23           00430     movwf   _256
00038E 0E1A           00431     movlw   .26
000390 6E24           00432     movwf   _26 
000392                00433 LOOP1
000392 2E23           00434     decfsz  _256
000394 EF?? F???      00435     goto    LOOP1               ; (3)*256
000398 2E24           00436     decfsz  _26
00039A EF?? F???      00437     goto    LOOP1               ; (3)*256*26 + (3)*26 = 78*256 + 78
                      00438     ; 20046+4 = 20.05ms approx. 
00039E 0012           00439     return
                      00440     
0003A0                00441 delay100ms
0003A0 0E00           00442     movlw   .0                  ; 256
0003A2 6E20           00443     movwf   var1
0003A4 0E80           00444     movlw   .128
0003A6 6E21           00445     movwf   var2
0003A8                00446 loop2                           
0003A8 2E20           00447     decfsz  var1
0003AA EF?? F???      00448     goto    loop2
0003AE 2E21           00449     decfsz  var2
0003B0 EF?? F???      00450     goto    loop2
                      00451     ; 100ms approx.
0003B4 0012           00452     return
                      00453     
                      00454 ;
                      00455 ; CONFIGURATION BITS SETTING, THIS IS REQUIRED TO CONFITURE THE OPERATION OF THE MICROCONTROLLER
                      00456 ; AFTER RESET. ONCE PROGRAMMED IN THIS PRACTICA THIS IS NOT NECESARY TO INCLUDE IN FUTURE PROGRAMS
                      00457 ; IF THIS SETTINGS ARE NOT CHANGED. SEE SECTION 26 OF DATA SHEET. 
                      00458 ;   
                      00459 
                      00460 
                      00461 ; CONFIG1L
                      00462   CONFIG  PLLSEL = PLL4X        ; PLL Selection (4x clock multiplier)
                      00463   CONFIG  CFGPLLEN = OFF        ; PLL Enable Configuration bit (PLL Disabled (firmware controlled))
                      00464   CONFIG  CPUDIV = NOCLKDIV     ; CPU System Clock Postscaler (CPU uses system clock (no divide))
MPASM 5.87                    EJERCICIO2.ASM   10-10-2021  22:30:18         PAGE 10


LOC  OBJECT CODE     LINE SOURCE TEXT
  VALUE

                      00465   CONFIG  LS48MHZ = SYS24X4     ; Low Speed USB mode with 48 MHz system clock (System clock at 24 MHz, U
                            SB clock divider is set to 4)
                      00466 
                      00467 ; CONFIG1H
                      00468   CONFIG  FOSC = INTOSCIO       ; Oscillator Selection (Internal oscillator)
                      00469   CONFIG  PCLKEN = ON           ; Primary Oscillator Shutdown (Primary oscillator enabled)
                      00470   CONFIG  FCMEN = OFF           ; Fail-Safe Clock Monitor (Fail-Safe Clock Monitor disabled)
                      00471   CONFIG  IESO = OFF            ; Internal/External Oscillator Switchover (Oscillator Switchover mode di
                            sabled)
                      00472 
                      00473 ; CONFIG2L
                      00474   CONFIG  nPWRTEN = OFF         ; Power-up Timer Enable (Power up timer disabled)
                      00475   CONFIG  BOREN = SBORDIS       ; Brown-out Reset Enable (BOR enabled in hardware (SBOREN is ignored))
                      00476   CONFIG  BORV = 190            ; Brown-out Reset Voltage (BOR set to 1.9V nominal)
                      00477   CONFIG  nLPBOR = OFF          ; Low-Power Brown-out Reset (Low-Power Brown-out Reset disabled)
                      00478 
                      00479 ; CONFIG2H
                      00480   CONFIG  WDTEN = OFF           ; Watchdog Timer Enable bits (WDT disabled in hardware (SWDTEN ignored))
                      00481   CONFIG  WDTPS = 32768         ; Watchdog Timer Postscaler (1:32768)
                      00482 
                      00483 ; CONFIG3H
                      00484   CONFIG  CCP2MX = RC1          ; CCP2 MUX bit (CCP2 input/output is multiplexed with RC1)
                      00485   CONFIG  PBADEN = ON           ; PORTB A/D Enable bit (PORTB<5:0> pins are configured as analog input c
                            hannels on Reset)
                      00486   CONFIG  T3CMX = RC0           ; Timer3 Clock Input MUX bit (T3CKI function is on RC0)
                      00487   CONFIG  SDOMX = RB3           ; SDO Output MUX bit (SDO function is on RB3)
                      00488   CONFIG  MCLRE = ON            ; Master Clear Reset Pin Enable (MCLR pin enabled; RE3 input disabled)
                      00489 
                      00490 ; CONFIG4L
                      00491   CONFIG  STVREN = ON           ; Stack Full/Underflow Reset (Stack full/underflow will cause Reset)
                      00492   CONFIG  LVP = ON              ; Single-Supply ICSP Enable bit (Single-Supply ICSP enabled if MCLRE is 
                            also 1)
                      00493   CONFIG  ICPRT = OFF           ; Dedicated In-Circuit Debug/Programming Port Enable (ICPORT disabled)
                      00494   CONFIG  XINST = OFF           ; Extended Instruction Set Enable bit (Instruction set extension and Ind
                            exed Addressing mode disabled)
                      00495  
                      00496     end
MPASM 5.87                    EJERCICIO2.ASM   10-10-2021  22:30:18         PAGE 11


SYMBOL TABLE
  LABEL                             VALUE 

A                                 00000000
ABDEN                             00000000
ABDOVF                            00000007
ACCESS                            00000000
ACKDT                             00000005
ACKEN                             00000004
ACKSTAT                           00000006
ACKTIM                            00000007
ACQT0                             00000003
ACQT1                             00000004
ACQT2                             00000005
ACTCON                            00000FB5
ACTD                              00000006
ACTEN                             00000007
ACTIE                             00000007
ACTIF                             00000007
ACTIP                             00000007
ACTLOCK                           00000003
ACTMD                             00000004
ACTOR                             00000001
ACTORS                            00000001
ACTSEL                            00000007
ACTSRC                            00000004
ACTUD                             00000006
ACTVIE                            00000002
ACTVIF                            00000002
ADCMD                             00000002
ADCON0                            00000FC2
ADCON1                            00000FC1
ADCON2                            00000FC0
ADCS0                             00000000
ADCS1                             00000001
ADCS2                             00000002
ADDEN                             00000003
ADDR0                             00000000
ADDR1                             00000001
ADDR2                             00000002
ADDR3                             00000003
ADDR4                             00000004
ADDR5                             00000005
ADDR6                             00000006
ADEN                              00000003
ADFM                              00000007
ADIE                              00000006
ADIF                              00000006
ADIP                              00000006
ADON                              00000000
ADRESH                            00000FC4
ADRESL                            00000FC3
AHEN                              00000001
AN0                               00000000
AN1                               00000001
AN2                               00000002
MPASM 5.87                    EJERCICIO2.ASM   10-10-2021  22:30:18         PAGE 12


SYMBOL TABLE
  LABEL                             VALUE 

AN3                               00000003
AN4                               00000005
ANSA0                             00000000
ANSA1                             00000001
ANSA2                             00000002
ANSA3                             00000003
ANSA5                             00000005
ANSB0                             00000000
ANSB1                             00000001
ANSB2                             00000002
ANSB3                             00000003
ANSB4                             00000004
ANSB5                             00000005
ANSC2                             00000002
ANSC6                             00000006
ANSC7                             00000007
ANSD0                             00000000
ANSD1                             00000001
ANSD2                             00000002
ANSD3                             00000003
ANSD4                             00000004
ANSD5                             00000005
ANSD6                             00000006
ANSD7                             00000007
ANSE0                             00000000
ANSE1                             00000001
ANSE2                             00000002
ANSELA                            00000F5B
ANSELB                            00000F5C
ANSELC                            00000F5D
ANSELD                            00000F5E
ANSELE                            00000F5F
ASTERISCO_RETURN                  00000278
BANKED                            00000001
BAUDCON                           00000FB8
BAUDCON1                          00000FB8
BCL1IE                            00000003
BCL1IF                            00000003
BCL1IP                            00000003
BCLIE                             00000003
BCLIF                             00000003
BCLIP                             00000003
BF                                00000000
BGVST                             00000006
BIT_DIV                           OP, 4, A
BIT_MULT                          OP, 5, A
BIT_RESTA                         OP, 6, A
BIT_SUMA                          OP, 7, A
BOEN                              00000004
BOR                               00000000
BRG0                              00000000
BRG1                              00000001
BRG10                             00000002
MPASM 5.87                    EJERCICIO2.ASM   10-10-2021  22:30:18         PAGE 13


SYMBOL TABLE
  LABEL                             VALUE 

BRG11                             00000003
BRG12                             00000004
BRG13                             00000005
BRG14                             00000006
BRG15                             00000007
BRG16                             00000003
BRG2                              00000002
BRG3                              00000003
BRG4                              00000004
BRG5                              00000005
BRG6                              00000006
BRG7                              00000007
BRG8                              00000000
BRG9                              00000001
BRGH                              00000002
BSR                               00000FE0
BTOEE                             00000004
BTOEF                             00000004
BTSEE                             00000007
BTSEF                             00000007
C                                 00000000
C1CH0                             00000000
C1CH1                             00000001
C1HYS                             00000003
C1IE                              00000006
C1IF                              00000006
C1IP                              00000006
C1OE                              00000005
C1ON                              00000007
C1OUT                             00000006
C1POL                             00000004
C1R                               00000002
C1RSEL                            00000005
C1SP                              00000003
C1SYNC                            00000001
C1TSEL                            00000000
C2CH0                             00000000
C2CH1                             00000001
C2HYS                             00000002
C2IE                              00000005
C2IF                              00000005
C2IP                              00000005
C2OE                              00000005
C2ON                              00000007
C2OUT                             00000006
C2POL                             00000004
C2R                               00000002
C2RSEL                            00000004
C2SP                              00000003
C2SYNC                            00000000
C2TSEL                            00000003
CCH0                              00000000
CCH1                              00000001
MPASM 5.87                    EJERCICIO2.ASM   10-10-2021  22:30:18         PAGE 14


SYMBOL TABLE
  LABEL                             VALUE 

CCP1                              00000002
CCP1ASE                           00000007
CCP1CON                           00000FBD
CCP1IE                            00000002
CCP1IF                            00000002
CCP1IP                            00000002
CCP1M0                            00000000
CCP1M1                            00000001
CCP1M2                            00000002
CCP1M3                            00000003
CCP1MD                            00000000
CCP1X                             00000005
CCP1Y                             00000004
CCP2CON                           00000F97
CCP2IE                            00000000
CCP2IF                            00000000
CCP2IP                            00000000
CCP2M0                            00000000
CCP2M1                            00000001
CCP2M2                            00000002
CCP2M3                            00000003
CCP2MD                            00000001
CCP2X                             00000005
CCP2Y                             00000004
CCPR1                             00000FBE
CCPR1H                            00000FBF
CCPR1L                            00000FBE
CCPR2                             00000F90
CCPR2H                            00000F91
CCPR2L                            00000F90
CCPTMRS                           00000F59
CERO                              0000020C
CFGS                              00000006
CINCO                             000001A8
CK                                00000006
CK1SPP                            00000000
CK2SPP                            00000001
CKE                               00000006
CKP                               00000004
CKTXP                             00000004
CM1CON0                           00000F98
CM1IE                             00000006
CM1IF                             00000006
CM1IP                             00000006
CM2CON0                           00000F99
CM2CON1                           00000F9A
CM2IE                             00000005
CM2IF                             00000005
CM2IP                             00000005
CMP1MD                            00000003
CMP2MD                            00000004
COE                               00000005
CON                               00000007
MPASM 5.87                    EJERCICIO2.ASM   10-10-2021  22:30:18         PAGE 15


SYMBOL TABLE
  LABEL                             VALUE 

CONFIGURE                         0000001A
CONVERSION                        00000302
COUNTER                           00000015
COUT1                             00000006
COUT2                             00000006
CPOL                              00000004
CRC16EE                           00000002
CRC16EF                           00000002
CRC5EE                            00000001
CRC5EF                            00000001
CREF                              00000002
CREN                              00000004
CSRC                              00000007
CTMUCON0                          00000F8F
CTMUCON1                          00000F8E
CTMUCONH                          00000F8F
CTMUCONL                          00000F8E
CTMUEN                            00000007
CTMUICON                          00000F88
CTMUIE                            00000003
CTMUIF                            00000003
CTMUIP                            00000003
CTMUMD                            00000005
CTMUSIDL                          00000005
CTTRIG                            00000000
CUATRO                            00000194
CUENTA                            000002DC
CUENTA_DECENAS                    00000308
CUENTA_DECENAS_FINAL              0000031C
CUENTA_FINAL                      000002EC
DACEN                             00000007
DACLPS                            00000006
DACNSS                            00000000
DACOE                             00000005
DACPSS0                           00000002
DACPSS1                           00000003
DACR0                             00000000
DACR1                             00000001
DACR2                             00000002
DACR3                             00000003
DACR4                             00000004
DATA_READ                         0000034E
DATA_WRITE                        00000346
DC                                00000001
DC1B0                             00000004
DC1B1                             00000005
DC2B0                             00000004
DC2B1                             00000005
DDRA                              TRISA
DDRB                              TRISB
DDRC                              TRISC
DDRD                              TRISD
DDRE                              TRISE
MPASM 5.87                    EJERCICIO2.ASM   10-10-2021  22:30:18         PAGE 16


SYMBOL TABLE
  LABEL                             VALUE 

DECENAS                           00000017
DECENAS_UNIDADES                  00000016
DELAY_20ms                        0000038A
DFN8EE                            00000003
DFN8EF                            00000003
DHEN                              00000000
DIR                               00000002
DIVISION                          000002D0
DONE                              00000001
DOS                               0000016C
DTRXP                             00000005
D_NOT_A                           00000005
E                                 LATC, 2, A
ECCP1AS                           00000FB6
ECCP1AS0                          00000004
ECCP1AS1                          00000005
ECCP1AS2                          00000006
ECCP1ASE                          00000007
ECCP1CON                          00000FBD
ECCP1DEL                          00000FB7
ECCP2CON                          00000F97
EDG1POL                           00000004
EDG1SEL0                          00000002
EDG1SEL1                          00000003
EDG1STAT                          00000000
EDG2POL                           00000007
EDG2SEL0                          00000005
EDG2SEL1                          00000006
EDG2STAT                          00000001
EDGEN                             00000003
EDGSEQEN                          00000002
EEADR                             00000FA9
EECON1                            00000FA6
EECON2                            00000FA7
EEDATA                            00000FA8
EEIE                              00000004
EEIF                              00000004
EEIP                              00000004
EEPGD                             00000007
ENDP0                             00000003
ENDP1                             00000004
ENDP2                             00000005
ENDP3                             00000006
EPCONDIS                          00000003
EPHSHK                            00000004
EPINEN                            00000001
EPOUTEN                           00000002
EPSTALL                           00000000
ESPERA_LCD                        00000364
FAST                              00000001
FERR                              00000002
FLTS                              00000002
FREE                              00000004
MPASM 5.87                    EJERCICIO2.ASM   10-10-2021  22:30:18         PAGE 17


SYMBOL TABLE
  LABEL                             VALUE 

FRM0                              00000000
FRM1                              00000001
FRM10                             00000002
FRM2                              00000002
FRM3                              00000003
FRM4                              00000004
FRM5                              00000005
FRM6                              00000006
FRM7                              00000007
FRM8                              00000000
FRM9                              00000001
FSEN                              00000002
FSR0                              00000000
FSR0H                             00000FEA
FSR0L                             00000FE9
FSR1                              00000001
FSR1H                             00000FE2
FSR1L                             00000FE1
FSR2                              00000002
FSR2H                             00000FDA
FSR2L                             00000FD9
FVREN                             00000007
FVRS0                             00000004
FVRS1                             00000005
FVRST                             00000006
GATO_RETURN                       00000284
GCEN                              00000007
GIE                               00000007
GIEH                              00000007
GIEL                              00000006
GIE_GIEH                          00000007
GO                                00000001
GO_NOT_DONE                       00000001
HFIOFR                            00000001
HFIOFS                            00000002
HLVDCON                           00000F9C
HLVDEN                            00000004
HLVDIE                            00000002
HLVDIF                            00000002
HLVDIN                            00000005
HLVDIP                            00000002
HLVDL0                            00000000
HLVDL1                            00000001
HLVDL2                            00000002
HLVDL3                            00000003
IDISSEN                           00000001
IDLEIE                            00000004
IDLEIF                            00000004
IDLEN                             00000007
INDF0                             00000FEF
INDF1                             00000FE7
INDF2                             00000FDF
INSTRUCTION_WRITE                 0000033E
MPASM 5.87                    EJERCICIO2.ASM   10-10-2021  22:30:18         PAGE 18


SYMBOL TABLE
  LABEL                             VALUE 

INT0                              00000000
INT0E                             00000004
INT0F                             00000001
INT0IE                            00000004
INT0IF                            00000001
INT1                              00000001
INT1E                             00000003
INT1F                             00000000
INT1IE                            00000003
INT1IF                            00000000
INT1IP                            00000006
INT1P                             00000006
INT2                              00000002
INT2E                             00000004
INT2F                             00000001
INT2IE                            00000004
INT2IF                            00000001
INT2IP                            00000007
INT2P                             00000007
INTCON                            00000FF2
INTCON2                           00000FF1
INTCON3                           00000FF0
INTEDG0                           00000006
INTEDG1                           00000005
INTEDG2                           00000004
INTSRC                            00000005
IOCB                              00000F86
IOCB4                             00000004
IOCB5                             00000005
IOCB6                             00000006
IOCB7                             00000007
IOCC                              00000F87
IOCC0                             00000000
IOCC1                             00000001
IOCC2                             00000002
IOCC4                             00000004
IOCC5                             00000005
IOCC6                             00000006
IOCC7                             00000007
IOCIE                             00000003
IOCIF                             00000000
IOCIP                             00000000
IPEN                              00000007
IPR1                              00000F9F
IPR2                              00000FA2
IPR3                              00000FA5
IRCF0                             00000004
IRCF1                             00000005
IRCF2                             00000006
IRNG0                             00000000
IRNG1                             00000001
IRVST                             00000005
ITRIM0                            00000002
MPASM 5.87                    EJERCICIO2.ASM   10-10-2021  22:30:18         PAGE 19


SYMBOL TABLE
  LABEL                             VALUE 

ITRIM1                            00000003
ITRIM2                            00000004
ITRIM3                            00000005
ITRIM4                            00000006
ITRIM5                            00000007
LATA                              00000F89
LATA0                             00000000
LATA1                             00000001
LATA2                             00000002
LATA3                             00000003
LATA4                             00000004
LATA5                             00000005
LATA6                             00000006
LATA7                             00000007
LATB                              00000F8A
LATB0                             00000000
LATB1                             00000001
LATB2                             00000002
LATB3                             00000003
LATB4                             00000004
LATB5                             00000005
LATB6                             00000006
LATB7                             00000007
LATC                              00000F8B
LATC0                             00000000
LATC1                             00000001
LATC2                             00000002
LATC4                             00000004
LATC5                             00000005
LATC6                             00000006
LATC7                             00000007
LATD                              00000F8C
LATD0                             00000000
LATD1                             00000001
LATD2                             00000002
LATD3                             00000003
LATD4                             00000004
LATD5                             00000005
LATD6                             00000006
LATD7                             00000007
LATE                              00000F8D
LATE0                             00000000
LATE1                             00000001
LATE2                             00000002
LCD_CONFIGURATION                 0000005C
LFIOFS                            00000000
LOOP1                             00000392
LVDIE                             00000002
LVDIF                             00000002
LVDIN                             00000005
LVDIP                             00000002
MC1OUT                            00000007
MC2OUT                            00000006
MPASM 5.87                    EJERCICIO2.ASM   10-10-2021  22:30:18         PAGE 20


SYMBOL TABLE
  LABEL                             VALUE 

MSSP1MD                           00000006
MSSPMD                            00000006
MULTIPLICACION                    000002C6
N                                 00000004
NEGATIVO                          000002BC
NOT_BOR                           00000000
NOT_DONE                          00000001
NOT_PD                            00000002
NOT_POR                           00000001
NOT_RBPU                          00000007
NOT_RI                            00000004
NOT_T1DONE                        00000003
NOT_T1SYNC                        00000002
NOT_T3DONE                        00000003
NOT_T3SYNC                        00000002
NOT_TO                            00000003
NUEVE                             000001F8
NUM1                              00000010
NUM2                              00000011
NUMERO1                           0000007A
NUMERO2                           00000094
NVCFG0                            00000000
NVCFG1                            00000001
OCHO                              000001E4
OERR                              00000001
OESPP                             00000002
ON                                00000007
OP                                00000012
OPERACION                         00000019
OPERACIONES                       000000BC
OSC2                              00000006
OSCCON                            00000FD3
OSCCON2                           00000FD2
OSCFIE                            00000007
OSCFIF                            00000007
OSCFIP                            00000007
OSCTUNE                           00000F9B
OSTS                              00000003
OV                                00000003
P                                 00000004
P1A                               00000002
P1M0                              00000006
P1M1                              00000007
P1RSEN                            00000007
PC                                00000FF9
PCIE                              00000006
PCL                               00000FF9
PCLATH                            00000FFA
PCLATU                            00000FFB
PD                                00000002
PDC0                              00000000
PDC1                              00000001
PDC2                              00000002
MPASM 5.87                    EJERCICIO2.ASM   10-10-2021  22:30:18         PAGE 21


SYMBOL TABLE
  LABEL                             VALUE 

PDC3                              00000003
PDC4                              00000004
PDC5                              00000005
PDC6                              00000006
PEIE                              00000006
PEIE_GIEL                         00000006
PEN                               00000002
PGC                               00000006
PGD                               00000007
PGM                               00000005
PIDEE                             00000000
PIDEF                             00000000
PIE1                              00000F9D
PIE2                              00000FA0
PIE3                              00000FA3
PIR1                              00000F9E
PIR2                              00000FA1
PIR3                              00000FA4
PKTDIS                            00000004
PLLEN                             00000004
PLLRDY                            00000007
PLUSW0                            00000FEB
PLUSW1                            00000FE3
PLUSW2                            00000FDB
PMD0                              00000F7E
PMD1                              00000F7F
POR                               00000001
PORTA                             00000F80
PORTB                             00000F81
PORTC                             00000F82
PORTD                             00000F83
PORTE                             00000F84
POSTDEC0                          00000FED
POSTDEC1                          00000FE5
POSTDEC2                          00000FDD
POSTINC0                          00000FEE
POSTINC1                          00000FE6
POSTINC2                          00000FDE
PPB0                              00000000
PPB1                              00000001
PPBI                              00000001
PPBRST                            00000006
PR1SEN                            00000007
PR2                               00000FBB
PREINC0                           00000FEC
PREINC1                           00000FE4
PREINC2                           00000FDC
PRISD                             00000002
PROD                              00000FF3
PRODH                             00000FF4
PRODL                             00000FF3
PSA                               00000003
PSS1AC0                           00000002
MPASM 5.87                    EJERCICIO2.ASM   10-10-2021  22:30:18         PAGE 22


SYMBOL TABLE
  LABEL                             VALUE 

PSS1AC1                           00000003
PSS1BD0                           00000000
PSS1BD1                           00000001
PSSAC0                            00000002
PSSAC1                            00000003
PSSBD0                            00000000
PSSBD1                            00000001
PSTR1CON                          00000FB9
PVCFG0                            00000002
PVCFG1                            00000003
PWM1CON                           00000FB7
RA0                               00000000
RA1                               00000001
RA2                               00000002
RA3                               00000003
RA4                               00000004
RA5                               00000005
RA6                               00000006
RA7                               00000007
RB0                               00000000
RB1                               00000001
RB2                               00000002
RB3                               00000003
RB4                               00000004
RB5                               00000005
RB6                               00000006
RB7                               00000007
RBPU                              00000007
RC0                               00000000
RC1                               00000001
RC1IE                             00000005
RC1IF                             00000005
RC1IP                             00000005
RC2                               00000002
RC4                               00000004
RC5                               00000005
RC6                               00000006
RC7                               00000007
RCEN                              00000003
RCIDL                             00000006
RCIE                              00000005
RCIF                              00000005
RCIP                              00000005
RCMT                              00000006
RCON                              00000FD0
RCREG                             00000FAE
RCREG1                            00000FAE
RCSTA                             00000FAB
RCSTA1                            00000FAB
RD                                00000000
RD0                               00000000
RD1                               00000001
RD16                              00000001
MPASM 5.87                    EJERCICIO2.ASM   10-10-2021  22:30:18         PAGE 23


SYMBOL TABLE
  LABEL                             VALUE 

RD2                               00000002
RD3                               00000003
RD4                               00000004
RD5                               00000005
RD6                               00000006
RD7                               00000007
RE0                               00000000
RE1                               00000001
RE2                               00000002
RE3                               00000003
RECORRIDO                         000000E4
REGRESA                           0000036E
RESTA                             000002AC
RESUME                            00000002
RI                                00000004
RS                                LATC, 0, A
RSEN                              00000001
RW                                LATC, 1, A
RX                                00000007
RX9                               00000006
RX9D                              00000000
RXDTP                             00000005
R_NOT_W                           00000002
S                                 00000003
SBCDE                             00000002
SBOREN                            00000006
SCIE                              00000005
SCKP                              00000004
SCS0                              00000000
SCS1                              00000001
SDAHT                             00000003
SE0                               00000005
SEIS                              000001BC
SEN                               00000000
SENDB                             00000003
SEND_DATA                         00000356
SIDL                              00000005
SIETE                             000001D0
SLRA                              00000000
SLRB                              00000001
SLRC                              00000002
SLRCON                            00000F7A
SLRD                              00000003
SLRE                              00000004
SMP                               00000007
SOFIE                             00000006
SOFIF                             00000006
SOSCEN                            00000003
SOSCGO                            00000003
SOSCRUN                           00000006
SP0                               00000000
SP1                               00000001
SP2                               00000002
MPASM 5.87                    EJERCICIO2.ASM   10-10-2021  22:30:18         PAGE 24


SYMBOL TABLE
  LABEL                             VALUE 

SP3                               00000003
SP4                               00000004
SPBRG                             00000FAF
SPBRG1                            00000FAF
SPBRGH                            00000FB0
SPBRGH1                           00000FB0
SPEN                              00000007
SPLLMULT                          00000007
SPP0                              00000000
SPP1                              00000001
SPP2                              00000002
SPP3                              00000003
SPP4                              00000004
SPP5                              00000005
SPP6                              00000006
SPP7                              00000007
SRCLK0                            00000004
SRCLK1                            00000005
SRCLK2                            00000006
SRCON0                            00000F58
SRCON1                            00000F57
SREN                              00000005
SRLEN                             00000007
SRNQEN                            00000002
SRPR                              00000000
SRPS                              00000001
SRQEN                             00000003
SRRC1E                            00000000
SRRC2E                            00000001
SRRCKE                            00000002
SRRPE                             00000003
SRSC1E                            00000004
SRSC2E                            00000005
SRSCKE                            00000006
SRSPE                             00000007
SSP1ADD                           00000FC8
SSP1ADD0                          00000000
SSP1ADD1                          00000001
SSP1ADD2                          00000002
SSP1ADD3                          00000003
SSP1ADD4                          00000004
SSP1ADD5                          00000005
SSP1ADD6                          00000006
SSP1ADD7                          00000007
SSP1BUF                           00000FC9
SSP1CON1                          00000FC6
SSP1CON2                          00000FC5
SSP1CON3                          00000FCB
SSP1IE                            00000003
SSP1IF                            00000003
SSP1IP                            00000003
SSP1MD                            00000006
SSP1MSK                           00000FCA
MPASM 5.87                    EJERCICIO2.ASM   10-10-2021  22:30:18         PAGE 25


SYMBOL TABLE
  LABEL                             VALUE 

SSP1MSK0                          00000000
SSP1MSK1                          00000001
SSP1MSK2                          00000002
SSP1MSK3                          00000003
SSP1MSK4                          00000004
SSP1MSK5                          00000005
SSP1MSK6                          00000006
SSP1MSK7                          00000007
SSP1STAT                          00000FC7
SSPADD                            00000FC8
SSPBUF                            00000FC9
SSPCON                            00000FC6
SSPCON1                           00000FC6
SSPCON2                           00000FC5
SSPCON3                           00000FCB
SSPEN                             00000005
SSPIE                             00000003
SSPIF                             00000003
SSPIP                             00000003
SSPM0                             00000000
SSPM1                             00000001
SSPM2                             00000002
SSPM3                             00000003
SSPMSK                            00000FCA
SSPOV                             00000006
SSPSTAT                           00000FC7
STALLIE                           00000005
STALLIF                           00000005
STATUS                            00000FD8
STCON                             00000FB5
STEN                              00000007
STIE                              00000007
STIF                              00000007
STIP                              00000007
STKFUL                            00000007
STKOVF                            00000007
STKPTR                            00000FFC
STKUNF                            00000006
STLOCK                            00000003
STMD                              00000004
STOR                              00000001
STR1A                             00000000
STR1B                             00000001
STR1C                             00000002
STR1D                             00000003
STR1SYNC                          00000004
STRA                              00000000
STRB                              00000001
STRC                              00000002
STRD                              00000003
STRSYNC                           00000004
STSRC                             00000004
STUD                              00000006
MPASM 5.87                    EJERCICIO2.ASM   10-10-2021  22:30:18         PAGE 26


SYMBOL TABLE
  LABEL                             VALUE 

SUMA                              000002A4
SUSPND                            00000001
SWDTE                             00000000
SWDTEN                            00000000
SYNC                              00000004
T08BIT                            00000006
T0CKI                             00000004
T0CON                             00000FD5
T0CS                              00000005
T0IE                              00000005
T0IF                              00000002
T0IP                              00000002
T0PS0                             00000000
T0PS1                             00000001
T0PS2                             00000002
T0SE                              00000004
T13CKI                            00000000
T1CKPS0                           00000004
T1CKPS1                           00000005
T1CON                             00000FCD
T1DONE                            00000003
T1GCON                            00000FCC
T1GGO                             00000003
T1GGO_NOT_DONE                    00000003
T1GGO_NOT_T1DONE                  00000003
T1GPOL                            00000006
T1GSPM                            00000004
T1GSS0                            00000000
T1GSS1                            00000001
T1GTM                             00000005
T1GVAL                            00000002
T1OSCEN                           00000003
T1OSI                             00000001
T1OSO                             00000000
T1RD16                            00000001
T1SOSCEN                          00000003
T1SYNC                            00000002
T2CKPS0                           00000000
T2CKPS1                           00000001
T2CON                             00000FBA
T2OUTPS0                          00000003
T2OUTPS1                          00000004
T2OUTPS2                          00000005
T2OUTPS3                          00000006
T3CKPS0                           00000004
T3CKPS1                           00000005
T3CON                             00000FB1
T3DONE                            00000003
T3GCON                            00000FB4
T3GGO                             00000003
T3GGO_NOT_DONE                    00000003
T3GGO_NOT_T3DONE                  00000003
T3GPOL                            00000006
MPASM 5.87                    EJERCICIO2.ASM   10-10-2021  22:30:18         PAGE 27


SYMBOL TABLE
  LABEL                             VALUE 

T3GSPM                            00000004
T3GSS0                            00000000
T3GSS1                            00000001
T3GTM                             00000005
T3GVAL                            00000002
T3OSCEN                           00000003
T3RD16                            00000001
T3SOSCEN                          00000003
T3SYNC                            00000002
TABLAT                            00000FF5
TBLPTR                            00000FF6
TBLPTRH                           00000FF7
TBLPTRL                           00000FF6
TBLPTRU                           00000FF8
TEMP                              00000013
TEMP2                             00000014
TGEN                              00000004
TMR0                              00000FD6
TMR0H                             00000FD7
TMR0IE                            00000005
TMR0IF                            00000002
TMR0IP                            00000002
TMR0L                             00000FD6
TMR0ON                            00000007
TMR1                              00000FCE
TMR1CS0                           00000006
TMR1CS1                           00000007
TMR1GE                            00000007
TMR1GIE                           00000000
TMR1GIF                           00000000
TMR1GIP                           00000000
TMR1H                             00000FCF
TMR1IE                            00000000
TMR1IF                            00000000
TMR1IP                            00000000
TMR1L                             00000FCE
TMR1MD                            00000000
TMR1ON                            00000000
TMR2                              00000FBC
TMR2IE                            00000001
TMR2IF                            00000001
TMR2IP                            00000001
TMR2MD                            00000001
TMR2ON                            00000002
TMR3                              00000FB2
TMR3CS0                           00000006
TMR3CS1                           00000007
TMR3GE                            00000007
TMR3GIE                           00000001
TMR3GIF                           00000001
TMR3GIP                           00000001
TMR3H                             00000FB3
TMR3IE                            00000001
MPASM 5.87                    EJERCICIO2.ASM   10-10-2021  22:30:18         PAGE 28


SYMBOL TABLE
  LABEL                             VALUE 

TMR3IF                            00000001
TMR3IP                            00000001
TMR3L                             00000FB2
TMR3MD                            00000002
TMR3ON                            00000000
TO                                00000003
TOS                               00000FFD
TOSH                              00000FFE
TOSL                              00000FFD
TOSU                              00000FFF
TRES                              00000180
TRIGEN                            00000000
TRIGSEL                           00000007
TRISA                             00000F92
TRISA0                            00000000
TRISA1                            00000001
TRISA2                            00000002
TRISA3                            00000003
TRISA4                            00000004
TRISA5                            00000005
TRISA6                            00000006
TRISA7                            00000007
TRISB                             00000F93
TRISB0                            00000000
TRISB1                            00000001
TRISB2                            00000002
TRISB3                            00000003
TRISB4                            00000004
TRISB5                            00000005
TRISB6                            00000006
TRISB7                            00000007
TRISC                             00000F94
TRISC0                            00000000
TRISC1                            00000001
TRISC2                            00000002
TRISC4                            00000004
TRISC5                            00000005
TRISC6                            00000006
TRISC7                            00000007
TRISD                             00000F95
TRISD0                            00000000
TRISD1                            00000001
TRISD2                            00000002
TRISD3                            00000003
TRISD4                            00000004
TRISD5                            00000005
TRISD6                            00000006
TRISD7                            00000007
TRISE                             00000F96
TRISE0                            00000000
TRISE1                            00000001
TRISE2                            00000002
TRMT                              00000001
MPASM 5.87                    EJERCICIO2.ASM   10-10-2021  22:30:18         PAGE 29


SYMBOL TABLE
  LABEL                             VALUE 

TRNIE                             00000003
TRNIF                             00000003
TSEN                              00000003
TSRNG                             00000002
TUN0                              00000000
TUN1                              00000001
TUN2                              00000002
TUN3                              00000003
TUN4                              00000004
TUN5                              00000005
TUN6                              00000006
TX                                00000006
TX1IE                             00000004
TX1IF                             00000004
TX1IP                             00000004
TX9                               00000006
TX9D                              00000000
TXCKP                             00000004
TXEN                              00000005
TXIE                              00000004
TXIF                              00000004
TXIP                              00000004
TXREG                             00000FAD
TXREG1                            00000FAD
TXSTA                             00000FAC
TXSTA1                            00000FAC
UA                                00000001
UADDR                             00000F63
UART1MD                           00000006
UARTMD                            00000006
UCFG                              00000F62
UCON                              00000F60
UEIE                              00000F66
UEIR                              00000F67
UEP0                              00000F6A
UEP1                              00000F6B
UEP10                             00000F74
UEP11                             00000F75
UEP12                             00000F76
UEP13                             00000F77
UEP14                             00000F78
UEP15                             00000F79
UEP2                              00000F6C
UEP3                              00000F6D
UEP4                              00000F6E
UEP5                              00000F6F
UEP6                              00000F70
UEP7                              00000F71
UEP8                              00000F72
UEP9                              00000F73
UERRIE                            00000001
UERRIF                            00000001
UFRM                              00000F68
MPASM 5.87                    EJERCICIO2.ASM   10-10-2021  22:30:18         PAGE 30


SYMBOL TABLE
  LABEL                             VALUE 

UFRMH                             00000F69
UFRML                             00000F68
UIE                               00000F64
UIR                               00000F65
UNIDADES                          00000018
UNO                               00000158
UOEMON                            00000006
UPUEN                             00000004
URSTIE                            00000000
URSTIF                            00000000
USBEN                             00000003
USBIE                             00000002
USBIF                             00000002
USBIP                             00000002
USBMD                             00000005
USTAT                             00000F61
UTEYE                             00000007
UTRDIS                            00000003
VDIRMAG                           00000007
VREFCON0                          00000F7D
VREFCON1                          00000F7C
VREFCON2                          00000F7B
VREFM                             00000002
VREFP                             00000003
VREGCON                           00000F5A
W                                 00000000
WCOL                              00000007
WDTCON                            00000FD1
WPUB                              00000F85
WPUB0                             00000000
WPUB1                             00000001
WPUB2                             00000002
WPUB3                             00000003
WPUB4                             00000004
WPUB5                             00000005
WPUB6                             00000006
WPUB7                             00000007
WPUE3                             00000007
WR                                00000001
WREG                              00000FE8
WREN                              00000002
WRERR                             00000003
WRITE_NUMBER                      00000332
WUE                               00000001
Z                                 00000002
_256                              00000023
_26                               00000024
_A_RETURN                         00000220
_BOREN_NOSLP_2L                   000000FD
_BOREN_OFF_2L                     000000F9
_BOREN_ON_2L                      000000FB
_BOREN_SBORDIS_2L                 000000FF
_BORV_190_2L                      000000FF
MPASM 5.87                    EJERCICIO2.ASM   10-10-2021  22:30:18         PAGE 31


SYMBOL TABLE
  LABEL                             VALUE 

_BORV_220_2L                      000000F7
_BORV_250_2L                      000000EF
_BORV_285_2L                      000000E7
_B_RETURN                         00000236
_CCP2MX_RB3_3H                    000000FE
_CCP2MX_RC1_3H                    000000FF
_CFGPLLEN_OFF_1L                  000000FD
_CFGPLLEN_ON_1L                   000000FF
_CONFIG1H                         00300001
_CONFIG1L                         00300000
_CONFIG2H                         00300003
_CONFIG2L                         00300002
_CONFIG3H                         00300005
_CONFIG4L                         00300006
_CONFIG5H                         00300009
_CONFIG5L                         00300008
_CONFIG6H                         0030000B
_CONFIG6L                         0030000A
_CONFIG7H                         0030000D
_CONFIG7L                         0030000C
_CP0_OFF_5L                       000000FF
_CP0_ON_5L                        000000FE
_CP1_OFF_5L                       000000FF
_CP1_ON_5L                        000000FD
_CP2_OFF_5L                       000000FF
_CP2_ON_5L                        000000FB
_CP3_OFF_5L                       000000FF
_CP3_ON_5L                        000000F7
_CPB_OFF_5H                       000000FF
_CPB_ON_5H                        000000BF
_CPD_OFF_5H                       000000FF
_CPD_ON_5H                        0000007F
_CPUDIV_CLKDIV2_1L                000000EF
_CPUDIV_CLKDIV3_1L                000000F7
_CPUDIV_CLKDIV6_1L                000000FF
_CPUDIV_NOCLKDIV_1L               000000E7
_C_RETURN                         0000024C
_DEBUG_OFF_4L                     000000FF
_DEBUG_ON_4L                      0000007F
_DEVID1                           003FFFFE
_DEVID2                           003FFFFF
_D_RETURN                         00000262
_EBTR0_OFF_7L                     000000FF
_EBTR0_ON_7L                      000000FE
_EBTR1_OFF_7L                     000000FF
_EBTR1_ON_7L                      000000FD
_EBTR2_OFF_7L                     000000FF
_EBTR2_ON_7L                      000000FB
_EBTR3_OFF_7L                     000000FF
_EBTR3_ON_7L                      000000F7
_EBTRB_OFF_7H                     000000FF
_EBTRB_ON_7H                      000000BF
_ERROR                            000002F2
MPASM 5.87                    EJERCICIO2.ASM   10-10-2021  22:30:18         PAGE 32


SYMBOL TABLE
  LABEL                             VALUE 

_FCMEN_OFF_1H                     000000BF
_FCMEN_ON_1H                      000000FF
_FOSC_ECHCLKO_1H                  000000F4
_FOSC_ECHIO_1H                    000000F5
_FOSC_ECLCLKO_1H                  000000FC
_FOSC_ECLIO_1H                    000000FD
_FOSC_ECMCLKO_1H                  000000FA
_FOSC_ECMIO_1H                    000000FB
_FOSC_HSH_1H                      000000F2
_FOSC_HSM_1H                      000000F3
_FOSC_INTOSCCLKO_1H               000000F9
_FOSC_INTOSCIO_1H                 000000F8
_FOSC_LP_1H                       000000F0
_FOSC_RCCLKO_1H                   000000F6
_FOSC_RCIO_1H                     000000F7
_FOSC_XT_1H                       000000F1
_ICPRT_OFF_4L                     000000DF
_ICPRT_ON_4L                      000000FF
_IDLOC0                           00200000
_IDLOC1                           00200001
_IDLOC2                           00200002
_IDLOC3                           00200003
_IDLOC4                           00200004
_IDLOC5                           00200005
_IDLOC6                           00200006
_IDLOC7                           00200007
_IESO_OFF_1H                      0000007F
_IESO_ON_1H                       000000FF
_LS48MHZ_SYS24X4_1L               000000DF
_LS48MHZ_SYS48X8_1L               000000FF
_LVP_OFF_4L                       000000FB
_LVP_ON_4L                        000000FF
_MCLRE_OFF_3H                     0000007F
_MCLRE_ON_3H                      000000FF
_PBADEN_OFF_3H                    000000FD
_PBADEN_ON_3H                     000000FF
_PCLKEN_OFF_1H                    000000DF
_PCLKEN_ON_1H                     000000FF
_PLLSEL_PLL3X_1L                  000000FF
_PLLSEL_PLL4X_1L                  000000FE
_SDOMX_RB3_3H                     000000FF
_SDOMX_RC7_3H                     000000BF
_STVREN_OFF_4L                    000000FE
_STVREN_ON_4L                     000000FF
_T3CMX_RB5_3H                     000000EF
_T3CMX_RC0_3H                     000000FF
_WDTEN_NOSLP_2H                   000000FD
_WDTEN_OFF_2H                     000000FC
_WDTEN_ON_2H                      000000FF
_WDTEN_SWON_2H                    000000FE
_WDTPS_1024_2H                    000000EB
_WDTPS_128_2H                     000000DF
_WDTPS_16384_2H                   000000FB
MPASM 5.87                    EJERCICIO2.ASM   10-10-2021  22:30:18         PAGE 33


SYMBOL TABLE
  LABEL                             VALUE 

_WDTPS_16_2H                      000000D3
_WDTPS_1_2H                       000000C3
_WDTPS_2048_2H                    000000EF
_WDTPS_256_2H                     000000E3
_WDTPS_2_2H                       000000C7
_WDTPS_32768_2H                   000000FF
_WDTPS_32_2H                      000000D7
_WDTPS_4096_2H                    000000F3
_WDTPS_4_2H                       000000CB
_WDTPS_512_2H                     000000E7
_WDTPS_64_2H                      000000DB
_WDTPS_8192_2H                    000000F7
_WDTPS_8_2H                       000000CF
_WRT0_OFF_6L                      000000FF
_WRT0_ON_6L                       000000FE
_WRT1_OFF_6L                      000000FF
_WRT1_ON_6L                       000000FD
_WRT2_OFF_6L                      000000FF
_WRT2_ON_6L                       000000FB
_WRT3_OFF_6L                      000000FF
_WRT3_ON_6L                       000000F7
_WRTB_OFF_6H                      000000FF
_WRTB_ON_6H                       000000BF
_WRTC_OFF_6H                      000000FF
_WRTC_ON_6H                       000000DF
_WRTD_OFF_6H                      000000FF
_WRTD_ON_6H                       0000007F
_XINST_OFF_4L                     000000BF
_XINST_ON_4L                      000000FF
__18F45K50                        00000001
__DEBUG                           
_nLPBOR_OFF_2L                    000000FF
_nLPBOR_ON_2L                     000000BF
_nPWRTEN_OFF_2L                   000000FF
_nPWRTEN_ON_2L                    000000FE
configFlag                        TRISD, 7, A
dataLCD                           LATD, A
delay100ms                        000003A0
delay100us                        0000037E
flag                              PORTD, 7, A
loop                              000002F8
loop1                             00000382
loop2                             000003A8
var1                              00000020
var2                              00000021
var3                              00000022

Errors   :     0
Warnings :     0 reported,     0 suppressed
Messages :     0 reported,     0 suppressed

