Error[113]   C:\MICROCHIPPROJECTS\PROYECTOFINAL.X\INICIALIZACION.ASM 81 : Symbol not previously defined (LOOP)
Error[138]   C:\MICROCHIPPROJECTS\PROYECTOFINAL.X\DELAYS.ASM 2 : Include files nested too deep
Error[116]   C:\MICROCHIPPROJECTS\PROYECTOFINAL.X\DELAYS.ASM 4 : Address label duplicated or different in second pass (DELAY_100us)
Error[116]   C:\MICROCHIPPROJECTS\PROYECTOFINAL.X\DELAYS.ASM 7 : Address label duplicated or different in second pass (loop1)
Error[116]   C:\MICROCHIPPROJECTS\PROYECTOFINAL.X\DELAYS.ASM 12 : Address label duplicated or different in second pass (DELAY_100ms)
Error[116]   C:\MICROCHIPPROJECTS\PROYECTOFINAL.X\DELAYS.ASM 17 : Address label duplicated or different in second pass (loop2)
Error[116]   C:\MICROCHIPPROJECTS\PROYECTOFINAL.X\DELAYS.ASM 24 : Address label duplicated or different in second pass (DELAY_20ms)
Error[116]   C:\MICROCHIPPROJECTS\PROYECTOFINAL.X\DELAYS.ASM 29 : Address label duplicated or different in second pass (LOOP1)
Error[116]   C:\MICROCHIPPROJECTS\PROYECTOFINAL.X\DELAYS.ASM 37 : Address label duplicated or different in second pass (TIMER_5s)
Error[116]   C:\MICROCHIPPROJECTS\PROYECTOFINAL.X\DELAYS.ASM 46 : Address label duplicated or different in second pass (espera)
Error[116]   C:\MICROCHIPPROJECTS\PROYECTOFINAL.X\DELAYS.ASM 55 : Address label duplicated or different in second pass (TIME_OUT)
Error[116]   C:\MICROCHIPPROJECTS\PROYECTOFINAL.X\DELAYS.ASM 58 : Address label duplicated or different in second pass (GAME_OVER)
Error[116]   C:\MICROCHIPPROJECTS\PROYECTOFINAL.X\DELAYS.ASM 60 : Address label duplicated or different in second pass (STOP)
Error[116]   C:\MICROCHIPPROJECTS\PROYECTOFINAL.X\DELAYS.ASM 68 : Address label duplicated or different in second pass (NIVEL_SUPERADO)
Error[116]   C:\MICROCHIPPROJECTS\PROYECTOFINAL.X\LCD_SUBRUTINAS.ASM 4 : Address label duplicated or different in second pass (INSTRUCTION_WRITE)
Error[116]   C:\MICROCHIPPROJECTS\PROYECTOFINAL.X\LCD_SUBRUTINAS.ASM 8 : Address label duplicated or different in second pass (DATA_WRITE)
Error[116]   C:\MICROCHIPPROJECTS\PROYECTOFINAL.X\LCD_SUBRUTINAS.ASM 12 : Address label duplicated or different in second pass (DATA_READ)
Error[116]   C:\MICROCHIPPROJECTS\PROYECTOFINAL.X\LCD_SUBRUTINAS.ASM 17 : Address label duplicated or different in second pass (SEND_DATA)
Error[116]   C:\MICROCHIPPROJECTS\PROYECTOFINAL.X\LCD_SUBRUTINAS.ASM 25 : Address label duplicated or different in second pass (ESPERA_LCD)
Error[116]   C:\MICROCHIPPROJECTS\PROYECTOFINAL.X\LCD_SUBRUTINAS.ASM 31 : Address label duplicated or different in second pass (REGRESA)
Error[116]   C:\MICROCHIPPROJECTS\PROYECTOFINAL.X\LCD_SUBRUTINAS.ASM 39 : Address label duplicated or different in second pass (CONFIGURE_LCD)
Error[116]   C:\MICROCHIPPROJECTS\PROYECTOFINAL.X\LCD_SUBRUTINAS.ASM 52 : Address label duplicated or different in second pass (SHOW_MAIN_MENU)
Error[113]   C:\MICROCHIPPROJECTS\PROYECTOFINAL.X\INICIALIZACION.ASM 742 : Symbol not previously defined (delay100us)
Error[113]   C:\MICROCHIPPROJECTS\PROYECTOFINAL.X\INICIALIZACION.ASM 743 : Symbol not previously defined (delay100us)
Error[113]   C:\MICROCHIPPROJECTS\PROYECTOFINAL.X\INICIALIZACION.ASM 752 : Symbol not previously defined (delay100us)
Error[113]   C:\MICROCHIPPROJECTS\PROYECTOFINAL.X\INICIALIZACION.ASM 753 : Symbol not previously defined (delay100us)
Error[113]   C:\MICROCHIPPROJECTS\PROYECTOFINAL.X\INICIALIZACION.ASM 797 : Symbol not previously defined (delay100us)
Error[113]   C:\MICROCHIPPROJECTS\PROYECTOFINAL.X\INICIALIZACION.ASM 806 : Symbol not previously defined (delay100us)
Error[113]   C:\MICROCHIPPROJECTS\PROYECTOFINAL.X\INICIALIZACION.ASM 816 : Symbol not previously defined (delay100us)
Error[113]   C:\MICROCHIPPROJECTS\PROYECTOFINAL.X\INICIALIZACION.ASM 825 : Symbol not previously defined (delay100us)
Error[113]   C:\MICROCHIPPROJECTS\PROYECTOFINAL.X\INICIALIZACION.ASM 834 : Symbol not previously defined (delay100us)
Error[113]   C:\MICROCHIPPROJECTS\PROYECTOFINAL.X\INICIALIZACION.ASM 843 : Symbol not previously defined (delay100us)
Error[113]   C:\MICROCHIPPROJECTS\PROYECTOFINAL.X\INICIALIZACION.ASM 852 : Symbol not previously defined (delay100us)
Error[113]   C:\MICROCHIPPROJECTS\PROYECTOFINAL.X\INICIALIZACION.ASM 861 : Symbol not previously defined (delay100us)
Error[113]   C:\MICROCHIPPROJECTS\PROYECTOFINAL.X\INICIALIZACION.ASM 870 : Symbol not previously defined (delay100us)
Error[113]   C:\MICROCHIPPROJECTS\PROYECTOFINAL.X\INICIALIZACION.ASM 879 : Symbol not previously defined (delay100us)
Error[113]   C:\MICROCHIPPROJECTS\PROYECTOFINAL.X\INICIALIZACION.ASM 888 : Symbol not previously defined (delay100us)
Error[113]   C:\MICROCHIPPROJECTS\PROY