Error[138]   C:\MICROCHIPPROJECTS\PROYECTOFINAL.X\INICIALIZACION.ASM 1 : Include files nested too deep
Error[113]   C:\MICROCHIPPROJECTS\PROYECTOFINAL.X\INICIALIZACION.ASM 59 : Symbol not previously defined (ANSELA)
Error[113]   C:\MICROCHIPPROJECTS\PROYECTOFINAL.X\INICIALIZACION.ASM 59 : Symbol not previously defined (BANKED)
Error[113]   C:\MICROCHIPPROJECTS\PROYECTOFINAL.X\INICIALIZACION.ASM 60 : Symbol not previously defined (ANSELB)
Error[113]   C:\MICROCHIPPROJECTS\PROYECTOFINAL.X\INICIALIZACION.ASM 60 : Symbol not previously defined (BANKED)
Error[113]   C:\MICROCHIPPROJECTS\PROYECTOFINAL.X\INICIALIZACION.ASM 61 : Symbol not previously defined (ANSELC)
Error[113]   C:\MICROCHIPPROJECTS\PROYECTOFINAL.X\INICIALIZACION.ASM 61 : Symbol not previously defined (BANKED)
Error[113]   C:\MICROCHIPPROJECTS\PROYECTOFINAL.X\INICIALIZACION.ASM 62 : Symbol not previously defined (ANSELD)
Error[113]   C:\MICROCHIPPROJECTS\PROYECTOFINAL.X\INICIALIZACION.ASM 62 : Symbol not previously defined (BANKED)
Error[113]   C:\MICROCHIPPROJECTS\PROYECTOFINAL.X\INICIALIZACION.ASM 63 : Symbol not previously defined (INTCON2)
Error[113]   C:\MICROCHIPPROJECTS\PROYECTOFINAL.X\INICIALIZACION.ASM 65 : Symbol not previously defined (TRISB)
Error[113]   C:\MICROCHIPPROJECTS\PROYECTOFINAL.X\INICIALIZACION.ASM 66 : Symbol not previously defined (WPUB)
Error[113]   C:\MICROCHIPPROJECTS\PROYECTOFINAL.X\INICIALIZACION.ASM 67 : Symbol not previously defined (TRISA)
Error[113]   C:\MICROCHIPPROJECTS\PROYECTOFINAL.X\INICIALIZACION.ASM 68 : Symbol not previously defined (TRISC)
Error[113]   C:\MICROCHIPPROJECTS\PROYECTOFINAL.X\INICIALIZACION.ASM 69 : Symbol not previously defined (TRISD)
Error[113]   C:\MICROCHIPPROJECTS\PROYECTOFINAL.X\INICIALIZACION.ASM 70 : Symbol not previously defined (LATA)
Error[113]   C:\MICROCHIPPROJECTS\PROYECTOFINAL.X\INICIALIZACION.ASM 71 : Symbol not previously defined (LATC)
Error[113]   C:\MICROCHIPPROJECTS\PROYECTOFINAL.X\INICIALIZACION.ASM 72 : Symbol not previously defined (LATD)
Error[113]   C:\MICROCHIPPROJECTS\PROYECTOFINAL.X\INICIALIZACION.ASM 73 : Symbol not previously defined (PR2)
Error[113]   C:\MICROCHIPPROJECTS\PROYECTOFINAL.X\INICIALIZACION.ASM 73 : Symbol not previously defined (A)
Error[113]   C:\MICROCHIPPROJECTS\PROYECTOFINAL.X\INICIALIZACION.ASM 75 : Symbol not previously defined (T2CON)
Error[113]   C:\MICROCHIPPROJECTS\PROYECTOFINAL.X\INICIALIZACION.ASM 77 : Symbol not previously defined (A)
Error[113]   C:\MICROCHIPPROJECTS\PROYECTOFINAL.X\INICIALIZACION.ASM 78 : Symbol not previously defined (A)
Error[113]   C:\MICROCHIPPROJECTS\PROYECTOFINAL.X\INICIALIZACION.ASM 79 : Symbol not previously defined (A)
Error[113]   C:\MICROCHIPPROJECTS\PROYECTOFINAL.X\INICIALIZACION.ASM 80 : Symbol not previously defined (A)
Error[113]   C:\MICROCHIPPROJECTS\PROYECTOFINAL.X\INICIALIZACION.ASM 81 : Symbol not previously defined (LOOP)
Error[113]   C:\MICROCHIPPROJECTS\PROYECTOFINAL.X\DELAYS.ASM 38 : Symbol not previously defined (T0CON)
Error[113]   C:\MICROCHIPPROJECTS\PROYECTOFINAL.X\DELAYS.ASM 38 : Symbol not previously defined (A)
Error[113]   C:\MICROCHIPPROJECTS\PROYECTOFINAL.X\DELAYS.ASM 40 : Symbol not previously defined (TMR0H)
Error[113]   C:\MICROCHIPPROJECTS\PROYECTOFINAL.X\DELAYS.ASM 40 : Symbol not previously defined (A)
Error[113]   C:\MICROCHIPPROJECTS\PROYECTOFINAL.X\DELAYS.ASM 42 : Symbol not previously defined (INTCON)
Error[113]   C:\MICROCHIPPROJECTS\PROYECTOFINAL.X\DELAYS.ASM 42 : Symbol not previously defined (A)
Error[113]   C:\MICROCHIPPROJECTS\PROYECTOFINAL.X\DELAYS.ASM 43 : Symbol not previously defined (TMR0L)
Error[113]   C:\MICROCHIPPROJECTS\PROYECTOFINAL.X\DELAYS.ASM 43 : Symbol not previously defined (A)
Error[113]   C:\MICROCHIPPROJECTS\PROYECTOFINAL.X\DELAYS.ASM 44 : Symbol not previously defined (T0CON)
Error[113]   C:\MICROCHIPPROJECTS\PROYECTOFINAL.X\DELAYS.ASM 44 : Symbol not previously defined (A)
Error[113]   C:\MICROCHIPPROJECTS\PROYECTOFINAL.X\DELAYS.ASM 46 : Symbol not previously defined (INTCON)
Error[113]   C:\MICROCHIPPROJECTS\PROYECTOFINAL.X\DELAYS.ASM 46 : Symbol not previously defined (A)
Error[113]   C:\MICROCHIPPROJECTS\PROYECTOFINAL.X\DELAYS.ASM 49 : Symbol not previously defined (A)
Error[113]   C:\MICROCHIPPROJECTS\PROYECTOFINAL.X\DELAYS.ASM 51 : Symbol not previously defined (A)
Error[113]   C:\MICROCHIPPROJECTS\PROYECTOFINAL.X\DELAYS.ASM 65 : Symbol not previously defined (A)
Error[113]   C:\MICROCHIPPROJECTS\PROYECTOFINAL.X\LCD_SUBRUTINAS.ASM 4 : Symbol not previously defined (LATC)
Error[113]   C:\MICROCHIPPROJECTS\PROYECTOFINAL.X\LCD_SUBRUTINAS.ASM 4 : Symbol not previously defined (A)
Error[113]   C:\MICROCHIPPROJECTS\PROYECTOFINAL.X\LCD_SUBRUTINAS.ASM 5 : Symbol not previously defined (LATC)
Error[113]   C:\MICROCHIPPROJECTS\PROYECTOFINAL.X\LCD_SUBRUTINAS.ASM 5 : Symbol not previously defined (A)
Error[113]   C:\MICROCHIPPROJECTS\PROYECTOFINAL.X\LCD_SUBRUTINAS.ASM 8 : Symbol not previously defined (LATC)
Error[113]   C:\MICROCHIPPROJECTS\PROYECTOFINAL.X\LCD_SUBRUTINAS.ASM 8 : Symbol not previously defined (A)
Error[113]   C:\MICROCHIPPROJECTS\PROYECTOFINAL.X\LCD_SUBRUTINAS.ASM 9 : Symbol not previously defined (LATC)
Error[113]   C:\MICROCHIPPROJECTS\PROYECTOFINAL.X\LCD_SUBRUTINAS.ASM 9 : Symbol not previously defined (A)
Error[113]   C:\MICROCHIPPROJECTS\PROYECTOFINAL.X\LCD_SUBRUTINAS.ASM 12 : Symbol not previously defined (LATC)
Error[113]   C:\MICROCHIPPROJECTS\PROYECTOFINAL.X\LCD_SUBRUTINAS.ASM 12 : Symbol not previously defined (A)
Error[113]   C:\MICROCHIPPROJECTS\PROYECTOFINAL.X\LCD_SUBRUTINAS.ASM 13 : Symbol not previously defined (LATC)
Error[113]   C:\MICROCHIPPROJECTS\PROYECTOFINAL.X\LCD_SUBRUTINAS.ASM 13 : Symbol not previously defined (A)
Error[113]   C:\MICROCHIPPROJECTS\PROYECTOFINAL.X\LCD_SUBRUTINAS.ASM 17 : Symbol not previously defined (LATC)
Error[113]   C:\MICROCHIPPROJECTS\PROYECTOFINAL.X\LCD_SUBRUTINAS.ASM 17 : Symbol not previously defined (A)
Error[113]   C:\MICROCHIPPROJECTS\PROYECTOFINAL.X\LCD_SUBRUTINAS.ASM 18 : Symbol not previously defined (LATD)
Error[113]   C:\MICROCHIPPROJECTS\PROYECTOFINAL.X\LCD_SUBRUTINAS.ASM 18 : Symbol not previously defined (A)
Error[113]   C:\MICROCHIPPROJECTS\PROYECTOFINAL.X\LCD_SUBRUTINAS.ASM 20 : Symbol not previously defined (LATC)
Error[113]   C:\MICROCHIPPROJECTS\PROYECTOFINAL.X\LCD_SUBRUTINAS.ASM 20 : Symbol not previously defined (A)
Error[113]   C:\MICROCHIPPROJECTS\PROYECTOFINAL.X\LCD_SUBRUTINAS.ASM 25 : Symbol not previously defined (TRISD)
Error[113]   C:\MICROCHIPPROJECTS\PROYECTOFINAL.X\LCD_SUBRUTINAS.ASM 25 : Symbol not previously defined (A)
Error[113]   C:\MICROCHIPPROJECTS\PROYECTOFINAL.X\LCD_SUBRUTINAS.ASM 26 : Symbol not previously defined (LATC)
Error[113]   C:\MICROCHIPPROJECTS\PROYECTOFINAL.X\LCD_SUBRUTINAS.ASM 26 : Symbol not previously defined (A)
Error[113]   C:\MICROCHIPPROJECTS\PROYECTOFINAL.X\LCD_SUBRUTINAS.ASM 27 : Symbol not previously defined (LATC)
Error[113]   C:\MICROCHIPPROJECTS\PROYECTOFINAL.X\LCD_SUBRUTINAS.ASM 27 : Symbol not previously defined (A)
Error[113]   C:\MICROCHIPPROJECTS\PROYECTOFINAL.X\LCD_SUBRUTINAS.ASM 28 : Symbol not previously defined (LATC)
Error[113]   C:\MICROCHIPPROJECTS\PROYECTOFINAL.X\LCD_SUBRUTINAS.ASM 28 : Symbol not previously defined (A)
Error[113]   C:\MICROCHIPPROJECTS\PROYECTOFINAL.X\LCD_SUBRUTINAS.ASM 32 : Symbol not previously defined (PORTD)
Error[113]   C:\MICROCHIPPROJECTS\PROYECTOFINAL.X\LCD_SUBRUTINAS.ASM 32 : Symbol not previously defined (A)
Error[113]   C:\MICROCHIPPROJECTS\PROYECTOFINAL.X\LCD_SUBRUTINAS.ASM 34 : Symbol not previously defined (LATC)
Error[113]   C:\MICROCHIPPROJECTS\PROYECTOFINAL.X\LCD_SUBRUTINAS.ASM 34 : Symbol not previously defined (A)
Error[113]   C:\MICROCHIPPROJECTS\PROYECTOFINAL.X\LCD_SUBRUTINAS.ASM 35 : Symbol not previously defined (TRISD)
Error[113]   C:\MICROCHIPPROJECTS\PROYECTOFINAL.X\LCD_SUBRUTINAS.ASM 35 : Symbol not previously defined (A)
Error[113]   C:\MICROCHIPPROJECTS\PROYECTOFINAL.X\LCD_SUBRUTINAS.ASM 39 : Symbol not previously defined (LATC)
Error[113]   C:\MICROCHIPPROJECTS\PROYECTOFINAL.X\LCD_SUBRUTINAS.ASM 39 : Symbol not previously defined (A)
Error[113]   C:\MICROCHIPPROJECTS\PROYECTOFINAL.X\LCD_SUBRUTINAS.ASM 63 : Symbol not previously defined (WREG)
Error[113]   C:\MICROCHIPPROJECTS\PROYECTOFINAL.X\LCD_SUBRUTINAS.ASM 63 : Symbol not previously defined (A)
Error[113]   C:\MICROCHIPPROJECTS\PROYECTOFINAL.X\LCD_SUBRUTINAS.ASM 75 : Symbol not previously defined (WREG)
Error[113]   C:\MICROCHIPPROJECTS\PROYECTOFINAL.X\LCD_SUBRUTINAS.ASM 75 : Symbol not previously defined (A)
Error[113]   C:\MICROCHIPPROJECTS\PROYECTOFINAL.X\LCD_SUBRUTINAS.ASM 89 : Symbol not previously defined (WREG)
Error[113]   C:\MICROCHIPPROJECTS\PROYECTOFINAL.X\LCD_SUBRUTINAS.ASM 89 : Symbol not previously defined (A)
Error[113]   C:\MICROCHIPPROJECTS\PROYECTOFINAL.X\LCD_SUBRUTINAS.ASM 103 : Symbol not previously defined (WREG)
Error[113]   C:\MICROCHIPPROJECTS\PROYECTOFINAL.X\LCD_SUBRUTINAS.ASM 103 : Symbol not previously defined (A)
Error[113]   C:\MICROCHIPPROJECTS\PROYECTOFINAL.X\LCD_SUBRUTINAS.ASM 117 : Symbol not previously defined (WREG)
Error[113]   C:\MICROCHIPPROJECTS\PROYECTOFINAL.X\LCD_SUBRUTINAS.ASM 117 : Symbol not previously defined (A)
Error[113]   C:\MICROCHIPPROJECTS\PROYECTOFINAL.X\LCD_CARACTERES.ASM 6 : Symbol not previously defined (WREG)
Error[113]   C:\MICROCHIPPROJECTS\PROYECTOFINAL.X\LCD_CARACTERES.ASM 6 : Symbol not previously defined (A)
Error[113]   C:\MICROCHIPPROJECTS\PROYECTOFINAL.X\LCD_CARACTERES.ASM 52 : Symbol not previously defined (WREG)
Error[113]   C:\MICROCHIPPROJECTS\PROYECTOFINAL.X\LCD_CARACTERES.ASM 52 : Symbol not previously defined (A)
Error[113]   C:\MICROCHIPPROJECTS\PROYECTOFINAL.X\LCD_CARACTERES.ASM 166 : Symbol not previously defined (WREG)
Error[113]   C:\MICROCHIPPROJECTS\PROYECTOFINAL.X\LCD_CARACTERES.ASM 166 : Symbol not previously defined (A)
Error[113]   C:\MICROCHIPPROJECTS\PROYECTOFINAL.X\LCD_CARACTERES.ASM 315 : Symbol not previously defined (WREG)
Error[113]   C:\MICROCHIPPROJECTS\PROYECTOFINAL.X\LCD_CARACTERES.ASM 315 : Symbol not previously defined (A)
Error[113]   C:\MICROCHIPPROJECTS\PROYECTOFINAL.X\LCD_CARACTERES.ASM 329 : Symbol not previously defined (WREG)
Error[113]   C:\MICROCHIPPROJECTS\PROYECTOFINAL.X\LCD_CARACTERES.ASM 329 : Symbol not previously defined (A)
Error[113]   C:\MICROCHIPPROJECTS\PROYECTOFINAL.X\LCD_CARACTERES.ASM 343 : Symbol not previously defined (WREG)
Error[113]   C:\MICROCHIPPROJECTS\PROYECTOFINAL.X\LCD_CARACTERES.ASM 343 : Symbol not previously defined (A)
Error[113]   C:\MICROCHIPPROJECTS\PROYECTOFINAL.X\LCD_CARACTERES.ASM 357 : Symbol not previously defined (WREG)
Error[113]   C:\MICROCHIPPROJECTS\PROYECTOFINAL.X\LCD_CARACTERES.ASM 357 : Symbol not previously defined (A)
Error[113]   C:\MICROCHIPPROJECTS\PROYECTOFINAL.X\LCD_CARACTERES.ASM 370 : Symbol not previously defined (WREG)
Error[113]   C:\MICROCHIPPROJECTS\PROYECTOFINAL.X\LCD_CARACTERES.ASM 370 : Symbol not previously defined (A)
Error[113]   C:\MICROCHIPPROJECTS\PROYECTOFINAL.X\LCD_CARACTERES.ASM 386 : Symbol not previously defined (WREG)
Error[113]   C:\MICROCHIPPROJECTS\PROYECTOFINAL.X\LCD_CARACTERES.ASM 386 : Symbol not previously defined (A)
Error[113]   C:\MICROCHIPPROJECTS\PROYECTOFINAL.X\LCD_CARACTERES.ASM 400 : Symbol not previously defined (WREG)
Error[113]   C:\MICROCHIPPROJECTS\PROYECTOFINAL.X\LCD_CARACTERES.ASM 400 : Symbol not previously defined (A)
Error[113]   C:\MICROCHIPPROJECTS\PROYECTOFINAL.X\LCD_CARACTERES.ASM 413 : Symbol not previously defined (WREG)
Error[113]   C:\MICROCHIPPROJECTS\PROYECTOFINAL.X\LCD_CARACTERES.ASM 413 : Symbol not previously defined (A)
Error[113]   C:\MICROCHIPPROJECTS\PROYECTOFINAL.X\LCD_CARACTERES.ASM 427 : Symbol not previously defined (WREG)
Error[113]   C:\MICROCHIPPROJECTS\PROYECTOFINAL.X\LCD_CARACTERES.ASM 427 : Symbol not previously defined (A)
Error[113]   C:\MICROCHIPPROJECTS\PROYECTOFINAL.X\LCD_CARACTERES.ASM 440 : Symbol not previously defined (WREG)
Error[113]   C:\MICROCHIPPROJECTS\PROYECTOFINAL.X\LCD_CARACTERES.ASM 440 : Symbol not previously defined (A)
Error[113]   C:\MICROCHIPPROJECTS\PROYECTOFINAL.X\LCD_CARACTERES.ASM 455 : Symbol not previously defined (A)
Error[113]   C:\MICROCHIPPROJECTS\PROYECTOFINAL.X\LCD_CARACTERES.ASM 458 : Symbol not previously defined (delay100us)
Error[113]   C:\MICROCHIPPROJECTS\PROYECTOFINAL.X\LCD_CARACTERES.ASM 459 : Symbol not previously defined (delay100us)
Error[113]   C:\MICROCHIPPROJECTS\PROYECTOFINAL.X\LCD_CARACTERES.ASM 462 : Symbol not previously defined (A)
Error[113]   C:\MICROCHIPPROJECTS\PROYECTOFINAL.X\LCD_CARACTERES.ASM 465 : Symbol not previously defined (A)
Error[113]   C:\MICROCHIPPROJECTS\PROYECTOFINAL.X\LCD_CARACTERES.ASM 468 : Symbol not previously defined (delay100us)
Error[113]   C:\MICROCHIPPROJECTS\PROYECTOFINAL.X\LCD_CARACTERES.ASM 469 : Symbol not previously defined (delay100us)
Error[113]   C:\MICROCHIPPROJECTS\PROYECTOFINAL.X\LCD_CARACTERES.ASM 472 : Symbol not previously defined (A)
Error[113]   C:\MICROCHIPPROJECTS\PROYECTOFINAL.X\LCD_CARACTERES.ASM 479 : Symbol not previously defined (WREG)
Error[113]   C:\MICROCHIPPROJECTS\PROYECTOFINAL.X\LCD_CARACTERES.ASM 479 : Symbol not previously defined (A)
Error[113]   C:\MICROCHIPPROJECTS\PROYECTOFINAL.X\LCD_CARACTERES.ASM 495 : Symbol not previously defined (WREG)
Error[113]   C:\MICROCHIPPROJECTS\PROYECTOFINAL.X\LCD_CARACTERES.ASM 495 : Symbol not previously defined (A)
Error[113]   C:\MICROCHIPPROJECTS\PROYECTOFINAL.X\LCD_CARACTERES.ASM 508 : Symbol not previously defined (WREG)
Error[113]   C:\MICROCHIPPROJECTS\PROYECTOFINAL.X\LCD_CARACTERES.ASM 508 : Symbol not previously defined (A)
Error[113]   C:\MICROCHIPPROJECTS\PROYECTOFINAL.X\LCD_CARACTERES.ASM 513 : Symbol not previously defined (delay100us)
Error[113]   C:\MICROCHIPPROJECTS\PROYECTOFINAL.X\LCD_CARACTERES.ASM 517 : Symbol not previously defined (WREG)
Error[113]   C:\MICROCHIPPROJECTS\PROYECTOFINAL.X\LCD_CARACTERES.ASM 517 : Symbol not previously defined (A)
Error[113]   C:\MICROCHIPPROJECTS\PROYECTOFINAL.X\LCD_CARACTERES.ASM 522 : Symbol not previously defined (delay100us)
Error[113]   C:\MICROCHIPPROJECTS\PROYECTOFINAL.X\LCD_CARACTERES.ASM 527 : Symbol not previously defined (WREG)
Error[113]   C:\MICROCHIPPROJECTS\PROYECTOFINAL.X\LCD_CARACTERES.ASM 527 : Symbol not previously defined (A)
Error[113]   C:\MICROCHIPPROJECTS\PROYECTOFINAL.X\LCD_CARACTERES.ASM 532 : Symbol not previously defined (delay100us)
Error[113]   C:\MICROCHIPPROJECTS\PROYECTOFINAL.X\LCD_CARACTERES.ASM 536 : Symbol not previously defined (WREG)
Error[113]   C:\MICROCHIPPROJECTS\PROYECTOFINAL.X\LCD_CARACTERES.ASM 536 : Symbol not previously defined (A)
Error[113]   C:\MICROCHIPPROJECTS\PROYECTOFINAL.X\LCD_CARACTERES.ASM 541 : Symbol not previously defined (delay100us)
Error[113]   C:\MICROCHIPPROJECTS\PROYECTOFINAL.X\LCD_CARACTERES.ASM 545 : Symbol not previously defined (WREG)
Error[113]   C:\MICROCHIPPROJECTS\PROYECTOFINAL.X\LCD_CARACTERES.ASM 545 : Symbol not previously defined (A)
Error[113]   C:\MICROCHIPPROJECTS\PROYECTOFINAL.X\LCD_CARACTERES.ASM 550 : Symbol not previously defined (delay100us)
Error[113]   C:\MICROCHIPPROJECTS\PROYECTOFINAL.X\LCD_CARACTERES.ASM 554 : Symbol not previously defined (WREG)
Error[113]   C:\MICROCHIPPROJECTS\PROYECTOFINAL.X\LCD_CARACTERES.ASM 554 : Symbol not previously defined (A)
Error[113]   C:\MICROCHIPPROJECTS\PROYECTOFINAL.X\LCD_CARACTERES.ASM 559 : Symbol not previously defined (delay100us)
Error[113]   C:\MICROCHIPPROJECTS\PROYECTOFINAL.X\LCD_CARACTERES.ASM 563 : Symbol not previously defined (WREG)
Error[113]   C:\MICROCHIPPROJECTS\PROYECTOFINAL.X\LCD_CARACTERES.ASM 563 : Symbol not previously defined (A)
Error[113]   C:\MICROCHIPPROJECTS\PROYECTOFINAL.X\LCD_CARACTERES.ASM 568 : Symbol not previously defined (delay100us)
Error[113]   C:\MICROCHIPPROJECTS\PROYECTOFINAL.X\LCD_CARACTERES.ASM 572 : Symbol not previously defined (WREG)
Error[113]   C:\MICROCHIPPROJECTS\PROYECTOFINAL.X\LCD_CARACTERES.ASM 572 : Symbol not previously defined (A)
Error[113]   C:\MICROCHIPPROJECTS\PROYECTOFINAL.X\LCD_CARACTERES.ASM 577 : Symbol not previously defined (delay100us)
Error[113]   C:\MICROCHIPPROJECTS\PROYECTOFINAL.X\LCD_CARACTERES.ASM 581 : Symbol not previously defined (WREG)
Error[113]   C:\MICROCHIPPROJECTS\PROYECTOFINAL.X\LCD_CARACTERES.ASM 581 : Symbol not previously defined (A)
Error[113]   C:\MICROCHIPPROJECTS\PROYECTOFINAL.X\LCD_CARACTERES.ASM 586 : Symbol not previously defined (delay100us)
Error[113]   C:\MICROCHIPPROJECTS\PROYECTOFINAL.X\LCD_CARACTERES.ASM 590 : Symbol not previously defined (WREG)
Error[113]   C:\MICROCHIPPROJECTS\PROYECTOFINAL.X\LCD_CARACTERES.ASM 590 : Symbol not previously defined (A)
Error[113]   C:\MICROCHIPPROJECTS\PROYECTOFINAL.X\LCD_CARACTERES.ASM 595 : Symbol not previously defined (delay100us)
Error[113]   C:\MICROCHIPPROJECTS\PROYECTOFINAL.X\LCD_CARACTERES.ASM 599 : Symbol not previously defined (WREG)
Error[113]   C:\MICROCHIPPROJECTS\PROYECTOFINAL.X\LCD_CARACTERES.ASM 599 : Symbol not previously defined (A)
Error[113]   C:\MICROCHIPPROJECTS\PROYECTOFINAL.X\LCD_CARACTERES.ASM 604 : Symbol not previously defined (delay100us)
Error[113]   C:\MICROCHIPPROJECTS\PROYECTOFINAL.X\LCD_CARACTERES.ASM 608 : Symbol not previously defined (WREG)
Error[113]   C:\MICROCHIPPROJECTS\PROYECTOFINAL.X\LCD_CARACTERES.ASM 608 : Symbol not previously defined (A)
Error[113]   C:\MICROCHIPPROJECTS\PROYECTOFINAL.X\LCD_CARACTERES.ASM 613 : Symbol not previously defined (delay100us)
Error[113]   C:\MICROCHIPPROJECTS\PROYECTOFINAL.X\LCD_CARACTERES.ASM 631 : Symbol not previously defined (WREG)
Error[113]   C:\MICROCHIPPROJECTS\PROYECTOFINAL.X\LCD_CARACTERES.ASM 631 : Symbol not previously defined (A)
Error[113]   C:\MICROCHIPPROJECTS\PROYECTOFINAL.X\LCD_CARACTERES.ASM 645 : Symbol not previously defined (WREG)
Error[113]   C:\MICROCHIPPROJECTS\PROYECTOFINAL.X\LCD_CARACTERES.ASM 645 : Symbol not previously defined (A)
Error[113]   C:\MICROCHIPPROJECTS\PROYECTOFINAL.X\LCD_CARACTERES.ASM 664 : Symbol not previously defined (WREG)
Error[113]   C:\MICROCHIPPROJECTS\PROYECTOFINAL.X\LCD_CARACTERES.ASM 664 : Symbol not previously defined (A)
Error[113]   C:\MICROCHIPPROJECTS\PROYECTOFINAL.X\LCD_CARACTERES.ASM 683 : Symbol not previously defined (A)
Error[113]   C:\MICROCHIPPROJECTS\PROYECTOFINAL.X\LCD_CARACTERES.ASM 703 : Symbol not previously defined (WREG)
Error[113]   C:\MICROCHIPPROJECTS\PROYECTOFINAL.X\LCD_CARACTERES.ASM 703 : Symbol not previously defined (A)
Error[113]   C:\MICROCHIPPROJECTS\PROYECTOFINAL.X\LCD_CARACTERES.ASM 719 : Symbol not previously defined (WREG)
Error[113]   C:\MICROCHIPPROJECTS\PROYECTOFINAL.X\LCD_CARACTERES.ASM 719 : Symbol not previously defined (A)
Error[113]   C:\MICROCHIPPROJECTS\PROYECTOFINAL.X\LCD_CARACTERES.ASM 729 : Symbol not previously defined (WREG)
Error[113]   C:\MICROCHIPPROJECTS\PROYECTOFINAL.X\LCD_CARACTERES.ASM 729 : Symbol not previously defined (A)
Error[113]   C:\MICROCHIPPROJECTS\PROYECTOFINAL.X\TECLADO_SUBRUTINAS.ASM 5 : Symbol not previously defined (LATB)
Error[113]   C:\MICROCHIPPROJECTS\PROYECTOFINAL.X\TECLADO_SUBRUTINAS.ASM 5 : Symbol not previously defined (A)
Error[113]   C:\MICROCHIPPROJECTS\PROYECTOFINAL.X\TECLADO_SUBRUTINAS.ASM 6 : Symbol not previously defined (PORTB)
Error[113]   C:\MICROCHIPPROJECTS\PROYECTOFINAL.X\TECLADO_SUBRUTINAS.ASM 6 : Symbol not previously defined (A)
Error[113]   C:\MICROCHIPPROJECTS\PROYECTOFINAL.X\TECLADO_SUBRUTINAS.ASM 8 : Symbol not previously defined (PORTB)
Error[113]   C:\MICROCHIPPROJECTS\PROYECTOFINAL.X\TECLADO_SUBRUTINAS.ASM 8 : Symbol not previously defined (A)
Error[113]   C:\MICROCHIPPROJECTS\PROYECTOFINAL.X\TECLADO_SUBRUTINAS.ASM 11 : Symbol not previously defined (LATB)
Error[113]   C:\MICROCHIPPROJECTS\PROYECTOFINAL.X\TECLADO_SUBRUTINAS.ASM 11 : Symbol not previously defined (A)
Error[113]   C:\MICROCHIPPROJECTS\PROYECTOFINAL.X\TECLADO_SUBRUTINAS.ASM 12 : Symbol not previously defined (PORTB)
Error[113]   C:\MICROCHIPPROJECTS\PROYECTOFINAL.X\TECLADO_SUBRUTINAS.ASM 12 : Symbol not previously defined (A)
Error[113]   C:\MICROCHIPPROJECTS\PROYECTOFINAL.X\TECLADO_SUBRUTINAS.ASM 14 : Symbol not previously defined (PORTB)
Error[113]   C:\MICROCHIPPROJECTS\PROYECTOFINAL.X\TECLADO_SUBRUTINAS.ASM 14 : Symbol not previously defined (A)
Error[113]   C:\MICROCHIPPROJECTS\PROYECTOFINAL.X\TECLADO_SUBRUTINAS.ASM 17 : Symbol not previously defined (LATB)
Error[113]   C:\MICROCHIPPROJECTS\PROYECTOFINAL.X\TECLADO_SUBRUTINAS.ASM 17 : Symbol not previously defined (A)
Error[113]   C:\MICROCHIPPROJECTS\PROYECTOFINAL.X\TECLADO_SUBRUTINAS.ASM 20 : Symbol not previously defined (PORTB)
Error[113]   C:\MICROCHIPPROJECTS\PROYECTOFINAL.X\TECLADO_SUBRUTINAS.ASM 20 : Symbol not previously defined (A)
Error[113]   C:\MICROCHIPPROJECTS\PROYECTOFINAL.X\TECLADO_SUBRUTINAS.ASM 25 : Symbol not previously defined (PORTB)
Error[113]   C:\MICROCHIPPROJECTS\PROYECTOFINAL.X\TECLADO_SUBRUTINAS.ASM 25 : Symbol not previously defined (A)
Error[113]   C:\MICROCHIPPROJECTS\PROYECTOFINAL.X\TECLADO_SUBRUTINAS.ASM 30 : Symbol not previously defined (A)
Error[113]   C:\MICROCHIPPROJECTS\PROYECTOFINAL.X\TECLADO_SUBRUTINAS.ASM 33 : Symbol not previously defined (LATA)
Error[113]   C:\MICROCHIPPROJECTS\PROYECTOFINAL.X\TECLADO_SUBRUTINAS.ASM 33 : Symbol not previously defined (A)
Error[113]   C:\MICROCHIPPROJECTS\PROYECTOFINAL.X\TECLADO_SUBRUTINAS.ASM 34 : Symbol not previously defined (PORTB)
Error[113]   C:\MICROCHIPPROJECTS\PROYECTOFINAL.X\TECLADO_SUBRUTINAS.ASM 34 : Symbol not previously defined (A)
Error[113]   C:\MICROCHIPPROJECTS\PROYECTOFINAL.X\TECLADO_SUBRUTINAS.ASM 36 : Symbol not previously defined (LATA)
Error[113]   C:\MICROCHIPPROJECTS\PROYECTOFINAL.X\TECLADO_SUBRUTINAS.ASM 36 : Symbol not previously defined (A)
Error[113]   C:\MICROCHIPPROJECTS\PROYECTOFINAL.X\TECLADO_SUBRUTINAS.ASM 38 : Symbol not previously defined (A)
Error[113]   C:\MICROCHIPPROJECTS\PROYECTOFINAL.X\TECLADO_SUBRUTINAS.ASM 43 : Symbol not previously defined (LATA)
Error[113]   C:\MICROCHIPPROJECTS\PROYECTOFINAL.X\TECLADO_SUBRUTINAS.ASM 43 : Symbol not previously defined (A)
Error[113]   C:\MICROCHIPPROJECTS\PROYECTOFINAL.X\TECLADO_SUBRUTINAS.ASM 44 : Symbol not previously defined (PORTB)
Error[113]   C:\MICROCHIPPROJECTS\PROYECTOFINAL.X\TECLADO_SUBRUTINAS.ASM 44 : Symbol not previously defined (A)
Error[113]   C:\MICROCHIPPROJECTS\PROYECTOFINAL.X\TECLADO_SUBRUTINAS.ASM 46 : Symbol not previously defined (LATA)
Error[113]   C:\MICROCHIPPROJECTS\PROYECTOFINAL.X\TECLADO_SUBRUTINAS.ASM 46 : Symbol not previously defined (A)
Error[113]   C:\MICROCHIPPROJECTS\PROYECTOFINAL.X\TECLADO_SUBRUTINAS.ASM 48 : Symbol not previously defined (A)
Error[113]   C:\MICROCHIPPROJECTS\PROYECTOFINAL.X\TECLADO_SUBRUTINAS.ASM 53 : Symbol not previously defined (LATA)
Error[113]   C:\MICROCHIPPROJECTS\PROYECTOFINAL.X\TECLADO_SUBRUTINAS.ASM 53 : Symbol not previously defined (A)
Error[113]   C:\MICROCHIPPROJECTS\PROYECTOFINAL.X\TECLADO_SUBRUTINAS.ASM 54 : Symbol not previously defined (PORTB)
Error[113]   C:\MICROCHIPPROJECTS\PROYECTOFINAL.X\TECLADO_SUBRUTINAS.ASM 54 : Symbol not previously defined (A)
Error[113]   C:\MICROCHIPPROJECTS\PROYECTOFINAL.X\TECLADO_SUBRUTINAS.ASM 56 : Symbol not previously defined (LATA)
Error[113]   C:\MICROCHIPPROJECTS\PROYECTOFINAL.X\TECLADO_SUBRUTINAS.ASM 56 : Symbol not previously defined (A)
Error[113]   C:\MICROCHIPPROJECTS\PROYECTOFINAL.X\TECLADO_SUBRUTINAS.ASM 58 : Symbol not previously defined (A)
Error[113]   C:\MICROCHIPPROJECTS\PROYECTOFINAL.X\TECLADO_SUBRUTINAS.ASM 68 : Symbol not previously defined (LATA)
Error[113]   C:\MICROCHIPPROJECTS\PROYECTOFINAL.X\TECLADO_SUBRUTINAS.ASM 68 : Symbol not previously defined (A)
Error[113]   C:\MICROCHIPPROJECTS\PROYECTOFINAL.X\TECLADO_SUBRUTINAS.ASM 69 : Symbol not previously defined (PORTB)
Error[113]   C:\MICROCHIPPROJECTS\PROYECTOFINAL.X\TECLADO_SUBRUTINAS.ASM 69 : Symbol not previously defined (A)
Error[113]   C:\MICROCHIPPROJECTS\PROYECTOFINAL.X\TECLADO_SUBRUTINAS.ASM 71 : Symbol not previously defined (LATA)
Error[113]   C:\MICROCHIPPROJECTS\PROYECTOFINAL.X\TECLADO_SUBRUTINAS.ASM 71 : Symbol not previously defined (A)
Error[113]   C:\MICROCHIPPROJECTS\PROYECTOFINAL.X\TECLADO_SUBRUTINAS.ASM 73 : Symbol not previously defined (A)
Error[113]   C:\MICROCHIPPROJECTS\PROYECTOFINAL.X\TECLADO_SUBRUTINAS.ASM 82 : Symbol not previously defined (A)
Error[113]   C:\MICROCHIPPROJECTS\PROYECTOFINAL.X\TECLADO_SUBRUTINAS.ASM 83 : Symbol not previously defined (A)
Error[113]   C:\MICROCHIPPROJECTS\PROYECTOFINAL.X\TECLADO_SUBRUTINAS.ASM 84 : Symbol not previously defined (WREG)
Error[113]   C:\MICROCHIPPROJECTS\PROYECTOFINAL.X\TECLADO_SUBRUTINAS.ASM 84 : Symbol not previously defined (A)
Error[113]   C:\MICROCHIPPROJECTS\PROYECTOFINAL.X\TECLADO_SUBRUTINAS.ASM 85 : Symbol not previously defined (Z)
Error[113]   C:\MICROCHIPPROJECTS\PROYECTOFINAL.X\TECLADO_SUBRUTINAS.ASM 85 : Symbol not previously defined (STATUS)
Error[113]   C:\MICROCHIPPROJECTS\PROYECTOFINAL.X\TECLADO_SUBRUTINAS.ASM 85 : Symbol not previously defined (A)
Error[113]   C:\MICROCHIPPROJECTS\PROYECTOFINAL.X\TECLADO_SUBRUTINAS.ASM 86 : Symbol not previously defined (A)
Error[113]   C:\MICROCHIPPROJECTS\PROYECTOFINAL.X\TECLADO_SUBRUTINAS.ASM 87 : Symbol not previously defined (Z)
Error[113]   C:\MICROCHIPPROJECTS\PROYECTOFINAL.X\TECLADO_SUBRUTINAS.ASM 87 : Symbol not previously defined (STATUS)
Error[113]   C:\MICROCHIPPROJECTS\PROYECTOFINAL.X\TECLADO_SUBRUTINAS.ASM 87 : Symbol not previously defined (A)
Error[113]   C:\MICROCHIPPROJECTS\PROYECTOFINAL.X\TECLADO_SUBRUTINAS.ASM 88 : Symbol not previously defined (A)
Error[113]   C:\MICROCHIPPROJECTS\PROYECTOFINAL.X\OTRAS_SUBRUTINAS.ASM 4 : Symbol not previously defined (LATA)
Error[113]   C:\MICROCHIPPROJECTS\PROYECTOFINAL.X\OTRAS_SUBRUTINAS.ASM 4 : Symbol not previously defined (A)
Error[113]   C:\MICROCHIPPROJECTS\PROYECTOFINAL.X\OTRAS_SUBRUTINAS.ASM 10 : Symbol not previously defined (LATA)
Error[113]   C:\MICROCHIPPROJECTS\PROYECTOFINAL.X\OTRAS_SUBRUTINAS.ASM 10 : Symbol not previously defined (A)
Error[113]   C:\MICROCHIPPROJECTS\PROYECTOFINAL.X\OTRAS_SUBRUTINAS.ASM 14 : Symbol not previously defined (LATA)
Error[113]   C:\MICROCHIPPROJECTS\PROYECTOFINAL.X\OTRAS_SUBRUTINAS.ASM 14 : Symbol not previously defined (A)
Error[113]   C:\MICROCHIPPROJECTS\PROYECTOFINAL.X\OTRAS_SUBRUTINAS.ASM 20 : Symbol not previously defined (LATA)
Error[113]   C:\MICROCHIPPROJECTS\PROYECTOFINAL.X\OTRAS_SUBRUTINAS.ASM 20 : Symbol not previously defined (A)
Error[113]   C:\MICROCHIPPROJECTS\PROYECTOFINAL.X\OTRAS_SUBRUTINAS.ASM 26 : Symbol not previously defined (TMR2)
Error[113]   C:\MICROCHIPPROJECTS\PROYECTOFINAL.X\OTRAS_SUBRUTINAS.ASM 26 : Symbol not previously defined (A)
Error[113]   C:\MICROCHIPPROJECTS\PROYECTOFINAL.X\OTRAS_SUBRUTINAS.ASM 27 : Symbol not previously defined (WREG)
Error[113]   C:\MICROCHIPPROJECTS\PROYECTOFINAL.X\OTRAS_SUBRUTINAS.ASM 27 : Symbol not previously defined (A)
Error[113]   C:\MICROCHIPPROJECTS\PROYECTOFINAL.X\OTRAS_SUBRUTINAS.ASM 28 : Symbol not previously defined (A)
Error[113]   C:\MICROCHIPPROJECTS\PROYECTOFINAL.X\OTRAS_SUBRUTINAS.ASM 29 : Symbol not previously defined (WREG)
Error[113]   C:\MICROCHIPPROJECTS\PROYECTOFINAL.X\OTRAS_SUBRUTINAS.ASM 29 : Symbol not previously defined (A)
Error[113]   C:\MICROCHIPPROJECTS\PROYECTOFINAL.X\OTRAS_SUBRUTINAS.ASM 30 : Symbol not previously defined (A)
Error[113]   C:\MICROCHIPPROJECTS\PROYECTOFINAL.X\OTRAS_SUBRUTINAS.ASM 34 : Symbol not previously defined (A)
Error[113]   C:\MICROCHIPPROJECTS\PROYECTOFINAL.X\OTRAS_SUBRUTINAS.ASM 35 : Symbol not previously defined (STATUS)
Error[113]   C:\MICROCHIPPROJECTS\PROYECTOFINAL.X\OTRAS_SUBRUTINAS.ASM 35 : Symbol not previously defined (A)
Error[113]   C:\MICROCHIPPROJECTS\PROYECTOFINAL.X\OTRAS_SUBRUTINAS.ASM 37 : Symbol not previously defined (A)
Error[113]   C:\MICROCHIPPROJECTS\PROYECTOFINAL.X\OTRAS_SUBRUTINAS.ASM 42 : Symbol not previously defined (STATUS)
Error[113]   C:\MICROCHIPPROJECTS\PROYECTOFINAL.X\OTRAS_SUBRUTINAS.ASM 42 : Symbol not previously defined (A)
Error[113]   C:\MICROCHIPPROJECTS\PROYECTOFINAL.X\OTRAS_SUBRUTINAS.ASM 44 : Symbol not previously defined (A)
Error[113]   C:\MICROCHIPPROJECTS\PROYECTOFINAL.X\OTRAS_SUBRUTINAS.ASM 49 : Symbol not previously defined (STATUS)
Error[113]   C:\MICROCHIPPROJECTS\PROYECTOFINAL.X\OTRAS_SUBRUTINAS.ASM 49 : Symbol not previously defined (A)
Error[113]   C:\MICROCHIPPROJECTS\PROYECTOFINAL.X\OTRAS_SUBRUTINAS.ASM 51 : Symbol not previously defined (A)
Error[113]   C:\MICROCHIPPROJECTS\PROYECTOFINAL.X\OTRAS_SUBRUTINAS.ASM 55 : Symbol not previously defined (A)
Error[129]   C:\MICROCHIPPROJECTS\PROYECTOFINAL.X\OTRAS_SUBRUTINAS.ASM 57 : Expected (END)
