MPASM 5.87                       PART1_2.ASM   9-15-2021  18:09:07         PAGE  1


LOC  OBJECT CODE     LINE SOURCE TEXT
  VALUE

                      00001 ;Practica 5 Ejercicio 1
                      00002 ;Diseña un programa que cuando se active, el bit menos significativo (NNNN-NNNX)
                      00003 ;encienda por un segundo y luego se apague por otro segundo (el LED debe parpadear)
                      00004 
                      00005 ;DESGINAMOS 4 BOTONES PARA NUESTRAS RUTINAS
                      00006 ;B1: ACTIVA LA RUTINA A
                      00007 ;B2: ACTIVA LA RUTINA B
                      00008 ;B3: ACTIVA LA RUTINA B
                      00009 ;B4: NUESTRO BOTON DE PAUSA
                      00010     
                      00011 #include "p18f45k50.inc"
                      00001         LIST
                      00002 
                      00003 ;==========================================================================
                      00004 ; Build date : Jan 06 2020
                      00005 ;  MPASM PIC18F45K50 processor include
                      00006 ; 
                      00007 ;  (c) Copyright 1999-2020 Microchip Technology, All rights reserved
                      00008 ;==========================================================================
                      00009 
                      02340         LIST
                      00012     processor 18F45K50 
                      00013     RADIX DEC ;DEFINIMO COMO TRABAJARA NUESTRO RADIX
                      00014     org 0x00
                      00015 ;X      EQU 0 ; DEFICINMOS NUESTRA VARIABLE X
                      00016 ;Y      EQU 1 ; DEFINIMOS NUESTRA VARIABLE Y
                      00017 ; Equivalencias botones
  00000000            00018 b1      EQU 0
  00000001            00019 b2      EQU 1
  00000002            00020 b3      EQU 2
  00000006            00021 b4      EQU 6
                      00022 ; Equivalencias para variables.
  00000002            00023 LED     EQU 2 ; GUARDAMOS EL VALOR DEL LED
                      00024 ; Equivalencias para el delay de 500ms.
  0000000A            00025 _256    EQU 10
  0000000B            00026 _20     EQU 11
  0000000C            00027 _2      EQU 12
  0000000D            00028 _137    EQU 13
                      00029 ; Equivalencias para el delay de 20ms.
  0000000E            00030 _26     EQU 14
                      00031    
000000                00032 MAIN_CONF
000000 010F           00033     MOVLB 15
000002 6B5C           00034     CLRF ANSELB,BANKED ; DESIGNAMOS UN PUERTO DIGITAL
000004 6B5D           00035     CLRF ANSELC,BANKED ; DESIGNAMOS UN SEGUNDO PUERTO DIGITAL
000006 6A93           00036     CLRF TRISB ; ACTIVAMOS EL PUERTO 'B' COMO SALIDA
000008 6894           00037     SETF TRISC ; ACTIVAMOS PUERTO 'C' COMO ENTRADA
00000A 6A8A           00038     CLRF LATB  ; LIMPIAMOS EL PUERTO DE B
00000C 0E01           00039     MOVLW D'1' ; MOVEMOS EL VALOR HACIA EL WREG
00000E 6E02           00040     MOVWF LED,A ; MOVEMOS EL VALOR DEL WREF A NUESTRO REGISTRO LED
000010 EF?? F???      00041     GOTO MENU
                      00042 
000014                00043 MENU_ANTIREBOTE
MPASM 5.87                       PART1_2.ASM   9-15-2021  18:09:07         PAGE  2


LOC  OBJECT CODE     LINE SOURCE TEXT
  VALUE

000014 EC?? F???      00044     CALL RUTINA_ANTIREBOTE  ; Mandar llamar antirebote hasta que no este presionado ninguno.
000018 A082           00045     BTFSS PORTC,b1          ; SALTA UNA LINEA SI EL BOTÓN 1 ESTA INACTIVO.
00001A EF?? F???      00046     GOTO MENU_ANTIREBOTE    ; SI ESTA ACTIVO, REPETIR HASTA QUE NO LO ESTE.
00001E A282           00047     BTFSS PORTC,b2          ; SALTA UNA LINEA SI EL BOTÓN 2 ESTA INACTIVO.
000020 EF?? F???      00048     GOTO MENU_ANTIREBOTE    ; SI ESTA ACTIVO, REPETIR HASTA QUE NO LO ESTE.
000024 A482           00049     BTFSS PORTC,b3          ; SALTA UNA LINEA SI EL BOTÓN 3 ESTA INACTIVO.
000026 EF?? F???      00050     GOTO MENU_ANTIREBOTE    ; SI ESTA ACTIVO, REPETIR HASTA QUE NO LO ESTE.
00002A AC82           00051     BTFSS PORTC,b4          ; SALTA UNA LINEA SI EL BOTÓN 4 ESTA INACTIVO. 
00002C EF?? F???      00052     GOTO MENU_ANTIREBOTE    ; SI ESTA ACTIVO, REPETIR HASTA QUE NO LO ESTE.
                      00053     
000030                00054 MENU
000030 A082           00055     BTFSS PORTC,b1  ; SALTA UNA LINEA SI EL BOTÓN 1 ESTA INACTIVO.
000032 EF?? F???      00056     GOTO RUTINA_A   ; SI SE ACTIVA, IR A RUTINA A.
000036 A282           00057     BTFSS PORTC,b2  ; SALTA UNA LINEA SI EL BOTÓN 2 ESTA INACTIVO.
000038 EF?? F???      00058     GOTO RUTINA_B   ; SI SE ACTIVA, IR A RUTINA B.
00003C A482           00059     BTFSS PORTC,b3  ; SALTA UNA LINEA SI EL BOTÓN 3 ESTA INACTIVO.
00003E EF?? F???      00060     GOTO RUTINA_C   ; SI SE ACTIVA, IR A RUTINA C.
000042 AC82           00061     BTFSS PORTC,b4  ; SALTA UNA LINEA SI EL BOTÓN 4 ESTA INACTIVO.
000044 EC?? F???      00062     CALL PAUSE      ; SI SE ACTIVA, IR A PAUSE.
000048 EF?? F???      00063     GOTO PARPADEO   ; MIENTRAS NO HAYA ACTIVO, PARPADEAR.
                      00064 
00004C                00065 PARPADEO ;RUTINA PARA QUE NUESTRO LED PARPADEE
00004C C002 FF8A      00066     MOVFF LED,LATB  ; MOVEMOS DIRECTO NUESTRO REGISTRO PARA ENCENDER 1 LED
000050 EC?? F???      00067     CALL delay      ; Mandamos llamar un delay
000054 6A8A           00068     CLRF LATB       ; APAGAMOS EL LED ACTIVO.
000056 EC?? F???      00069     CALL delay      ; Mandamos llamar un delay
00005A EF?? F???      00070     GOTO MENU
                      00071     
00005E                00072 RUTINA_A    ;LEDS SE ENCIENDEN DE DERECHA --> IZQUIERDA AL PRESIONAR 'B1'
00005E EC?? F???      00073     CALL RUTINA_ANTIREBOTE  ; ANTIREBOTE
000062 A082           00074     BTFSS PORTC,b1          ; Revisamos si sigue presionado el boton 1
000064 EF?? F???      00075     goto RUTINA_A           ; En caso de que siga, volvemos a llamar la rutina
000068                00076 B1          ;BOTON PARA ACTIVAS NUESTRA RUTINA 'A'
000068 C002 FF8A      00077     MOVFF LED,LATB
00006C 428A           00078     RRNCF LATB,F,A
00006E CF8A F002      00079     MOVFF LATB,LED
000072 EC?? F???      00080     CALL delay              ; Mandamos llamar un delay
000076 AC82           00081     BTFSS PORTC,b4          ;REVISAMOS SI NUESTROO BOTON 'B4' (PAUSA) ESTA PRESIONADO
000078 EC?? F???      00082     CALL PAUSE
00007C B082           00083     BTFSC PORTC,b1          ;REVISAMOS SI DESEAMOS SALIR DE LA RUTINA ACTIVADA 
00007E EF?? F???      00084     GOTO B1
000082 EF?? F???      00085     GOTO MENU_ANTIREBOTE
                      00086 
000086                00087 RUTINA_B    ;LEDS SE ENCIENDEN DE IZQUIERDA --> DERECHA AL PRESIONAR 'B2'
000086 EC?? F???      00088     CALL RUTINA_ANTIREBOTE  ;ANTIREBOTE
00008A A282           00089     BTFSS PORTC,b2          ; Revisamos si sigue presionado el boton 2
00008C EF?? F???      00090     goto RUTINA_B           ; En caso de que siga, volvemos a llamar la rutina
000090                00091 B2          ;BOTON RUTINA 'B'
000090 C002 FF8A      00092     MOVFF LED,LATB
000094 468A           00093     RLNCF LATB,F,A
000096 CF8A F002      00094     MOVFF LATB,LED
00009A EC?? F???      00095     CALL delay              ; Mandamos llamar un delay
00009E AC82           00096     BTFSS PORTC,b4          ;REVISAMOS SI NUESTROO BOTON 'B4' (PAUSA) ESTA PRESIONADO
MPASM 5.87                       PART1_2.ASM   9-15-2021  18:09:07         PAGE  3


LOC  OBJECT CODE     LINE SOURCE TEXT
  VALUE

0000A0 EC?? F???      00097     CALL PAUSE
0000A4 B282           00098     BTFSC PORTC,b2          ;REVISAMOS SI DESEAMOS SALIR DE LA RUTINA ACTIVADA 
0000A6 EF?? F???      00099     GOTO B2
0000AA EF?? F???      00100     GOTO MENU_ANTIREBOTE
                      00101 
0000AE                00102 RUTINA_C ;LEDS SE ENCIENDEN DE DERECHA -> IZQUIERDA Y DE REGRESO AL PULSAR 'B3' 
0000AE EC?? F???      00103     CALL RUTINA_ANTIREBOTE  ;ANTIREBOTE
0000B2 A482           00104     BTFSS PORTC,b3          ; Revisamos si sigue presionado el boton 3
0000B4 EF?? F???      00105     goto RUTINA_C           ; En caso de que siga, volvemos a llamar la rutina
0000B8                00106 B3 ;BOTON RUTINA 'C'
0000B8 C002 FF8A      00107     MOVFF LED,LATB
0000BC 428A           00108     RRNCF LATB,F,A
0000BE CF8A F002      00109     MOVFF LATB,LED
0000C2 EC?? F???      00110     CALL delay              ; Mandamos llamar un delay
0000C6 AC82           00111     BTFSS PORTC,b4          ; REVISAMOS SI NUESTROO BOTON 'B4' (PAUSA) ESTA PRESIONADO
0000C8 EC?? F???      00112     CALL PAUSE              
0000CC B482           00113     BTFSC PORTC,b3          ; REVISAMOS SI DESEAMOS SALIR DE LA RUTINA ACTIVADA 
0000CE EF?? F???      00114     GOTO RevisarB3
0000D2 EF?? F???      00115     GOTO MENU_ANTIREBOTE
0000D6                00116 RevisarB3 ; REVISAMOS SI SE ESTA MOVIENDO A LA DERECHA EL ENCENDIDO
0000D6 B08A           00117     BTFSC LATB,0 ;REVISA SI NUESTRO LED ENCENDIDO ESTA AL EXTREMO IZQUIERDO.
0000D8 EF?? F???      00118     GOTO B3.2
0000DC EF?? F???      00119     GOTO B3
                      00120         
0000E0                00121 B3.2    ;LEDS ENCENDIENDO A LA IZQUIERDA
0000E0 468A           00122     RLNCF LATB,F,A
0000E2 CF8A F002      00123     MOVFF LATB,LED
0000E6 EC?? F???      00124     CALL delay              ; Mandamos llamar un delay
0000EA AC82           00125     BTFSS PORTC,b4          ; REVISAMOS SI NUESTROO BOTON 'B4' (PAUSA) ESTA PRESIONADO
0000EC EC?? F???      00126     CALL PAUSE
0000F0 B482           00127     BTFSC PORTC,b3          ; REVISAMOS SI DESEAMOS SALIR DE LA RUTINA ACTIVADA 
0000F2 EF?? F???      00128     GOTO RevisarB3.2
0000F6 EF?? F???      00129     GOTO MENU_ANTIREBOTE
0000FA                00130 RevisarB3.2;REVISAMOS SI SE ESTA MOVIENDO A LA IZQUIERDA EL ENCENDIDO
0000FA BE8A           00131     BTFSC LATB,7 ;REVISA SI NUESTRO LED ENCENDIDO ESTA AL EXTREMO DERECHO.
0000FC EF?? F???      00132     GOTO B3
000100 EF?? F???      00133     GOTO B3.2
                      00134         
000104                00135 PAUSE   ;RUTINA PARA NUESTRO BOTON DE PAUSADO
000104 EC?? F???      00136     CALL RUTINA_ANTIREBOTE  ; ANTIREBOTE
000108 AC82           00137     BTFSS PORTC,b4          ; Revisamos si sigue presionado el boton 4
00010A EF?? F???      00138     GOTO PAUSE              ; En caso de que siga, volvemos a llamar la rutina
00010E                00139 B4      ; RUTINA PARA VERIFICAR SI SE VUELVE A PRESIONAR EL BOTON DE PAUSA
00010E AC82           00140     BTFSS PORTC,b4          ; REVISAMOS SI NUESTROO BOTON 'B4' (PAUSA) ESTA PRESIONADO
000110 EF?? F???      00141     GOTO B4_ANTIREBOTE      ; SI LO ESTA, HACEMOS UN ULTIMO ANTIREBOTE ANTES DE VOLVER
000114 EF?? F???      00142     GOTO B4                 ; SI AUN NO SE PRESIONA, SEGUIR EN ESPERA
000118                00143 B4_ANTIREBOTE ; RUTINA PARA HACER UN ANTIREBOTE ANTES DE VOLVER
000118 EC?? F???      00144     CALL RUTINA_ANTIREBOTE  ; ANTIREBOTE
00011C AC82           00145     BTFSS PORTC,b4          ; Revisamos si sigue presionado el boton 4
00011E EF?? F???      00146     GOTO B4_ANTIREBOTE              ; En caso de que siga, volvemos a llamar la rutina
000122 0012           00147     RETURN                  ; Si no, regresar.
                      00148     
000124                00149 delay
MPASM 5.87                       PART1_2.ASM   9-15-2021  18:09:07         PAGE  4


LOC  OBJECT CODE     LINE SOURCE TEXT
  VALUE

000124 0E00           00150     movlw   .0                  
000126 6E0A           00151     movwf   _256
000128 0E02           00152     movlw   .2
00012A 6E0C           00153     movwf   _2  
00012C 0E89           00154     movlw   .137
00012E 6E0D           00155     movwf   _137        
                      00156     ; 7us approx. in this section    
000130                00157 loop1                           
000130 2E0A           00158     decfsz  _256
000132 EF?? F???      00159     goto    loop1               ; (3)*256
000136 2E0C           00160     decfsz  _2
000138 EF?? F???      00161     goto    loop1               ; (3)*(256^2+256)*2 + (3)*2 = 6*256^2 + 6*256 + 6
                      00162     ; 394,758us approx.
00013C                00163 loop2                           
00013C 2E0A           00164     decfsz  _256                
00013E EF?? F???      00165     goto    loop2               ; (3)*256
000142 2E0D           00166     decfsz  _137                
000144 EF?? F???      00167     goto    loop2               ; (3)*256*137 + (3)*137 = 411*256 + 411
                      00168     ; 105,627us approx.
                      00169     ; === 500,385ms approx.===
000148 0012           00170     return
                      00171 
00014A                00172 RUTINA_ANTIREBOTE
00014A 0E00           00173     movlw   .0                  
00014C 6E0A           00174     movwf   _256
00014E 0E1A           00175     movlw   .26
000150 6E0E           00176     movwf   _26 
000152                00177 loop3
000152 2E0A           00178     decfsz  _256
000154 EF?? F???      00179     goto    loop3               ; (3)*256
000158 2E0E           00180     decfsz  _26
00015A EF?? F???      00181     goto    loop3               ; (3)*256*26 + (3)*26 = 78*256 + 78
                      00182     ; 20046+4 = 20.05ms approx. 
00015E 0012           00183     return
                      00184   
                      00185 ;
                      00186 ; CONFIGURATION BITS SETTING, THIS IS REQUIRED TO CONFITURE THE OPERATION OF THE MICROCONTROLLER
                      00187 ; AFTER RESET. ONCE PROGRAMMED IN THIS PRACTICA THIS IS NOT NECESARY TO INCLUDE IN FUTURE PROGRAMS
                      00188 ; IF THIS SETTINGS ARE NOT CHANGED. SEE SECTION 26 OF DATA SHEET. 
                      00189 ;   
                      00190 
                      00191 
                      00192 ; CONFIG1L
                      00193   CONFIG  PLLSEL = PLL4X        ; PLL Selection (4x clock multiplier)
                      00194   CONFIG  CFGPLLEN = OFF        ; PLL Enable Configuration bit (PLL Disabled (firmware controlled))
                      00195   CONFIG  CPUDIV = NOCLKDIV     ; CPU System Clock Postscaler (CPU uses system clock (no divide))
                      00196   CONFIG  LS48MHZ = SYS24X4     ; Low Speed USB mode with 48 MHz system clock (System clock at 24 MHz, U
                            SB clock divider is set to 4)
                      00197 
                      00198 ; CONFIG1H
                      00199   CONFIG  FOSC = INTOSCIO       ; Oscillator Selection (Internal oscillator)
                      00200   CONFIG  PCLKEN = ON           ; Primary Oscillator Shutdown (Primary oscillator enabled)
                      00201   CONFIG  FCMEN = OFF           ; Fail-Safe Clock Monitor (Fail-Safe Clock Monitor disabled)
MPASM 5.87                       PART1_2.ASM   9-15-2021  18:09:07         PAGE  5


LOC  OBJECT CODE     LINE SOURCE TEXT
  VALUE

                      00202   CONFIG  IESO = OFF            ; Internal/External Oscillator Switchover (Oscillator Switchover mode di
                            sabled)
                      00203 
                      00204 ; CONFIG2L
                      00205   CONFIG  nPWRTEN = OFF         ; Power-up Timer Enable (Power up timer disabled)
                      00206   CONFIG  BOREN = SBORDIS       ; Brown-out Reset Enable (BOR enabled in hardware (SBOREN is ignored))
                      00207   CONFIG  BORV = 190            ; Brown-out Reset Voltage (BOR set to 1.9V nominal)
                      00208   CONFIG  nLPBOR = OFF          ; Low-Power Brown-out Reset (Low-Power Brown-out Reset disabled)
                      00209 
                      00210 ; CONFIG2H
                      00211   CONFIG  WDTEN = OFF           ; Watchdog Timer Enable bits (WDT disabled in hardware (SWDTEN ignored))
                      00212   CONFIG  WDTPS = 32768         ; Watchdog Timer Postscaler (1:32768)
                      00213 
                      00214 ; CONFIG3H
                      00215   CONFIG  CCP2MX = RC1          ; CCP2 MUX bit (CCP2 input/output is multiplexed with RC1)
                      00216   CONFIG  PBADEN = ON           ; PORTB A/D Enable bit (PORTB<5:0> pins are configured as analog input c
                            hannels on Reset)
                      00217   CONFIG  T3CMX = RC0           ; Timer3 Clock Input MUX bit (T3CKI function is on RC0)
                      00218   CONFIG  SDOMX = RB3           ; SDO Output MUX bit (SDO function is on RB3)
                      00219   CONFIG  MCLRE = ON            ; Master Clear Reset Pin Enable (MCLR pin enabled; RE3 input disabled)
                      00220 
                      00221 ; CONFIG4L
                      00222   CONFIG  STVREN = ON           ; Stack Full/Underflow Reset (Stack full/underflow will cause Reset)
                      00223   CONFIG  LVP = ON              ; Single-Supply ICSP Enable bit (Single-Supply ICSP enabled if MCLRE is 
                            also 1)
                      00224   CONFIG  ICPRT = OFF           ; Dedicated In-Circuit Debug/Programming Port Enable (ICPORT disabled)
                      00225   CONFIG  XINST = OFF           ; Extended Instruction Set Enable bit (Instruction set extension and Ind
                            exed Addressing mode disabled)
                      00226   
                      00227     
                      00228   END
MPASM 5.87                       PART1_2.ASM   9-15-2021  18:09:07         PAGE  6


SYMBOL TABLE
  LABEL                             VALUE 

A                                 00000000
ABDEN                             00000000
ABDOVF                            00000007
ACCESS                            00000000
ACKDT                             00000005
ACKEN                             00000004
ACKSTAT                           00000006
ACKTIM                            00000007
ACQT0                             00000003
ACQT1                             00000004
ACQT2                             00000005
ACTCON                            00000FB5
ACTD                              00000006
ACTEN                             00000007
ACTIE                             00000007
ACTIF                             00000007
ACTIP                             00000007
ACTLOCK                           00000003
ACTMD                             00000004
ACTOR                             00000001
ACTORS                            00000001
ACTSEL                            00000007
ACTSRC                            00000004
ACTUD                             00000006
ACTVIE                            00000002
ACTVIF                            00000002
ADCMD                             00000002
ADCON0                            00000FC2
ADCON1                            00000FC1
ADCON2                            00000FC0
ADCS0                             00000000
ADCS1                             00000001
ADCS2                             00000002
ADDEN                             00000003
ADDR0                             00000000
ADDR1                             00000001
ADDR2                             00000002
ADDR3                             00000003
ADDR4                             00000004
ADDR5                             00000005
ADDR6                             00000006
ADEN                              00000003
ADFM                              00000007
ADIE                              00000006
ADIF                              00000006
ADIP                              00000006
ADON                              00000000
ADRESH                            00000FC4
ADRESL                            00000FC3
AHEN                              00000001
AN0                               00000000
AN1                               00000001
AN2                               00000002
MPASM 5.87                       PART1_2.ASM   9-15-2021  18:09:07         PAGE  7


SYMBOL TABLE
  LABEL                             VALUE 

AN3                               00000003
AN4                               00000005
ANSA0                             00000000
ANSA1                             00000001
ANSA2                             00000002
ANSA3                             00000003
ANSA5                             00000005
ANSB0                             00000000
ANSB1                             00000001
ANSB2                             00000002
ANSB3                             00000003
ANSB4                             00000004
ANSB5                             00000005
ANSC2                             00000002
ANSC6                             00000006
ANSC7                             00000007
ANSD0                             00000000
ANSD1                             00000001
ANSD2                             00000002
ANSD3                             00000003
ANSD4                             00000004
ANSD5                             00000005
ANSD6                             00000006
ANSD7                             00000007
ANSE0                             00000000
ANSE1                             00000001
ANSE2                             00000002
ANSELA                            00000F5B
ANSELB                            00000F5C
ANSELC                            00000F5D
ANSELD                            00000F5E
ANSELE                            00000F5F
B1                                00000068
B2                                00000090
B3                                000000B8
B3.2                              000000E0
B4                                0000010E
B4_ANTIREBOTE                     00000118
BANKED                            00000001
BAUDCON                           00000FB8
BAUDCON1                          00000FB8
BCL1IE                            00000003
BCL1IF                            00000003
BCL1IP                            00000003
BCLIE                             00000003
BCLIF                             00000003
BCLIP                             00000003
BF                                00000000
BGVST                             00000006
BOEN                              00000004
BOR                               00000000
BRG0                              00000000
BRG1                              00000001
MPASM 5.87                       PART1_2.ASM   9-15-2021  18:09:07         PAGE  8


SYMBOL TABLE
  LABEL                             VALUE 

BRG10                             00000002
BRG11                             00000003
BRG12                             00000004
BRG13                             00000005
BRG14                             00000006
BRG15                             00000007
BRG16                             00000003
BRG2                              00000002
BRG3                              00000003
BRG4                              00000004
BRG5                              00000005
BRG6                              00000006
BRG7                              00000007
BRG8                              00000000
BRG9                              00000001
BRGH                              00000002
BSR                               00000FE0
BTOEE                             00000004
BTOEF                             00000004
BTSEE                             00000007
BTSEF                             00000007
C                                 00000000
C1CH0                             00000000
C1CH1                             00000001
C1HYS                             00000003
C1IE                              00000006
C1IF                              00000006
C1IP                              00000006
C1OE                              00000005
C1ON                              00000007
C1OUT                             00000006
C1POL                             00000004
C1R                               00000002
C1RSEL                            00000005
C1SP                              00000003
C1SYNC                            00000001
C1TSEL                            00000000
C2CH0                             00000000
C2CH1                             00000001
C2HYS                             00000002
C2IE                              00000005
C2IF                              00000005
C2IP                              00000005
C2OE                              00000005
C2ON                              00000007
C2OUT                             00000006
C2POL                             00000004
C2R                               00000002
C2RSEL                            00000004
C2SP                              00000003
C2SYNC                            00000000
C2TSEL                            00000003
CCH0                              00000000
MPASM 5.87                       PART1_2.ASM   9-15-2021  18:09:07         PAGE  9


SYMBOL TABLE
  LABEL                             VALUE 

CCH1                              00000001
CCP1                              00000002
CCP1ASE                           00000007
CCP1CON                           00000FBD
CCP1IE                            00000002
CCP1IF                            00000002
CCP1IP                            00000002
CCP1M0                            00000000
CCP1M1                            00000001
CCP1M2                            00000002
CCP1M3                            00000003
CCP1MD                            00000000
CCP1X                             00000005
CCP1Y                             00000004
CCP2CON                           00000F97
CCP2IE                            00000000
CCP2IF                            00000000
CCP2IP                            00000000
CCP2M0                            00000000
CCP2M1                            00000001
CCP2M2                            00000002
CCP2M3                            00000003
CCP2MD                            00000001
CCP2X                             00000005
CCP2Y                             00000004
CCPR1                             00000FBE
CCPR1H                            00000FBF
CCPR1L                            00000FBE
CCPR2                             00000F90
CCPR2H                            00000F91
CCPR2L                            00000F90
CCPTMRS                           00000F59
CFGS                              00000006
CK                                00000006
CK1SPP                            00000000
CK2SPP                            00000001
CKE                               00000006
CKP                               00000004
CKTXP                             00000004
CM1CON0                           00000F98
CM1IE                             00000006
CM1IF                             00000006
CM1IP                             00000006
CM2CON0                           00000F99
CM2CON1                           00000F9A
CM2IE                             00000005
CM2IF                             00000005
CM2IP                             00000005
CMP1MD                            00000003
CMP2MD                            00000004
COE                               00000005
CON                               00000007
COUT1                             00000006
MPASM 5.87                       PART1_2.ASM   9-15-2021  18:09:07         PAGE 10


SYMBOL TABLE
  LABEL                             VALUE 

COUT2                             00000006
CPOL                              00000004
CRC16EE                           00000002
CRC16EF                           00000002
CRC5EE                            00000001
CRC5EF                            00000001
CREF                              00000002
CREN                              00000004
CSRC                              00000007
CTMUCON0                          00000F8F
CTMUCON1                          00000F8E
CTMUCONH                          00000F8F
CTMUCONL                          00000F8E
CTMUEN                            00000007
CTMUICON                          00000F88
CTMUIE                            00000003
CTMUIF                            00000003
CTMUIP                            00000003
CTMUMD                            00000005
CTMUSIDL                          00000005
CTTRIG                            00000000
DACEN                             00000007
DACLPS                            00000006
DACNSS                            00000000
DACOE                             00000005
DACPSS0                           00000002
DACPSS1                           00000003
DACR0                             00000000
DACR1                             00000001
DACR2                             00000002
DACR3                             00000003
DACR4                             00000004
DC                                00000001
DC1B0                             00000004
DC1B1                             00000005
DC2B0                             00000004
DC2B1                             00000005
DDRA                              TRISA
DDRB                              TRISB
DDRC                              TRISC
DDRD                              TRISD
DDRE                              TRISE
DFN8EE                            00000003
DFN8EF                            00000003
DHEN                              00000000
DIR                               00000002
DONE                              00000001
DTRXP                             00000005
D_NOT_A                           00000005
ECCP1AS                           00000FB6
ECCP1AS0                          00000004
ECCP1AS1                          00000005
ECCP1AS2                          00000006
MPASM 5.87                       PART1_2.ASM   9-15-2021  18:09:07         PAGE 11


SYMBOL TABLE
  LABEL                             VALUE 

ECCP1ASE                          00000007
ECCP1CON                          00000FBD
ECCP1DEL                          00000FB7
ECCP2CON                          00000F97
EDG1POL                           00000004
EDG1SEL0                          00000002
EDG1SEL1                          00000003
EDG1STAT                          00000000
EDG2POL                           00000007
EDG2SEL0                          00000005
EDG2SEL1                          00000006
EDG2STAT                          00000001
EDGEN                             00000003
EDGSEQEN                          00000002
EEADR                             00000FA9
EECON1                            00000FA6
EECON2                            00000FA7
EEDATA                            00000FA8
EEIE                              00000004
EEIF                              00000004
EEIP                              00000004
EEPGD                             00000007
ENDP0                             00000003
ENDP1                             00000004
ENDP2                             00000005
ENDP3                             00000006
EPCONDIS                          00000003
EPHSHK                            00000004
EPINEN                            00000001
EPOUTEN                           00000002
EPSTALL                           00000000
FAST                              00000001
FERR                              00000002
FLTS                              00000002
FREE                              00000004
FRM0                              00000000
FRM1                              00000001
FRM10                             00000002
FRM2                              00000002
FRM3                              00000003
FRM4                              00000004
FRM5                              00000005
FRM6                              00000006
FRM7                              00000007
FRM8                              00000000
FRM9                              00000001
FSEN                              00000002
FSR0                              00000000
FSR0H                             00000FEA
FSR0L                             00000FE9
FSR1                              00000001
FSR1H                             00000FE2
FSR1L                             00000FE1
MPASM 5.87                       PART1_2.ASM   9-15-2021  18:09:07         PAGE 12


SYMBOL TABLE
  LABEL                             VALUE 

FSR2                              00000002
FSR2H                             00000FDA
FSR2L                             00000FD9
FVREN                             00000007
FVRS0                             00000004
FVRS1                             00000005
FVRST                             00000006
GCEN                              00000007
GIE                               00000007
GIEH                              00000007
GIEL                              00000006
GIE_GIEH                          00000007
GO                                00000001
GO_NOT_DONE                       00000001
HFIOFR                            00000001
HFIOFS                            00000002
HLVDCON                           00000F9C
HLVDEN                            00000004
HLVDIE                            00000002
HLVDIF                            00000002
HLVDIN                            00000005
HLVDIP                            00000002
HLVDL0                            00000000
HLVDL1                            00000001
HLVDL2                            00000002
HLVDL3                            00000003
IDISSEN                           00000001
IDLEIE                            00000004
IDLEIF                            00000004
IDLEN                             00000007
INDF0                             00000FEF
INDF1                             00000FE7
INDF2                             00000FDF
INT0                              00000000
INT0E                             00000004
INT0F                             00000001
INT0IE                            00000004
INT0IF                            00000001
INT1                              00000001
INT1E                             00000003
INT1F                             00000000
INT1IE                            00000003
INT1IF                            00000000
INT1IP                            00000006
INT1P                             00000006
INT2                              00000002
INT2E                             00000004
INT2F                             00000001
INT2IE                            00000004
INT2IF                            00000001
INT2IP                            00000007
INT2P                             00000007
INTCON                            00000FF2
MPASM 5.87                       PART1_2.ASM   9-15-2021  18:09:07         PAGE 13


SYMBOL TABLE
  LABEL                             VALUE 

INTCON2                           00000FF1
INTCON3                           00000FF0
INTEDG0                           00000006
INTEDG1                           00000005
INTEDG2                           00000004
INTSRC                            00000005
IOCB                              00000F86
IOCB4                             00000004
IOCB5                             00000005
IOCB6                             00000006
IOCB7                             00000007
IOCC                              00000F87
IOCC0                             00000000
IOCC1                             00000001
IOCC2                             00000002
IOCC4                             00000004
IOCC5                             00000005
IOCC6                             00000006
IOCC7                             00000007
IOCIE                             00000003
IOCIF                             00000000
IOCIP                             00000000
IPEN                              00000007
IPR1                              00000F9F
IPR2                              00000FA2
IPR3                              00000FA5
IRCF0                             00000004
IRCF1                             00000005
IRCF2                             00000006
IRNG0                             00000000
IRNG1                             00000001
IRVST                             00000005
ITRIM0                            00000002
ITRIM1                            00000003
ITRIM2                            00000004
ITRIM3                            00000005
ITRIM4                            00000006
ITRIM5                            00000007
LATA                              00000F89
LATA0                             00000000
LATA1                             00000001
LATA2                             00000002
LATA3                             00000003
LATA4                             00000004
LATA5                             00000005
LATA6                             00000006
LATA7                             00000007
LATB                              00000F8A
LATB0                             00000000
LATB1                             00000001
LATB2                             00000002
LATB3                             00000003
LATB4                             00000004
MPASM 5.87                       PART1_2.ASM   9-15-2021  18:09:07         PAGE 14


SYMBOL TABLE
  LABEL                             VALUE 

LATB5                             00000005
LATB6                             00000006
LATB7                             00000007
LATC                              00000F8B
LATC0                             00000000
LATC1                             00000001
LATC2                             00000002
LATC4                             00000004
LATC5                             00000005
LATC6                             00000006
LATC7                             00000007
LATD                              00000F8C
LATD0                             00000000
LATD1                             00000001
LATD2                             00000002
LATD3                             00000003
LATD4                             00000004
LATD5                             00000005
LATD6                             00000006
LATD7                             00000007
LATE                              00000F8D
LATE0                             00000000
LATE1                             00000001
LATE2                             00000002
LED                               00000002
LFIOFS                            00000000
LVDIE                             00000002
LVDIF                             00000002
LVDIN                             00000005
LVDIP                             00000002
MAIN_CONF                         00000000
MC1OUT                            00000007
MC2OUT                            00000006
MENU                              00000030
MENU_ANTIREBOTE                   00000014
MSSP1MD                           00000006
MSSPMD                            00000006
N                                 00000004
NOT_BOR                           00000000
NOT_DONE                          00000001
NOT_PD                            00000002
NOT_POR                           00000001
NOT_RBPU                          00000007
NOT_RI                            00000004
NOT_T1DONE                        00000003
NOT_T1SYNC                        00000002
NOT_T3DONE                        00000003
NOT_T3SYNC                        00000002
NOT_TO                            00000003
NVCFG0                            00000000
NVCFG1                            00000001
OERR                              00000001
OESPP                             00000002
MPASM 5.87                       PART1_2.ASM   9-15-2021  18:09:07         PAGE 15


SYMBOL TABLE
  LABEL                             VALUE 

ON                                00000007
OSC2                              00000006
OSCCON                            00000FD3
OSCCON2                           00000FD2
OSCFIE                            00000007
OSCFIF                            00000007
OSCFIP                            00000007
OSCTUNE                           00000F9B
OSTS                              00000003
OV                                00000003
P                                 00000004
P1A                               00000002
P1M0                              00000006
P1M1                              00000007
P1RSEN                            00000007
PARPADEO                          0000004C
PAUSE                             00000104
PC                                00000FF9
PCIE                              00000006
PCL                               00000FF9
PCLATH                            00000FFA
PCLATU                            00000FFB
PD                                00000002
PDC0                              00000000
PDC1                              00000001
PDC2                              00000002
PDC3                              00000003
PDC4                              00000004
PDC5                              00000005
PDC6                              00000006
PEIE                              00000006
PEIE_GIEL                         00000006
PEN                               00000002
PGC                               00000006
PGD                               00000007
PGM                               00000005
PIDEE                             00000000
PIDEF                             00000000
PIE1                              00000F9D
PIE2                              00000FA0
PIE3                              00000FA3
PIR1                              00000F9E
PIR2                              00000FA1
PIR3                              00000FA4
PKTDIS                            00000004
PLLEN                             00000004
PLLRDY                            00000007
PLUSW0                            00000FEB
PLUSW1                            00000FE3
PLUSW2                            00000FDB
PMD0                              00000F7E
PMD1                              00000F7F
POR                               00000001
MPASM 5.87                       PART1_2.ASM   9-15-2021  18:09:07         PAGE 16


SYMBOL TABLE
  LABEL                             VALUE 

PORTA                             00000F80
PORTB                             00000F81
PORTC                             00000F82
PORTD                             00000F83
PORTE                             00000F84
POSTDEC0                          00000FED
POSTDEC1                          00000FE5
POSTDEC2                          00000FDD
POSTINC0                          00000FEE
POSTINC1                          00000FE6
POSTINC2                          00000FDE
PPB0                              00000000
PPB1                              00000001
PPBI                              00000001
PPBRST                            00000006
PR1SEN                            00000007
PR2                               00000FBB
PREINC0                           00000FEC
PREINC1                           00000FE4
PREINC2                           00000FDC
PRISD                             00000002
PROD                              00000FF3
PRODH                             00000FF4
PRODL                             00000FF3
PSA                               00000003
PSS1AC0                           00000002
PSS1AC1                           00000003
PSS1BD0                           00000000
PSS1BD1                           00000001
PSSAC0                            00000002
PSSAC1                            00000003
PSSBD0                            00000000
PSSBD1                            00000001
PSTR1CON                          00000FB9
PVCFG0                            00000002
PVCFG1                            00000003
PWM1CON                           00000FB7
RA0                               00000000
RA1                               00000001
RA2                               00000002
RA3                               00000003
RA4                               00000004
RA5                               00000005
RA6                               00000006
RA7                               00000007
RB0                               00000000
RB1                               00000001
RB2                               00000002
RB3                               00000003
RB4                               00000004
RB5                               00000005
RB6                               00000006
RB7                               00000007
MPASM 5.87                       PART1_2.ASM   9-15-2021  18:09:07         PAGE 17


SYMBOL TABLE
  LABEL                             VALUE 

RBPU                              00000007
RC0                               00000000
RC1                               00000001
RC1IE                             00000005
RC1IF                             00000005
RC1IP                             00000005
RC2                               00000002
RC4                               00000004
RC5                               00000005
RC6                               00000006
RC7                               00000007
RCEN                              00000003
RCIDL                             00000006
RCIE                              00000005
RCIF                              00000005
RCIP                              00000005
RCMT                              00000006
RCON                              00000FD0
RCREG                             00000FAE
RCREG1                            00000FAE
RCSTA                             00000FAB
RCSTA1                            00000FAB
RD                                00000000
RD0                               00000000
RD1                               00000001
RD16                              00000001
RD2                               00000002
RD3                               00000003
RD4                               00000004
RD5                               00000005
RD6                               00000006
RD7                               00000007
RE0                               00000000
RE1                               00000001
RE2                               00000002
RE3                               00000003
RESUME                            00000002
RI                                00000004
RSEN                              00000001
RUTINA_A                          0000005E
RUTINA_ANTIREBOTE                 0000014A
RUTINA_B                          00000086
RUTINA_C                          000000AE
RX                                00000007
RX9                               00000006
RX9D                              00000000
RXDTP                             00000005
R_NOT_W                           00000002
RevisarB3                         000000D6
RevisarB3.2                       000000FA
S                                 00000003
SBCDE                             00000002
SBOREN                            00000006
MPASM 5.87                       PART1_2.ASM   9-15-2021  18:09:07         PAGE 18


SYMBOL TABLE
  LABEL                             VALUE 

SCIE                              00000005
SCKP                              00000004
SCS0                              00000000
SCS1                              00000001
SDAHT                             00000003
SE0                               00000005
SEN                               00000000
SENDB                             00000003
SIDL                              00000005
SLRA                              00000000
SLRB                              00000001
SLRC                              00000002
SLRCON                            00000F7A
SLRD                              00000003
SLRE                              00000004
SMP                               00000007
SOFIE                             00000006
SOFIF                             00000006
SOSCEN                            00000003
SOSCGO                            00000003
SOSCRUN                           00000006
SP0                               00000000
SP1                               00000001
SP2                               00000002
SP3                               00000003
SP4                               00000004
SPBRG                             00000FAF
SPBRG1                            00000FAF
SPBRGH                            00000FB0
SPBRGH1                           00000FB0
SPEN                              00000007
SPLLMULT                          00000007
SPP0                              00000000
SPP1                              00000001
SPP2                              00000002
SPP3                              00000003
SPP4                              00000004
SPP5                              00000005
SPP6                              00000006
SPP7                              00000007
SRCLK0                            00000004
SRCLK1                            00000005
SRCLK2                            00000006
SRCON0                            00000F58
SRCON1                            00000F57
SREN                              00000005
SRLEN                             00000007
SRNQEN                            00000002
SRPR                              00000000
SRPS                              00000001
SRQEN                             00000003
SRRC1E                            00000000
SRRC2E                            00000001
MPASM 5.87                       PART1_2.ASM   9-15-2021  18:09:07         PAGE 19


SYMBOL TABLE
  LABEL                             VALUE 

SRRCKE                            00000002
SRRPE                             00000003
SRSC1E                            00000004
SRSC2E                            00000005
SRSCKE                            00000006
SRSPE                             00000007
SSP1ADD                           00000FC8
SSP1ADD0                          00000000
SSP1ADD1                          00000001
SSP1ADD2                          00000002
SSP1ADD3                          00000003
SSP1ADD4                          00000004
SSP1ADD5                          00000005
SSP1ADD6                          00000006
SSP1ADD7                          00000007
SSP1BUF                           00000FC9
SSP1CON1                          00000FC6
SSP1CON2                          00000FC5
SSP1CON3                          00000FCB
SSP1IE                            00000003
SSP1IF                            00000003
SSP1IP                            00000003
SSP1MD                            00000006
SSP1MSK                           00000FCA
SSP1MSK0                          00000000
SSP1MSK1                          00000001
SSP1MSK2                          00000002
SSP1MSK3                          00000003
SSP1MSK4                          00000004
SSP1MSK5                          00000005
SSP1MSK6                          00000006
SSP1MSK7                          00000007
SSP1STAT                          00000FC7
SSPADD                            00000FC8
SSPBUF                            00000FC9
SSPCON                            00000FC6
SSPCON1                           00000FC6
SSPCON2                           00000FC5
SSPCON3                           00000FCB
SSPEN                             00000005
SSPIE                             00000003
SSPIF                             00000003
SSPIP                             00000003
SSPM0                             00000000
SSPM1                             00000001
SSPM2                             00000002
SSPM3                             00000003
SSPMSK                            00000FCA
SSPOV                             00000006
SSPSTAT                           00000FC7
STALLIE                           00000005
STALLIF                           00000005
STATUS                            00000FD8
MPASM 5.87                       PART1_2.ASM   9-15-2021  18:09:07         PAGE 20


SYMBOL TABLE
  LABEL                             VALUE 

STCON                             00000FB5
STEN                              00000007
STIE                              00000007
STIF                              00000007
STIP                              00000007
STKFUL                            00000007
STKOVF                            00000007
STKPTR                            00000FFC
STKUNF                            00000006
STLOCK                            00000003
STMD                              00000004
STOR                              00000001
STR1A                             00000000
STR1B                             00000001
STR1C                             00000002
STR1D                             00000003
STR1SYNC                          00000004
STRA                              00000000
STRB                              00000001
STRC                              00000002
STRD                              00000003
STRSYNC                           00000004
STSRC                             00000004
STUD                              00000006
SUSPND                            00000001
SWDTE                             00000000
SWDTEN                            00000000
SYNC                              00000004
T08BIT                            00000006
T0CKI                             00000004
T0CON                             00000FD5
T0CS                              00000005
T0IE                              00000005
T0IF                              00000002
T0IP                              00000002
T0PS0                             00000000
T0PS1                             00000001
T0PS2                             00000002
T0SE                              00000004
T13CKI                            00000000
T1CKPS0                           00000004
T1CKPS1                           00000005
T1CON                             00000FCD
T1DONE                            00000003
T1GCON                            00000FCC
T1GGO                             00000003
T1GGO_NOT_DONE                    00000003
T1GGO_NOT_T1DONE                  00000003
T1GPOL                            00000006
T1GSPM                            00000004
T1GSS0                            00000000
T1GSS1                            00000001
T1GTM                             00000005
MPASM 5.87                       PART1_2.ASM   9-15-2021  18:09:07         PAGE 21


SYMBOL TABLE
  LABEL                             VALUE 

T1GVAL                            00000002
T1OSCEN                           00000003
T1OSI                             00000001
T1OSO                             00000000
T1RD16                            00000001
T1SOSCEN                          00000003
T1SYNC                            00000002
T2CKPS0                           00000000
T2CKPS1                           00000001
T2CON                             00000FBA
T2OUTPS0                          00000003
T2OUTPS1                          00000004
T2OUTPS2                          00000005
T2OUTPS3                          00000006
T3CKPS0                           00000004
T3CKPS1                           00000005
T3CON                             00000FB1
T3DONE                            00000003
T3GCON                            00000FB4
T3GGO                             00000003
T3GGO_NOT_DONE                    00000003
T3GGO_NOT_T3DONE                  00000003
T3GPOL                            00000006
T3GSPM                            00000004
T3GSS0                            00000000
T3GSS1                            00000001
T3GTM                             00000005
T3GVAL                            00000002
T3OSCEN                           00000003
T3RD16                            00000001
T3SOSCEN                          00000003
T3SYNC                            00000002
TABLAT                            00000FF5
TBLPTR                            00000FF6
TBLPTRH                           00000FF7
TBLPTRL                           00000FF6
TBLPTRU                           00000FF8
TGEN                              00000004
TMR0                              00000FD6
TMR0H                             00000FD7
TMR0IE                            00000005
TMR0IF                            00000002
TMR0IP                            00000002
TMR0L                             00000FD6
TMR0ON                            00000007
TMR1                              00000FCE
TMR1CS0                           00000006
TMR1CS1                           00000007
TMR1GE                            00000007
TMR1GIE                           00000000
TMR1GIF                           00000000
TMR1GIP                           00000000
TMR1H                             00000FCF
MPASM 5.87                       PART1_2.ASM   9-15-2021  18:09:07         PAGE 22


SYMBOL TABLE
  LABEL                             VALUE 

TMR1IE                            00000000
TMR1IF                            00000000
TMR1IP                            00000000
TMR1L                             00000FCE
TMR1MD                            00000000
TMR1ON                            00000000
TMR2                              00000FBC
TMR2IE                            00000001
TMR2IF                            00000001
TMR2IP                            00000001
TMR2MD                            00000001
TMR2ON                            00000002
TMR3                              00000FB2
TMR3CS0                           00000006
TMR3CS1                           00000007
TMR3GE                            00000007
TMR3GIE                           00000001
TMR3GIF                           00000001
TMR3GIP                           00000001
TMR3H                             00000FB3
TMR3IE                            00000001
TMR3IF                            00000001
TMR3IP                            00000001
TMR3L                             00000FB2
TMR3MD                            00000002
TMR3ON                            00000000
TO                                00000003
TOS                               00000FFD
TOSH                              00000FFE
TOSL                              00000FFD
TOSU                              00000FFF
TRIGEN                            00000000
TRIGSEL                           00000007
TRISA                             00000F92
TRISA0                            00000000
TRISA1                            00000001
TRISA2                            00000002
TRISA3                            00000003
TRISA4                            00000004
TRISA5                            00000005
TRISA6                            00000006
TRISA7                            00000007
TRISB                             00000F93
TRISB0                            00000000
TRISB1                            00000001
TRISB2                            00000002
TRISB3                            00000003
TRISB4                            00000004
TRISB5                            00000005
TRISB6                            00000006
TRISB7                            00000007
TRISC                             00000F94
TRISC0                            00000000
MPASM 5.87                       PART1_2.ASM   9-15-2021  18:09:07         PAGE 23


SYMBOL TABLE
  LABEL                             VALUE 

TRISC1                            00000001
TRISC2                            00000002
TRISC4                            00000004
TRISC5                            00000005
TRISC6                            00000006
TRISC7                            00000007
TRISD                             00000F95
TRISD0                            00000000
TRISD1                            00000001
TRISD2                            00000002
TRISD3                            00000003
TRISD4                            00000004
TRISD5                            00000005
TRISD6                            00000006
TRISD7                            00000007
TRISE                             00000F96
TRISE0                            00000000
TRISE1                            00000001
TRISE2                            00000002
TRMT                              00000001
TRNIE                             00000003
TRNIF                             00000003
TSEN                              00000003
TSRNG                             00000002
TUN0                              00000000
TUN1                              00000001
TUN2                              00000002
TUN3                              00000003
TUN4                              00000004
TUN5                              00000005
TUN6                              00000006
TX                                00000006
TX1IE                             00000004
TX1IF                             00000004
TX1IP                             00000004
TX9                               00000006
TX9D                              00000000
TXCKP                             00000004
TXEN                              00000005
TXIE                              00000004
TXIF                              00000004
TXIP                              00000004
TXREG                             00000FAD
TXREG1                            00000FAD
TXSTA                             00000FAC
TXSTA1                            00000FAC
UA                                00000001
UADDR                             00000F63
UART1MD                           00000006
UARTMD                            00000006
UCFG                              00000F62
UCON                              00000F60
UEIE                              00000F66
MPASM 5.87                       PART1_2.ASM   9-15-2021  18:09:07         PAGE 24


SYMBOL TABLE
  LABEL                             VALUE 

UEIR                              00000F67
UEP0                              00000F6A
UEP1                              00000F6B
UEP10                             00000F74
UEP11                             00000F75
UEP12                             00000F76
UEP13                             00000F77
UEP14                             00000F78
UEP15                             00000F79
UEP2                              00000F6C
UEP3                              00000F6D
UEP4                              00000F6E
UEP5                              00000F6F
UEP6                              00000F70
UEP7                              00000F71
UEP8                              00000F72
UEP9                              00000F73
UERRIE                            00000001
UERRIF                            00000001
UFRM                              00000F68
UFRMH                             00000F69
UFRML                             00000F68
UIE                               00000F64
UIR                               00000F65
UOEMON                            00000006
UPUEN                             00000004
URSTIE                            00000000
URSTIF                            00000000
USBEN                             00000003
USBIE                             00000002
USBIF                             00000002
USBIP                             00000002
USBMD                             00000005
USTAT                             00000F61
UTEYE                             00000007
UTRDIS                            00000003
VDIRMAG                           00000007
VREFCON0                          00000F7D
VREFCON1                          00000F7C
VREFCON2                          00000F7B
VREFM                             00000002
VREFP                             00000003
VREGCON                           00000F5A
W                                 00000000
WCOL                              00000007
WDTCON                            00000FD1
WPUB                              00000F85
WPUB0                             00000000
WPUB1                             00000001
WPUB2                             00000002
WPUB3                             00000003
WPUB4                             00000004
WPUB5                             00000005
MPASM 5.87                       PART1_2.ASM   9-15-2021  18:09:07         PAGE 25


SYMBOL TABLE
  LABEL                             VALUE 

WPUB6                             00000006
WPUB7                             00000007
WPUE3                             00000007
WR                                00000001
WREG                              00000FE8
WREN                              00000002
WRERR                             00000003
WUE                               00000001
Z                                 00000002
_137                              0000000D
_2                                0000000C
_20                               0000000B
_256                              0000000A
_26                               0000000E
_BOREN_NOSLP_2L                   000000FD
_BOREN_OFF_2L                     000000F9
_BOREN_ON_2L                      000000FB
_BOREN_SBORDIS_2L                 000000FF
_BORV_190_2L                      000000FF
_BORV_220_2L                      000000F7
_BORV_250_2L                      000000EF
_BORV_285_2L                      000000E7
_CCP2MX_RB3_3H                    000000FE
_CCP2MX_RC1_3H                    000000FF
_CFGPLLEN_OFF_1L                  000000FD
_CFGPLLEN_ON_1L                   000000FF
_CONFIG1H                         00300001
_CONFIG1L                         00300000
_CONFIG2H                         00300003
_CONFIG2L                         00300002
_CONFIG3H                         00300005
_CONFIG4L                         00300006
_CONFIG5H                         00300009
_CONFIG5L                         00300008
_CONFIG6H                         0030000B
_CONFIG6L                         0030000A
_CONFIG7H                         0030000D
_CONFIG7L                         0030000C
_CP0_OFF_5L                       000000FF
_CP0_ON_5L                        000000FE
_CP1_OFF_5L                       000000FF
_CP1_ON_5L                        000000FD
_CP2_OFF_5L                       000000FF
_CP2_ON_5L                        000000FB
_CP3_OFF_5L                       000000FF
_CP3_ON_5L                        000000F7
_CPB_OFF_5H                       000000FF
_CPB_ON_5H                        000000BF
_CPD_OFF_5H                       000000FF
_CPD_ON_5H                        0000007F
_CPUDIV_CLKDIV2_1L                000000EF
_CPUDIV_CLKDIV3_1L                000000F7
_CPUDIV_CLKDIV6_1L                000000FF
MPASM 5.87                       PART1_2.ASM   9-15-2021  18:09:07         PAGE 26


SYMBOL TABLE
  LABEL                             VALUE 

_CPUDIV_NOCLKDIV_1L               000000E7
_DEBUG_OFF_4L                     000000FF
_DEBUG_ON_4L                      0000007F
_DEVID1                           003FFFFE
_DEVID2                           003FFFFF
_EBTR0_OFF_7L                     000000FF
_EBTR0_ON_7L                      000000FE
_EBTR1_OFF_7L                     000000FF
_EBTR1_ON_7L                      000000FD
_EBTR2_OFF_7L                     000000FF
_EBTR2_ON_7L                      000000FB
_EBTR3_OFF_7L                     000000FF
_EBTR3_ON_7L                      000000F7
_EBTRB_OFF_7H                     000000FF
_EBTRB_ON_7H                      000000BF
_FCMEN_OFF_1H                     000000BF
_FCMEN_ON_1H                      000000FF
_FOSC_ECHCLKO_1H                  000000F4
_FOSC_ECHIO_1H                    000000F5
_FOSC_ECLCLKO_1H                  000000FC
_FOSC_ECLIO_1H                    000000FD
_FOSC_ECMCLKO_1H                  000000FA
_FOSC_ECMIO_1H                    000000FB
_FOSC_HSH_1H                      000000F2
_FOSC_HSM_1H                      000000F3
_FOSC_INTOSCCLKO_1H               000000F9
_FOSC_INTOSCIO_1H                 000000F8
_FOSC_LP_1H                       000000F0
_FOSC_RCCLKO_1H                   000000F6
_FOSC_RCIO_1H                     000000F7
_FOSC_XT_1H                       000000F1
_ICPRT_OFF_4L                     000000DF
_ICPRT_ON_4L                      000000FF
_IDLOC0                           00200000
_IDLOC1                           00200001
_IDLOC2                           00200002
_IDLOC3                           00200003
_IDLOC4                           00200004
_IDLOC5                           00200005
_IDLOC6                           00200006
_IDLOC7                           00200007
_IESO_OFF_1H                      0000007F
_IESO_ON_1H                       000000FF
_LS48MHZ_SYS24X4_1L               000000DF
_LS48MHZ_SYS48X8_1L               000000FF
_LVP_OFF_4L                       000000FB
_LVP_ON_4L                        000000FF
_MCLRE_OFF_3H                     0000007F
_MCLRE_ON_3H                      000000FF
_PBADEN_OFF_3H                    000000FD
_PBADEN_ON_3H                     000000FF
_PCLKEN_OFF_1H                    000000DF
_PCLKEN_ON_1H                     000000FF
MPASM 5.87                       PART1_2.ASM   9-15-2021  18:09:07         PAGE 27


SYMBOL TABLE
  LABEL                             VALUE 

_PLLSEL_PLL3X_1L                  000000FF
_PLLSEL_PLL4X_1L                  000000FE
_SDOMX_RB3_3H                     000000FF
_SDOMX_RC7_3H                     000000BF
_STVREN_OFF_4L                    000000FE
_STVREN_ON_4L                     000000FF
_T3CMX_RB5_3H                     000000EF
_T3CMX_RC0_3H                     000000FF
_WDTEN_NOSLP_2H                   000000FD
_WDTEN_OFF_2H                     000000FC
_WDTEN_ON_2H                      000000FF
_WDTEN_SWON_2H                    000000FE
_WDTPS_1024_2H                    000000EB
_WDTPS_128_2H                     000000DF
_WDTPS_16384_2H                   000000FB
_WDTPS_16_2H                      000000D3
_WDTPS_1_2H                       000000C3
_WDTPS_2048_2H                    000000EF
_WDTPS_256_2H                     000000E3
_WDTPS_2_2H                       000000C7
_WDTPS_32768_2H                   000000FF
_WDTPS_32_2H                      000000D7
_WDTPS_4096_2H                    000000F3
_WDTPS_4_2H                       000000CB
_WDTPS_512_2H                     000000E7
_WDTPS_64_2H                      000000DB
_WDTPS_8192_2H                    000000F7
_WDTPS_8_2H                       000000CF
_WRT0_OFF_6L                      000000FF
_WRT0_ON_6L                       000000FE
_WRT1_OFF_6L                      000000FF
_WRT1_ON_6L                       000000FD
_WRT2_OFF_6L                      000000FF
_WRT2_ON_6L                       000000FB
_WRT3_OFF_6L                      000000FF
_WRT3_ON_6L                       000000F7
_WRTB_OFF_6H                      000000FF
_WRTB_ON_6H                       000000BF
_WRTC_OFF_6H                      000000FF
_WRTC_ON_6H                       000000DF
_WRTD_OFF_6H                      000000FF
_WRTD_ON_6H                       0000007F
_XINST_OFF_4L                     000000BF
_XINST_ON_4L                      000000FF
__18F45K50                        00000001
_nLPBOR_OFF_2L                    000000FF
_nLPBOR_ON_2L                     000000BF
_nPWRTEN_OFF_2L                   000000FF
_nPWRTEN_ON_2L                    000000FE
b1                                00000000
b2                                00000001
b3                                00000002
b4                                00000006
MPASM 5.87                       PART1_2.ASM   9-15-2021  18:09:07         PAGE 28


SYMBOL TABLE
  LABEL                             VALUE 

delay                             00000124
loop1                             00000130
loop2                             0000013C
loop3                             00000152

Errors   :     0
Warnings :     0 reported,     0 suppressed
Messages :     0 reported,     0 suppressed

