MPASM 5.87                    EJERCICIO2.ASM   10-10-2021  23:23:15         PAGE  1


LOC  OBJECT CODE     LINE SOURCE TEXT
  VALUE

                      00001     #include "p18f45k50.inc"
                      00001         LIST
                      00002 
                      00003 ;==========================================================================
                      00004 ; Build date : Jan 06 2020
                      00005 ;  MPASM PIC18F45K50 processor include
                      00006 ; 
                      00007 ;  (c) Copyright 1999-2020 Microchip Technology, All rights reserved
                      00008 ;==========================================================================
                      00009 
                      02340         LIST
                      00002     processor 18f45k50  ; (opcional).
                      00003     
                      00004     org 0x00
000000 EF?? F???      00005     goto CONFIGURE
                      00006     org 0x08            ; posición para interrupciones.
000008 0010           00007     retfie
                      00008     org 0x18            ; posición para interrupciones.
000018 0010           00009     retfie
                      00010     
                      00011 ; DEFINICIÓN DE PUERTOS.
                      00012     #define RS LATC, 0, A       ; RC0 -> Register Select.
                      00013     #define RW LATC, 1, A       ; RC1 -> Read/Write.
                      00014     #define E LATC, 2, A        ; RC2 -> Enable.
                      00015     #define flag PORTD, 7, A    ; RD7 -> Busy flag.
                      00016     #define configFlag TRISD, 7, A  ; Switch flag from INPUT to OUTPUT and viceversa.
                      00017     #define dataLCD LATD, A
                      00018 ; DEFINICIÓN DE BITS QUE REPRESENTAN OPERACIONES.
                      00019     #define BIT_SUMA OP, 7, A
                      00020     #define BIT_RESTA OP, 6, A
                      00021     #define BIT_MULT OP, 5, A
                      00022     #define BIT_DIV OP, 4, A
                      00023 ; DEFINICIÓN DE REGISTROS VARIABLES.
  00000010            00024 NUM1                EQU 0x10
  00000011            00025 NUM2                EQU 0x11
  00000012            00026 OP                  EQU 0x12
  00000013            00027 TEMP                EQU 0x13
  00000014            00028 TEMP2               EQU 0x14
  00000015            00029 COUNTER             EQU 0x15
  00000016            00030 DECENAS_UNIDADES    EQU 0x16
  00000017            00031 DECENAS             EQU 0X17
  00000018            00032 UNIDADES            EQU 0X18
  00000019            00033 OPERACION           EQU 0X19
  0000001A            00034 POSICION            EQU 0x1A
                      00035 ; DEFINICION DE REGISTROS PARA DELAYS.
  00000020            00036 var1                EQU 0x20
  00000021            00037 var2                EQU 0x21
  00000022            00038 var3                EQU 0x22
  00000023            00039 _256                EQU 0x23
  00000024            00040 _26                 EQU 0x24
                      00041         
00001A                00042 CONFIGURE
                      00043     org 0x40                    ; Código principal.
MPASM 5.87                    EJERCICIO2.ASM   10-10-2021  23:23:15         PAGE  2


LOC  OBJECT CODE     LINE SOURCE TEXT
  VALUE

000040 010F           00044     movlb   .15
000042 9EF1           00045     bcf     INTCON2, 7          ; ENABLE pull-ups.
000044 6B5C           00046     clrf    ANSELB, BANKED      ; REGB -> DIGITAL.
000046 0E0F           00047     movlw   b'00001111' 
000048 6E93           00048     movwf   TRISB               ; REGB -> Mitad entradas/salidas.
00004A 6E85           00049     movwf   WPUB                ; REGB -> Mitad pull-ups.
00004C 6B5D           00050     clrf    ANSELC, BANKED      ; REGC -> Digital. 
00004E 6A94           00051     clrf    TRISC, A            ; REGC -> Output.
000050 6B5E           00052     clrf    ANSELD, BANKED      ; REGD -> Digital.
000052 6A95           00053     clrf    TRISD, A            ; REGD -> Output.
000054 6A10           00054     clrf    NUM1                ; El numero 1 empieza en 0.
000056 6A16           00055     clrf    DECENAS_UNIDADES    ; Empieza en 0.
000058 6A17           00056     clrf    DECENAS             ; Empieza en 0.
00005A 6A18           00057     clrf    UNIDADES            ; Empieza en 0.
                      00058     
                      00059 
                      00060 
00005C                00061 LCD_CONFIGURATION       
00005C 948B           00062     bcf     E
00005E EC?? F???      00063     call    delay100ms
000062 0E38           00064     movlw   b'00111000'                 ; 8-bit, 2 lines, 5x7.
000064 EC?? F???      00065     call    INSTRUCTION_WRITE
000068 0E06           00066     movlw   b'00000110'                 ; No display shift.
00006A EC?? F???      00067     call    INSTRUCTION_WRITE
00006E 0E14           00068     movlw   b'00010100'                 ; Increment cursor position, diplay shift.
000070 EC?? F???      00069     call    INSTRUCTION_WRITE
000074 0E0F           00070     movlw   b'00001111'                 ; Display on, cursor on, blynk on.
000076 EC?? F???      00071     call    INSTRUCTION_WRITE
00007A 0E01           00072     movlw   b'00000001'                 ; Clear display and return to home position.
00007C EC?? F???      00073     call    INSTRUCTION_WRITE
                      00074     
                      00075 ; PROCESO PARA RECIBIR DATOS Y MANDAR LLAMAR LA OPERACION ADECUADA.
000080                00076 NUMERO1
000080 0E00           00077     movlw   0x00
000082 6E1A           00078     movwf   POSICION                    ; Posicion = 0x00.
000084 EC?? F???      00079     call    RECORRIDO
000088 C013 F010      00080     movff   TEMP, NUM1                  ; El ultimo numero presionado sera NUM1.
00008C C014 F012      00081     movff   TEMP2, OP                   ; El ultimo operando presionado sera OP.
000090 5212           00082     movf    OP, F, A                    ; Activar OP en STATUS.
000092 B4D8           00083     btfsc   STATUS, Z, A                ; Revisa si OP = 0.
000094 EF?? F???      00084     goto    NUMERO1                     ; Eso significa RESET.
000098 0E01           00085     movlw   b'00000001'                 ; Clear display and return to home position.
00009A EC?? F???      00086     call    INSTRUCTION_WRITE
00009E 5013           00087     movf    TEMP, W, A
0000A0 EC?? F???      00088     call    CONVERSION                  ; Convertir el numero a decenas y unidades.
0000A4 5017           00089     movf    DECENAS, W, A               ; Cargar decenas y enviar a la LCD.
0000A6 EC?? F???      00090     call    WRITE_NUMBER
0000AA 5018           00091     movf    UNIDADES, W, A              ; Cargar unidades y enviar a la LCD.
0000AC EC?? F???      00092     call    WRITE_NUMBER
0000B0 5019           00093     movf    OPERACION, W, A             ; Cargar operacion y enviar a la LCD.
0000B2 EC?? F???      00094     call    DATA_WRITE
                      00095     
0000B6                00096 NUMERO2
MPASM 5.87                    EJERCICIO2.ASM   10-10-2021  23:23:15         PAGE  3


LOC  OBJECT CODE     LINE SOURCE TEXT
  VALUE

0000B6 0E03           00097     movlw   0x03
0000B8 6E1A           00098     movwf   POSICION                    ; Posicion = 0x03.
0000BA EC?? F???      00099     call    RECORRIDO
0000BE C013 F011      00100     movff   TEMP, NUM2                  ; El ultimo numero presionado sera NUM2.
0000C2 5212           00101     movf    OP, F, A                    ; Activar OP en STATUS.
0000C4 B4D8           00102     btfsc   STATUS, Z, A                ; Revisa si OP = 0.
0000C6 EF?? F???      00103     goto    NUMERO1                     ; Eso significa RESET.
0000CA 5011           00104     movf    NUM2, W, A
0000CC 0E3D           00105     movlw   '='                         ; Cargar igual y enviar a la LCD.
0000CE EC?? F???      00106     call    DATA_WRITE
0000D2 0E40           00107     movlw   0x40                        ; Mover cursor al segundo renglon para el resultado.
0000D4 8EE8           00108     bsf     WREG, 7, A          
0000D6 EC?? F???      00109     call    INSTRUCTION_WRITE
                      00110     
0000DA                00111 OPERACIONES
0000DA BE12           00112     btfsc   BIT_SUMA
0000DC EC?? F???      00113     call    SUMA                        ; Si esta activo el bit de suma, llamar a SUMA.
0000E0 BC12           00114     btfsc   BIT_RESTA
0000E2 EC?? F???      00115     call    RESTA                       ; Si esta activo el bit de resta, llamar a RESTA.
0000E6 BA12           00116     btfsc   BIT_MULT
0000E8 EC?? F???      00117     call    MULTIPLICACION              ; Si esta activo el bit de multiplicacion, llamar a MULTIPLICACI
                            ON.
0000EC B812           00118     btfsc   BIT_DIV
0000EE EC?? F???      00119     call    DIVISION                    ; Si esta activo el bit de division, llamar a DIVISION.
0000F2 5212           00120     movf    OP, F, A                    ; Activar OP en STATUS.
0000F4 B4D8           00121     btfsc   STATUS, Z, A                ; Revisa si OP = 0.
0000F6 EF?? F???      00122     goto    NUMERO1                     ; Eso significa RESET.
0000FA C010 F013      00123     movff   NUM1, TEMP                  ; Cargar el mismo numero en TEMP que en NUM1
0000FE 5010           00124     movf    NUM1, W, A                  ; Convertir el resultado almacenado en NUM1 a decenas y unidades
                            .
000100 EC?? F???      00125     call    CONVERSION                  ; Convertir a decenas y unidades antes de la proxima repeticion.
000104 5017           00126     movf    DECENAS, W, A               ; Cargar decenas y enviar a la LCD.
000106 EC?? F???      00127     call    WRITE_NUMBER
00010A 5018           00128     movf    UNIDADES, W, A              ; Cargar unidades y enviar a la LCD.
00010C EC?? F???      00129     call    WRITE_NUMBER
                      00130     
000110 EF?? F???      00131     goto    NUMERO1
                      00132 
                      00133 ; PROCESO PARA HACER UN RECORRIDO Y DETECTAR ENTRADA DEL TECLADO.
000114                00134 RECORRIDO
000114 0EEF           00135     movlw   b'11101111'                 ; ACTIVAR COLUMNA 1 (1, 4, 7, *).
000116 6E8A           00136     movwf   LATB, A
000118 A081           00137     btfss   PORTB, 0, A                 ; Revisar si se presiona el 1.
00011A EF?? F???      00138     goto    UNO
00011E A281           00139     btfss   PORTB, 1, A                 ; Revisar si se presiona el 4.
000120 EF?? F???      00140     goto    CUATRO
000124 A481           00141     btfss   PORTB, 2, A                 ; Revisar si se presiona el 7.
000126 EF?? F???      00142     goto    SIETE
00012A A681           00143     btfss   PORTB, 3, A                 ; Revisar si se presiona el *.
00012C EF?? F???      00144     goto    ASTERISCO_RETURN
000130 0EDF           00145     movlw   b'11011111'                 ; ACTIVAR COLUMNA 2 (2, 5, 8, 0).
000132 6E8A           00146     movwf   LATB, A
000134 A081           00147     btfss   PORTB, 0, A                 ; Revisar si se presiona el 2.
MPASM 5.87                    EJERCICIO2.ASM   10-10-2021  23:23:15         PAGE  4


LOC  OBJECT CODE     LINE SOURCE TEXT
  VALUE

000136 EF?? F???      00148     goto    DOS
00013A A281           00149     btfss   PORTB, 1, A                 ; Revisar si se presiona el 5.
00013C EF?? F???      00150     goto    CINCO
000140 A481           00151     btfss   PORTB, 2, A                 ; Revisar si se presiona el 8.
000142 EF?? F???      00152     goto    OCHO
000146 A681           00153     btfss   PORTB, 3, A                 ; Revisar si se presiona el 0.
000148 EF?? F???      00154     goto    CERO
00014C 0EBF           00155     movlw   b'10111111'                 ; ACTIVAR COLUMNA 3 (3, 6, 9, #).
00014E 6E8A           00156     movwf   LATB, A
000150 A081           00157     btfss   PORTB, 0, A                 ; Revisar si se presiona el 3.
000152 EF?? F???      00158     goto    TRES
000156 A281           00159     btfss   PORTB, 1, A                 ; Revisar si se presiona el 6.
000158 EF?? F???      00160     goto    SEIS
00015C A481           00161     btfss   PORTB, 2, A                 ; Revisar si se presiona el 9.
00015E EF?? F???      00162     goto    NUEVE
000162 A681           00163     btfss   PORTB, 3, A                 ; Revisar si se presiona el #.
000164 EF?? F???      00164     goto    GATO_RETURN
000168 0E7F           00165     movlw   b'01111111'                 ; ACTIVAR COLUMNA 4 (A, B, C, D).
00016A 6E8A           00166     movwf   LATB, A
00016C A081           00167     btfss   PORTB, 0, A                 ; Revisar si se presiona el A.
00016E EF?? F???      00168     goto    _A_RETURN                   ; Los operandos son motivo para salir del ciclo.
000172 A281           00169     btfss   PORTB, 1, A                 ; Revisar si se presiona el B.
000174 EF?? F???      00170     goto    _B_RETURN                   ; Los operandos son motivo para salir del ciclo.
000178 A481           00171     btfss   PORTB, 2, A                 ; Revisar si se presiona el C.
00017A EF?? F???      00172     goto    _C_RETURN                   ; Los operandos son motivo para salir del ciclo.
00017E A681           00173     btfss   PORTB, 3, A                 ; Revisar si se presiona el D.
000180 EF?? F???      00174     goto    _D_RETURN                   ; Los operandos son motivo para salir del ciclo.    
000184 EF?? F???      00175     goto    RECORRIDO                   ; Si no se presiona un operando, seguir en espera.
                      00176     
                      00177 ; MENU DE BOTONES QUE NO LLEVAN A UN RETURN.
000188                00178 UNO
000188 A081           00179     btfss   PORTB, 0, A                 ; Revisar si sigue presionado el 1.
00018A EF?? F???      00180     goto    UNO                         ; Si aun no se suleta, esperar.
00018E 0E01           00181     movlw   .1
000190 6E13           00182     movwf   TEMP, A
000192 6E89           00183     movwf   LATA, A                     ; Prender un 1 en binario.
000194 EC?? F???      00184     call    DELAY_20ms                  ; Antirebote.
000198 EF?? F???      00185     goto    NEW_NUMBER                  ; Regresar a ver si se presiona otro boton.
00019C                00186 DOS
00019C A081           00187     btfss   PORTB, 0, A                 ; Revisar si sigue presionado el 2.
00019E EF?? F???      00188     goto    DOS                         ; Si aun no se suleta, esperar.
0001A2 0E02           00189     movlw   .2
0001A4 6E13           00190     movwf   TEMP, A                     ; TEMP sirve para guardar el ultimo valor de WREG.
0001A6 6E89           00191     movwf   LATA, A                     ; Prender un 2 en binario.
0001A8 EC?? F???      00192     call    DELAY_20ms                  ; Antirebote.
0001AC EF?? F???      00193     goto    NEW_NUMBER                  ; Regresar a ver si se presiona otro boton.
0001B0                00194 TRES
0001B0 A081           00195     btfss   PORTB, 0, A                 ; Revisar si sigue presionado el 3.
0001B2 EF?? F???      00196     goto    TRES                        ; Si aun no se suleta, esperar.
0001B6 0E03           00197     movlw   .3
0001B8 6E13           00198     movwf   TEMP, A                     ; TEMP sirve para guardar el ultimo valor de WREG.
0001BA 6E89           00199     movwf   LATA, A                     ; Prender un 3 en binario.
0001BC EC?? F???      00200     call    DELAY_20ms                  ; Antirebote.
MPASM 5.87                    EJERCICIO2.ASM   10-10-2021  23:23:15         PAGE  5


LOC  OBJECT CODE     LINE SOURCE TEXT
  VALUE

0001C0 EF?? F???      00201     goto    NEW_NUMBER                  ; Regresar a ver si se presiona otro boton.
0001C4                00202 CUATRO
0001C4 A281           00203     btfss   PORTB, 1, A                 ; Revisar si sigue presionado el 4.
0001C6 EF?? F???      00204     goto    CUATRO                      ; Si aun no se suleta, esperar.
0001CA 0E04           00205     movlw   .4
0001CC 6E13           00206     movwf   TEMP, A                     ; TEMP sirve para guardar el ultimo valor de WREG.
0001CE 6E89           00207     movwf   LATA, A                     ; Prender un 4 en binario.
0001D0 EC?? F???      00208     call    DELAY_20ms                  ; Antirebote.
0001D4 EF?? F???      00209     goto    NEW_NUMBER                  ; Regresar a ver si se presiona otro boton.
0001D8                00210 CINCO
0001D8 A281           00211     btfss   PORTB, 1, A                 ; Revisar si sigue presionado el 5.
0001DA EF?? F???      00212     goto    CINCO                       ; Si aun no se suleta, esperar.
0001DE 0E05           00213     movlw   .5
0001E0 6E13           00214     movwf   TEMP, A                     ; TEMP sirve para guardar el ultimo valor de WREG.
0001E2 6E89           00215     movwf   LATA, A                     ; Prender un 5 en binario.
0001E4 EC?? F???      00216     call    DELAY_20ms                  ; Antirebote.
0001E8 EF?? F???      00217     goto    NEW_NUMBER                  ; Regresar a ver si se presiona otro boton.
0001EC                00218 SEIS
0001EC A281           00219     btfss   PORTB, 1, A                 ; Revisar si sigue presionado el 6.
0001EE EF?? F???      00220     goto    SEIS                        ; Si aun no se suleta, esperar.
0001F2 0E06           00221     movlw   .6
0001F4 6E13           00222     movwf   TEMP, A                     ; TEMP sirve para guardar el ultimo valor de WREG.
0001F6 6E89           00223     movwf   LATA, A                     ; Prender un 6 en binario.
0001F8 EC?? F???      00224     call    DELAY_20ms                  ; Antirebote.
0001FC EF?? F???      00225     goto    NEW_NUMBER                  ; Regresar a ver si se presiona otro boton.
000200                00226 SIETE
000200 A481           00227     btfss   PORTB, 2, A                 ; Revisar si sigue presionado el 7.
000202 EF?? F???      00228     goto    SIETE                       ; Si aun no se suleta, esperar.
000206 0E07           00229     movlw   .7
000208 6E13           00230     movwf   TEMP, A                     ; TEMP sirve para guardar el ultimo valor de WREG.
00020A 6E89           00231     movwf   LATA, A                     ; Prender un 7 en binario.
00020C EC?? F???      00232     call    DELAY_20ms                  ; Antirebote.
000210 EF?? F???      00233     goto    NEW_NUMBER                  ; Regresar a ver si se presiona otro boton.
000214                00234 OCHO
000214 A481           00235     btfss   PORTB, 2, A                 ; Revisar si sigue presionado el 8.
000216 EF?? F???      00236     goto    OCHO                        ; Si aun no se suleta, esperar.
00021A 0E08           00237     movlw   .8
00021C 6E13           00238     movwf   TEMP, A                     ; TEMP sirve para guardar el ultimo valor de WREG.
00021E 6E89           00239     movwf   LATA, A                     ; Prender un 8 en binario.
000220 EC?? F???      00240     call    DELAY_20ms                  ; Antirebote.
000224 EF?? F???      00241     goto    NEW_NUMBER                  ; Regresar a ver si se presiona otro boton.
000228                00242 NUEVE
000228 A481           00243     btfss   PORTB, 2, A                 ; Revisar si sigue presionado el 9.
00022A EF?? F???      00244     goto    NUEVE                       ; Si aun no se suleta, esperar.
00022E 0E09           00245     movlw   .9
000230 6E13           00246     movwf   TEMP, A                     ; TEMP sirve para guardar el ultimo valor de WREG.
000232 6E89           00247     movwf   LATA, A                     ; Prender un 9 en binario.
000234 EC?? F???      00248     call    DELAY_20ms                  ; Antirebote.
000238 EF?? F???      00249     goto    NEW_NUMBER                  ; Regresar a ver si se presiona otro boton.
00023C                00250 CERO
00023C A681           00251     btfss   PORTB, 3, A                 ; Revisar si sigue presionado el 0.
00023E EF?? F???      00252     goto    CERO                        ; Si aun no se suleta, esperar.
000242 0E00           00253     movlw   .0
MPASM 5.87                    EJERCICIO2.ASM   10-10-2021  23:23:15         PAGE  6


LOC  OBJECT CODE     LINE SOURCE TEXT
  VALUE

000244 6E13           00254     movwf   TEMP, A                     ; TEMP sirve para guardar el ultimo valor de WREG.
000246 6E89           00255     movwf   LATA, A                     ; Prender un 0 en binario.
000248 EC?? F???      00256     call    DELAY_20ms                  ; Antirebote.
00024C EF?? F???      00257     goto    NEW_NUMBER                  ; Regresar a ver si se presiona otro boton.
000250                00258 NEW_NUMBER
000250 501A           00259     movf    POSICION, W, A              ; Mover cursor a la posicion guardada.
000252 8EE8           00260     bsf     WREG, 7, A          
000254 EC?? F???      00261     call    INSTRUCTION_WRITE
000258 5013           00262     movf    TEMP, W, A
00025A EC?? F???      00263     call    CONVERSION                  ; Convertir el numero a decenas y unidades.
00025E 5017           00264     movf    DECENAS, W, A               ; Cargar decenas y enviar a la LCD.
000260 EC?? F???      00265     call    WRITE_NUMBER
000264 5018           00266     movf    UNIDADES, W, A              ; Cargar unidades y enviar a la LCD.
000266 EC?? F???      00267     call    WRITE_NUMBER
00026A EF?? F???      00268     goto    RECORRIDO
                      00269     
                      00270 ; MENU DE BOTONES QUE LLEVAN A UN RETURN.
00026E                00271 _A_RETURN                               ; SUMA.
00026E A081           00272     btfss   PORTB, 0, A                 ; Revisar si sigue presionado el A.
000270 EF?? F???      00273     goto    _A_RETURN                   ; Si aun no se suleta, esperar.
000274 0E80           00274     movlw   b'10000000'                 ; Se enciende bit de suma.
000276 6E14           00275     movwf   TEMP2, A                    ; TEMP sirve para guardar el operando.
000278 0E2B           00276     movlw   '+'
00027A 6E19           00277     movwf   OPERACION                   ; Guardar símbolo.
00027C 6E89           00278     movwf   LATA, A                     ; Prender LED 7.
00027E EC?? F???      00279     call    DELAY_20ms                  ; Antirebote.
000282 0012           00280     return
000284                00281 _B_RETURN                               ; RESTA.
000284 A281           00282     btfss   PORTB, 1, A                 ; Revisar si sigue presionado el B.
000286 EF?? F???      00283     goto    _B_RETURN                   ; Si aun no se suleta, esperar.
00028A 0E40           00284     movlw   b'01000000'                 ; Se enciende bit de resta.
00028C 6E14           00285     movwf   TEMP2, A                    ; TEMP sirve para guardar el operando.
00028E 0E2D           00286     movlw   '-'
000290 6E19           00287     movwf   OPERACION                   ; Guardar símbolo.
000292 6E89           00288     movwf   LATA, A                     ; Prender LED 6.
000294 EC?? F???      00289     call    DELAY_20ms                  ; Antirebote.
000298 0012           00290     return
00029A                00291 _C_RETURN                               ; MULTIPLICACION.
00029A A481           00292     btfss   PORTB, 2, A                 ; Revisar si sigue presionado el C.
00029C EF?? F???      00293     goto    _C_RETURN                   ; Si aun no se suleta, esperar.
0002A0 0E20           00294     movlw   b'00100000'                 ; Se enciende bit de multiplicacion.
0002A2 6E14           00295     movwf   TEMP2, A                    ; TEMP sirve para guardar el operando.
0002A4 0E2A           00296     movlw   '*'
0002A6 6E19           00297     movwf   OPERACION                   ; Guardar símbolo.
0002A8 6E89           00298     movwf   LATA, A                     ; Prender LED 5.
0002AA EC?? F???      00299     call    DELAY_20ms                  ; Antirebote.
0002AE 0012           00300     return
0002B0                00301 _D_RETURN                               ; DIVISION.
0002B0 A681           00302     btfss   PORTB, 3, A                 ; Revisar si sigue presionado el D.
0002B2 EF?? F???      00303     goto    _D_RETURN                   ; Si aun no se suleta, esperar.
0002B6 0E10           00304     movlw   b'00010000'                 ; Se enciende bit de division.
0002B8 6E14           00305     movwf   TEMP2, A                    ; TEMP sirve para guardar el operando.
0002BA 0E2F           00306     movlw   '/'
MPASM 5.87                    EJERCICIO2.ASM   10-10-2021  23:23:15         PAGE  7


LOC  OBJECT CODE     LINE SOURCE TEXT
  VALUE

0002BC 6E19           00307     movwf   OPERACION                   ; Guardar símbolo.
0002BE 6E89           00308     movwf   LATA, A                     ; Prender LED 4.
0002C0 EC?? F???      00309     call    DELAY_20ms                  ; Antirebote.
0002C4 0012           00310     return
0002C6                00311 ASTERISCO_RETURN                        ; IGUAL.
0002C6 A681           00312     btfss   PORTB, 3, A                 ; Revisar si sigue presionado el *.
0002C8 EF?? F???      00313     goto    ASTERISCO_RETURN            ; Si aun no se suleta, esperar.
0002CC EC?? F???      00314     call    DELAY_20ms                  ; Antirebote.
0002D0 0012           00315     return                              ; Ir a la seleccion de operaciones.
0002D2                00316 GATO_RETURN                             ; RESET.
0002D2 A681           00317     btfss   PORTB, 3, A                 ; Revisar si sigue presionado el #.
0002D4 EF?? F???      00318     goto    GATO_RETURN                 ; Si aun no se suleta, esperar.
0002D8 6AE8           00319     clrf    WREG                        ; Borrar todo.
0002DA 6A10           00320     clrf    NUM1
0002DC 6A11           00321     clrf    NUM2
0002DE 6A12           00322     clrf    OP
0002E0 6A13           00323     clrf    TEMP
0002E2 6A14           00324     clrf    TEMP2
0002E4 6A16           00325     clrf    DECENAS_UNIDADES
0002E6 6A17           00326     clrf    DECENAS
0002E8 6A18           00327     clrf    UNIDADES
0002EA 6A89           00328     clrf    LATA
0002EC EC?? F???      00329     call    DELAY_20ms                  ; Antirebote.
0002F0 0E01           00330     movlw   b'00000001'                 ; Clear display and return to home position.
0002F2 EC?? F???      00331     call    INSTRUCTION_WRITE
0002F6 0012           00332     return
                      00333 
                      00334 ; OPERACIONES
0002F8                00335 SUMA
0002F8 5010           00336     movf    NUM1, W, A                  ; Mover NUM1 a WREG.
0002FA 2411           00337     addwf   NUM2, W, A                  ; Sumarle NUM2.
0002FC 6E10           00338     movwf   NUM1, A                     ; Guardar el resultado en NUM1.
0002FE 0012           00339     return
                      00340     
000300                00341 RESTA
000300 5011           00342     movf    NUM2, W, A                  ; Mover NUM2 a WREG.
000302 5C10           00343     subwf   NUM1, W, A                  ; Restar NUM1-NUM2.
000304 6EE8           00344     movwf   WREG, A                     ; Activar WREG en STATUS.
000306 B8D8           00345     btfsc   STATUS, N, A                ; Checar si dio un numero negativo.
000308 EF?? F???      00346     goto    NEGATIVO
00030C 6E10           00347     movwf   NUM1, A                     ; Guardar el resultado en NUM1.
00030E 0012           00348     return
000310                00349 NEGATIVO
000310 5010           00350     movf    NUM1, W, A                  ; Mover NUM1 a WREG.
000312 5C11           00351     subwf   NUM2, W, A                  ; Restar NUM2-NUM1 (al reves).
000314 6E10           00352     movwf   NUM1                        ; Guardar en NUM1.
000316 8E10           00353     bsf     NUM1, 7, A                  ; Activar bit de negativo.
000318 0012           00354     return
                      00355     
00031A                00356 MULTIPLICACION
00031A 5010           00357     movf    NUM1, W, A                  ; Mover NUM1 a WREG.
00031C 0211           00358     mulwf   NUM2, A                     ; Multiplicar NUM1*NUM2.
00031E CFF3 F010      00359     movff   PRODL, NUM1                 ; Copiar el resultado guardado en PRODL a NUM1.
MPASM 5.87                    EJERCICIO2.ASM   10-10-2021  23:23:15         PAGE  8


LOC  OBJECT CODE     LINE SOURCE TEXT
  VALUE

000322 0012           00360     return
                      00361     
000324                00362 DIVISION
000324 5211           00363     movf    NUM2, F, A                  ; Activar NUM2 en STATUS.
000326 B4D8           00364     btfsc   STATUS, Z, A
000328 EF?? F???      00365     goto    _ERROR                      ; Si NUM2 = 0, ir a _ERROR.
00032C 6A15           00366     clrf    COUNTER, A                  ; Resetear el contador.
00032E 5011           00367     movf    NUM2, W, A                  ; Cargar NUM2 en WREG.
000330                00368 CUENTA
000330 5E10           00369     subwf   NUM1, F, A                  ; Se resta NUM1-NUM2 y se guarda en NUM1.
000332 5210           00370     movf    NUM1, F, A                  ; Activar NUM1 en STATUS.
000334 B8D8           00371     btfsc   STATUS, N, A
000336 EF?? F???      00372     goto    CUENTA_FINAL                ; Si NUM1 ya es negativo, hacer procedimientos antes de regresar
                            .
00033A 2A15           00373     incf    COUNTER                     ; De lo contrario, aumentar el contador y repetir.
00033C EF?? F???      00374     goto    CUENTA
000340                00375 CUENTA_FINAL
000340 C015 F010      00376     movff   COUNTER, NUM1               ; NUM1 es igual a la cuenta almacenada.
000344 0012           00377     return
                      00378     
000346                00379 _ERROR
000346 0E40           00380     movlw   0x40                        ; Mover cursor al segundo renglon para el resultado.
000348 8EE8           00381     bsf     WREG, 7, A          
00034A EC?? F???      00382     call    INSTRUCTION_WRITE
00034E 0E45           00383     movlw   'E'                         ; Escribir mensaje de error.
000350 EC?? F???      00384     call    DATA_WRITE
000354 0E52           00385     movlw   'R'
000356 EC?? F???      00386     call    DATA_WRITE
00035A 0E52           00387     movlw   'R'
00035C EC?? F???      00388     call    DATA_WRITE
000360 0E4F           00389     movlw   'O'
000362 EC?? F???      00390     call    DATA_WRITE
000366 0E52           00391     movlw   'R'
000368 EC?? F???      00392     call    DATA_WRITE
00036C 0EBF           00393     movlw   b'10111111'                 ; ACTIVAR COLUMNA 3 (3, 6, 9, #).
00036E 6E8A           00394     movwf   LATB, A
000370                00395 loop 
000370 A681           00396     btfss   PORTB, 3, A                 ; Revisar si se presiona el #.
000372 EF?? F???      00397     goto    GATO_RETURN
000376 EF?? F???      00398     goto    loop
                      00399     
00037A                00400 CONVERSION
00037A 6E16           00401     movwf   DECENAS_UNIDADES            ; Cargar el numero a convertir en DECENAS_UNIDADES.
00037C 6A15           00402     clrf    COUNTER, A                  ; Resetear el contador.
00037E 0E0A           00403     movlw   .10                         ; Cargar un 10 en WREG.
000380                00404 CUENTA_DECENAS
000380 C016 F018      00405     movff   DECENAS_UNIDADES, UNIDADES  ; Antes de restarle, guardar el resultado anterior en UNIDADES.
000384 5E16           00406     subwf   DECENAS_UNIDADES, F, A      ; Se resta DECENAS-10 y se guarda en NUM1.
000386 5216           00407     movf    DECENAS_UNIDADES, F, A      ; Activar DECENAS en STATUS.
000388 B8D8           00408     btfsc   STATUS, N, A
00038A EF?? F???      00409     goto    CUENTA_DECENAS_FINAL        ; Si NUM1 ya es negativo, hacer procedimientos antes de regresar
                            .
00038E 2A15           00410     incf    COUNTER                     ; De lo contrario, aumentar el contador y repetir.
MPASM 5.87                    EJERCICIO2.ASM   10-10-2021  23:23:15         PAGE  9


LOC  OBJECT CODE     LINE SOURCE TEXT
  VALUE

000390 EF?? F???      00411     goto    CUENTA_DECENAS
000394                00412 CUENTA_DECENAS_FINAL
000394 C015 F016      00413     movff   COUNTER, DECENAS_UNIDADES   
000398 C015 F017      00414     movff   COUNTER, DECENAS            ; DECENAS es igual a la cuenta almacenada de decenas.
00039C 5018           00415     movf    UNIDADES, W, A              ; Mover el valor almacenado en TEMP2 (residuo) a WREG.
00039E 0012           00416     return
                      00417 
0003A0                00418 WRITE_NUMBER
0003A0 6E20           00419     movwf   var1                        ; Guardar el numero a convertir en var1.
0003A2 0E30           00420     movlw   .48                         ; Sumarle 48 y guardar en WREG
0003A4 2420           00421     addwf   var1, W, A                  ; para convertir en ASCII.      
0003A6 EC?? F???      00422     call    DATA_WRITE
0003AA 0012           00423     return
                      00424     
0003AC                00425 INSTRUCTION_WRITE
0003AC 908B           00426     bcf     RS                  ; RS -> 0
0003AE 928B           00427     bcf     RW                  ; RW -> 0
0003B0 EF?? F???      00428     goto    SEND_DATA
0003B4                00429 DATA_WRITE
0003B4 808B           00430     bsf     RS                  ; RS -> 1
0003B6 928B           00431     bcf     RW                  ; RW -> 0
0003B8 EF?? F???      00432     goto    SEND_DATA
0003BC                00433 DATA_READ
0003BC 808B           00434     bsf     RS                  ; RS -> 1
0003BE 828B           00435     bsf     RW                  ; RW -> 1
0003C0 EF?? F???      00436     goto    SEND_DATA
0003C4                00437 SEND_DATA
0003C4 848B           00438     bsf     E                   ; Enable.
0003C6 6E8C           00439     movwf   dataLCD             ; Data transmission.
0003C8 0000           00440     nop                         ; Wait 1us to make sure the instruction was recieved.
0003CA 948B           00441     bcf     E                   ; Stop Enable.
0003CC EC?? F???      00442     call    ESPERA_LCD          ; Wait to see if LCD is done.
0003D0 0012           00443     return
                      00444     
0003D2                00445 ESPERA_LCD
0003D2 8E95           00446     bsf     configFlag          ; RD7 -> INPUT (to be able to  read it).
0003D4 908B           00447     bcf     RS                  ; RS -> 0
0003D6 828B           00448     bsf     RW                  ; RW -> 1
0003D8 848B           00449     bsf     E                   ; E -> 1
0003DA 0000           00450     nop
0003DC                00451 REGRESA
                      00452     ;call    delay100ms         ; Wait 100us.
0003DC BE83           00453     btfsc   flag                ; Read bussy flag.
0003DE EF?? F???      00454     goto    REGRESA             ; If set, keep waiting.
0003E2 948B           00455     bcf     E
0003E4 9E95           00456     bcf     configFlag          ; RD7 -> OUTPUT again.
0003E6 0012           00457     return                      ; If not set, return.
                      00458     
0003E8                00459 delay100us
0003E8 0E21           00460     movlw   .33
0003EA 6E20           00461     movwf   var1
0003EC                00462 loop1                           
0003EC 2E20           00463     decfsz  var1
MPASM 5.87                    EJERCICIO2.ASM   10-10-2021  23:23:15         PAGE 10


LOC  OBJECT CODE     LINE SOURCE TEXT
  VALUE

0003EE EF?? F???      00464     goto    loop1
                      00465     ; 100us approx.
0003F2 0012           00466     return
                      00467 
0003F4                00468 DELAY_20ms
0003F4 0E00           00469     movlw   .0                  
0003F6 6E23           00470     movwf   _256
0003F8 0E1A           00471     movlw   .26
0003FA 6E24           00472     movwf   _26 
0003FC                00473 LOOP1
0003FC 2E23           00474     decfsz  _256
0003FE EF?? F???      00475     goto    LOOP1               ; (3)*256
000402 2E24           00476     decfsz  _26
000404 EF?? F???      00477     goto    LOOP1               ; (3)*256*26 + (3)*26 = 78*256 + 78
                      00478     ; 20046+4 = 20.05ms approx. 
000408 0012           00479     return
                      00480     
00040A                00481 delay100ms
00040A 0E00           00482     movlw   .0                  ; 256
00040C 6E20           00483     movwf   var1
00040E 0E80           00484     movlw   .128
000410 6E21           00485     movwf   var2
000412                00486 loop2                           
000412 2E20           00487     decfsz  var1
000414 EF?? F???      00488     goto    loop2
000418 2E21           00489     decfsz  var2
00041A EF?? F???      00490     goto    loop2
                      00491     ; 100ms approx.
00041E 0012           00492     return
                      00493     
                      00494 ;
                      00495 ; CONFIGURATION BITS SETTING, THIS IS REQUIRED TO CONFITURE THE OPERATION OF THE MICROCONTROLLER
                      00496 ; AFTER RESET. ONCE PROGRAMMED IN THIS PRACTICA THIS IS NOT NECESARY TO INCLUDE IN FUTURE PROGRAMS
                      00497 ; IF THIS SETTINGS ARE NOT CHANGED. SEE SECTION 26 OF DATA SHEET. 
                      00498 ;   
                      00499 
                      00500 
                      00501 ; CONFIG1L
                      00502   CONFIG  PLLSEL = PLL4X        ; PLL Selection (4x clock multiplier)
                      00503   CONFIG  CFGPLLEN = OFF        ; PLL Enable Configuration bit (PLL Disabled (firmware controlled))
                      00504   CONFIG  CPUDIV = NOCLKDIV     ; CPU System Clock Postscaler (CPU uses system clock (no divide))
                      00505   CONFIG  LS48MHZ = SYS24X4     ; Low Speed USB mode with 48 MHz system clock (System clock at 24 MHz, U
                            SB clock divider is set to 4)
                      00506 
                      00507 ; CONFIG1H
                      00508   CONFIG  FOSC = INTOSCIO       ; Oscillator Selection (Internal oscillator)
                      00509   CONFIG  PCLKEN = ON           ; Primary Oscillator Shutdown (Primary oscillator enabled)
                      00510   CONFIG  FCMEN = OFF           ; Fail-Safe Clock Monitor (Fail-Safe Clock Monitor disabled)
                      00511   CONFIG  IESO = OFF            ; Internal/External Oscillator Switchover (Oscillator Switchover mode di
                            sabled)
                      00512 
                      00513 ; CONFIG2L
                      00514   CONFIG  nPWRTEN = OFF         ; Power-up Timer Enable (Power up timer disabled)
MPASM 5.87                    EJERCICIO2.ASM   10-10-2021  23:23:15         PAGE 11


LOC  OBJECT CODE     LINE SOURCE TEXT
  VALUE

                      00515   CONFIG  BOREN = SBORDIS       ; Brown-out Reset Enable (BOR enabled in hardware (SBOREN is ignored))
                      00516   CONFIG  BORV = 190            ; Brown-out Reset Voltage (BOR set to 1.9V nominal)
                      00517   CONFIG  nLPBOR = OFF          ; Low-Power Brown-out Reset (Low-Power Brown-out Reset disabled)
                      00518 
                      00519 ; CONFIG2H
                      00520   CONFIG  WDTEN = OFF           ; Watchdog Timer Enable bits (WDT disabled in hardware (SWDTEN ignored))
                      00521   CONFIG  WDTPS = 32768         ; Watchdog Timer Postscaler (1:32768)
                      00522 
                      00523 ; CONFIG3H
                      00524   CONFIG  CCP2MX = RC1          ; CCP2 MUX bit (CCP2 input/output is multiplexed with RC1)
                      00525   CONFIG  PBADEN = ON           ; PORTB A/D Enable bit (PORTB<5:0> pins are configured as analog input c
                            hannels on Reset)
                      00526   CONFIG  T3CMX = RC0           ; Timer3 Clock Input MUX bit (T3CKI function is on RC0)
                      00527   CONFIG  SDOMX = RB3           ; SDO Output MUX bit (SDO function is on RB3)
                      00528   CONFIG  MCLRE = ON            ; Master Clear Reset Pin Enable (MCLR pin enabled; RE3 input disabled)
                      00529 
                      00530 ; CONFIG4L
                      00531   CONFIG  STVREN = ON           ; Stack Full/Underflow Reset (Stack full/underflow will cause Reset)
                      00532   CONFIG  LVP = ON              ; Single-Supply ICSP Enable bit (Single-Supply ICSP enabled if MCLRE is 
                            also 1)
                      00533   CONFIG  ICPRT = OFF           ; Dedicated In-Circuit Debug/Programming Port Enable (ICPORT disabled)
                      00534   CONFIG  XINST = OFF           ; Extended Instruction Set Enable bit (Instruction set extension and Ind
                            exed Addressing mode disabled)
                      00535  
                      00536     end
MPASM 5.87                    EJERCICIO2.ASM   10-10-2021  23:23:15         PAGE 12


SYMBOL TABLE
  LABEL                             VALUE 

A                                 00000000
ABDEN                             00000000
ABDOVF                            00000007
ACCESS                            00000000
ACKDT                             00000005
ACKEN                             00000004
ACKSTAT                           00000006
ACKTIM                            00000007
ACQT0                             00000003
ACQT1                             00000004
ACQT2                             00000005
ACTCON                            00000FB5
ACTD                              00000006
ACTEN                             00000007
ACTIE                             00000007
ACTIF                             00000007
ACTIP                             00000007
ACTLOCK                           00000003
ACTMD                             00000004
ACTOR                             00000001
ACTORS                            00000001
ACTSEL                            00000007
ACTSRC                            00000004
ACTUD                             00000006
ACTVIE                            00000002
ACTVIF                            00000002
ADCMD                             00000002
ADCON0                            00000FC2
ADCON1                            00000FC1
ADCON2                            00000FC0
ADCS0                             00000000
ADCS1                             00000001
ADCS2                             00000002
ADDEN                             00000003
ADDR0                             00000000
ADDR1                             00000001
ADDR2                             00000002
ADDR3                             00000003
ADDR4                             00000004
ADDR5                             00000005
ADDR6                             00000006
ADEN                              00000003
ADFM                              00000007
ADIE                              00000006
ADIF                              00000006
ADIP                              00000006
ADON                              00000000
ADRESH                            00000FC4
ADRESL                            00000FC3
AHEN                              00000001
AN0                               00000000
AN1                               00000001
AN2                               00000002
MPASM 5.87                    EJERCICIO2.ASM   10-10-2021  23:23:15         PAGE 13


SYMBOL TABLE
  LABEL                             VALUE 

AN3                               00000003
AN4                               00000005
ANSA0                             00000000
ANSA1                             00000001
ANSA2                             00000002
ANSA3                             00000003
ANSA5                             00000005
ANSB0                             00000000
ANSB1                             00000001
ANSB2                             00000002
ANSB3                             00000003
ANSB4                             00000004
ANSB5                             00000005
ANSC2                             00000002
ANSC6                             00000006
ANSC7                             00000007
ANSD0                             00000000
ANSD1                             00000001
ANSD2                             00000002
ANSD3                             00000003
ANSD4                             00000004
ANSD5                             00000005
ANSD6                             00000006
ANSD7                             00000007
ANSE0                             00000000
ANSE1                             00000001
ANSE2                             00000002
ANSELA                            00000F5B
ANSELB                            00000F5C
ANSELC                            00000F5D
ANSELD                            00000F5E
ANSELE                            00000F5F
ASTERISCO_RETURN                  000002C6
BANKED                            00000001
BAUDCON                           00000FB8
BAUDCON1                          00000FB8
BCL1IE                            00000003
BCL1IF                            00000003
BCL1IP                            00000003
BCLIE                             00000003
BCLIF                             00000003
BCLIP                             00000003
BF                                00000000
BGVST                             00000006
BIT_DIV                           OP, 4, A
BIT_MULT                          OP, 5, A
BIT_RESTA                         OP, 6, A
BIT_SUMA                          OP, 7, A
BOEN                              00000004
BOR                               00000000
BRG0                              00000000
BRG1                              00000001
BRG10                             00000002
MPASM 5.87                    EJERCICIO2.ASM   10-10-2021  23:23:15         PAGE 14


SYMBOL TABLE
  LABEL                             VALUE 

BRG11                             00000003
BRG12                             00000004
BRG13                             00000005
BRG14                             00000006
BRG15                             00000007
BRG16                             00000003
BRG2                              00000002
BRG3                              00000003
BRG4                              00000004
BRG5                              00000005
BRG6                              00000006
BRG7                              00000007
BRG8                              00000000
BRG9                              00000001
BRGH                              00000002
BSR                               00000FE0
BTOEE                             00000004
BTOEF                             00000004
BTSEE                             00000007
BTSEF                             00000007
C                                 00000000
C1CH0                             00000000
C1CH1                             00000001
C1HYS                             00000003
C1IE                              00000006
C1IF                              00000006
C1IP                              00000006
C1OE                              00000005
C1ON                              00000007
C1OUT                             00000006
C1POL                             00000004
C1R                               00000002
C1RSEL                            00000005
C1SP                              00000003
C1SYNC                            00000001
C1TSEL                            00000000
C2CH0                             00000000
C2CH1                             00000001
C2HYS                             00000002
C2IE                              00000005
C2IF                              00000005
C2IP                              00000005
C2OE                              00000005
C2ON                              00000007
C2OUT                             00000006
C2POL                             00000004
C2R                               00000002
C2RSEL                            00000004
C2SP                              00000003
C2SYNC                            00000000
C2TSEL                            00000003
CCH0                              00000000
CCH1                              00000001
MPASM 5.87                    EJERCICIO2.ASM   10-10-2021  23:23:15         PAGE 15


SYMBOL TABLE
  LABEL                             VALUE 

CCP1                              00000002
CCP1ASE                           00000007
CCP1CON                           00000FBD
CCP1IE                            00000002
CCP1IF                            00000002
CCP1IP                            00000002
CCP1M0                            00000000
CCP1M1                            00000001
CCP1M2                            00000002
CCP1M3                            00000003
CCP1MD                            00000000
CCP1X                             00000005
CCP1Y                             00000004
CCP2CON                           00000F97
CCP2IE                            00000000
CCP2IF                            00000000
CCP2IP                            00000000
CCP2M0                            00000000
CCP2M1                            00000001
CCP2M2                            00000002
CCP2M3                            00000003
CCP2MD                            00000001
CCP2X                             00000005
CCP2Y                             00000004
CCPR1                             00000FBE
CCPR1H                            00000FBF
CCPR1L                            00000FBE
CCPR2                             00000F90
CCPR2H                            00000F91
CCPR2L                            00000F90
CCPTMRS                           00000F59
CERO                              0000023C
CFGS                              00000006
CINCO                             000001D8
CK                                00000006
CK1SPP                            00000000
CK2SPP                            00000001
CKE                               00000006
CKP                               00000004
CKTXP                             00000004
CM1CON0                           00000F98
CM1IE                             00000006
CM1IF                             00000006
CM1IP                             00000006
CM2CON0                           00000F99
CM2CON1                           00000F9A
CM2IE                             00000005
CM2IF                             00000005
CM2IP                             00000005
CMP1MD                            00000003
CMP2MD                            00000004
COE                               00000005
CON                               00000007
MPASM 5.87                    EJERCICIO2.ASM   10-10-2021  23:23:15         PAGE 16


SYMBOL TABLE
  LABEL                             VALUE 

CONFIGURE                         0000001A
CONVERSION                        0000037A
COUNTER                           00000015
COUT1                             00000006
COUT2                             00000006
CPOL                              00000004
CRC16EE                           00000002
CRC16EF                           00000002
CRC5EE                            00000001
CRC5EF                            00000001
CREF                              00000002
CREN                              00000004
CSRC                              00000007
CTMUCON0                          00000F8F
CTMUCON1                          00000F8E
CTMUCONH                          00000F8F
CTMUCONL                          00000F8E
CTMUEN                            00000007
CTMUICON                          00000F88
CTMUIE                            00000003
CTMUIF                            00000003
CTMUIP                            00000003
CTMUMD                            00000005
CTMUSIDL                          00000005
CTTRIG                            00000000
CUATRO                            000001C4
CUENTA                            00000330
CUENTA_DECENAS                    00000380
CUENTA_DECENAS_FINAL              00000394
CUENTA_FINAL                      00000340
DACEN                             00000007
DACLPS                            00000006
DACNSS                            00000000
DACOE                             00000005
DACPSS0                           00000002
DACPSS1                           00000003
DACR0                             00000000
DACR1                             00000001
DACR2                             00000002
DACR3                             00000003
DACR4                             00000004
DATA_READ                         000003BC
DATA_WRITE                        000003B4
DC                                00000001
DC1B0                             00000004
DC1B1                             00000005
DC2B0                             00000004
DC2B1                             00000005
DDRA                              TRISA
DDRB                              TRISB
DDRC                              TRISC
DDRD                              TRISD
DDRE                              TRISE
MPASM 5.87                    EJERCICIO2.ASM   10-10-2021  23:23:15         PAGE 17


SYMBOL TABLE
  LABEL                             VALUE 

DECENAS                           00000017
DECENAS_UNIDADES                  00000016
DELAY_20ms                        000003F4
DFN8EE                            00000003
DFN8EF                            00000003
DHEN                              00000000
DIR                               00000002
DIVISION                          00000324
DONE                              00000001
DOS                               0000019C
DTRXP                             00000005
D_NOT_A                           00000005
E                                 LATC, 2, A
ECCP1AS                           00000FB6
ECCP1AS0                          00000004
ECCP1AS1                          00000005
ECCP1AS2                          00000006
ECCP1ASE                          00000007
ECCP1CON                          00000FBD
ECCP1DEL                          00000FB7
ECCP2CON                          00000F97
EDG1POL                           00000004
EDG1SEL0                          00000002
EDG1SEL1                          00000003
EDG1STAT                          00000000
EDG2POL                           00000007
EDG2SEL0                          00000005
EDG2SEL1                          00000006
EDG2STAT                          00000001
EDGEN                             00000003
EDGSEQEN                          00000002
EEADR                             00000FA9
EECON1                            00000FA6
EECON2                            00000FA7
EEDATA                            00000FA8
EEIE                              00000004
EEIF                              00000004
EEIP                              00000004
EEPGD                             00000007
ENDP0                             00000003
ENDP1                             00000004
ENDP2                             00000005
ENDP3                             00000006
EPCONDIS                          00000003
EPHSHK                            00000004
EPINEN                            00000001
EPOUTEN                           00000002
EPSTALL                           00000000
ESPERA_LCD                        000003D2
FAST                              00000001
FERR                              00000002
FLTS                              00000002
FREE                              00000004
MPASM 5.87                    EJERCICIO2.ASM   10-10-2021  23:23:15         PAGE 18


SYMBOL TABLE
  LABEL                             VALUE 

FRM0                              00000000
FRM1                              00000001
FRM10                             00000002
FRM2                              00000002
FRM3                              00000003
FRM4                              00000004
FRM5                              00000005
FRM6                              00000006
FRM7                              00000007
FRM8                              00000000
FRM9                              00000001
FSEN                              00000002
FSR0                              00000000
FSR0H                             00000FEA
FSR0L                             00000FE9
FSR1                              00000001
FSR1H                             00000FE2
FSR1L                             00000FE1
FSR2                              00000002
FSR2H                             00000FDA
FSR2L                             00000FD9
FVREN                             00000007
FVRS0                             00000004
FVRS1                             00000005
FVRST                             00000006
GATO_RETURN                       000002D2
GCEN                              00000007
GIE                               00000007
GIEH                              00000007
GIEL                              00000006
GIE_GIEH                          00000007
GO                                00000001
GO_NOT_DONE                       00000001
HFIOFR                            00000001
HFIOFS                            00000002
HLVDCON                           00000F9C
HLVDEN                            00000004
HLVDIE                            00000002
HLVDIF                            00000002
HLVDIN                            00000005
HLVDIP                            00000002
HLVDL0                            00000000
HLVDL1                            00000001
HLVDL2                            00000002
HLVDL3                            00000003
IDISSEN                           00000001
IDLEIE                            00000004
IDLEIF                            00000004
IDLEN                             00000007
INDF0                             00000FEF
INDF1                             00000FE7
INDF2                             00000FDF
INSTRUCTION_WRITE                 000003AC
MPASM 5.87                    EJERCICIO2.ASM   10-10-2021  23:23:15         PAGE 19


SYMBOL TABLE
  LABEL                             VALUE 

INT0                              00000000
INT0E                             00000004
INT0F                             00000001
INT0IE                            00000004
INT0IF                            00000001
INT1                              00000001
INT1E                             00000003
INT1F                             00000000
INT1IE                            00000003
INT1IF                            00000000
INT1IP                            00000006
INT1P                             00000006
INT2                              00000002
INT2E                             00000004
INT2F                             00000001
INT2IE                            00000004
INT2IF                            00000001
INT2IP                            00000007
INT2P                             00000007
INTCON                            00000FF2
INTCON2                           00000FF1
INTCON3                           00000FF0
INTEDG0                           00000006
INTEDG1                           00000005
INTEDG2                           00000004
INTSRC                            00000005
IOCB                              00000F86
IOCB4                             00000004
IOCB5                             00000005
IOCB6                             00000006
IOCB7                             00000007
IOCC                              00000F87
IOCC0                             00000000
IOCC1                             00000001
IOCC2                             00000002
IOCC4                             00000004
IOCC5                             00000005
IOCC6                             00000006
IOCC7                             00000007
IOCIE                             00000003
IOCIF                             00000000
IOCIP                             00000000
IPEN                              00000007
IPR1                              00000F9F
IPR2                              00000FA2
IPR3                              00000FA5
IRCF0                             00000004
IRCF1                             00000005
IRCF2                             00000006
IRNG0                             00000000
IRNG1                             00000001
IRVST                             00000005
ITRIM0                            00000002
MPASM 5.87                    EJERCICIO2.ASM   10-10-2021  23:23:15         PAGE 20


SYMBOL TABLE
  LABEL                             VALUE 

ITRIM1                            00000003
ITRIM2                            00000004
ITRIM3                            00000005
ITRIM4                            00000006
ITRIM5                            00000007
LATA                              00000F89
LATA0                             00000000
LATA1                             00000001
LATA2                             00000002
LATA3                             00000003
LATA4                             00000004
LATA5                             00000005
LATA6                             00000006
LATA7                             00000007
LATB                              00000F8A
LATB0                             00000000
LATB1                             00000001
LATB2                             00000002
LATB3                             00000003
LATB4                             00000004
LATB5                             00000005
LATB6                             00000006
LATB7                             00000007
LATC                              00000F8B
LATC0                             00000000
LATC1                             00000001
LATC2                             00000002
LATC4                             00000004
LATC5                             00000005
LATC6                             00000006
LATC7                             00000007
LATD                              00000F8C
LATD0                             00000000
LATD1                             00000001
LATD2                             00000002
LATD3                             00000003
LATD4                             00000004
LATD5                             00000005
LATD6                             00000006
LATD7                             00000007
LATE                              00000F8D
LATE0                             00000000
LATE1                             00000001
LATE2                             00000002
LCD_CONFIGURATION                 0000005C
LFIOFS                            00000000
LOOP1                             000003FC
LVDIE                             00000002
LVDIF                             00000002
LVDIN                             00000005
LVDIP                             00000002
MC1OUT                            00000007
MC2OUT                            00000006
MPASM 5.87                    EJERCICIO2.ASM   10-10-2021  23:23:15         PAGE 21


SYMBOL TABLE
  LABEL                             VALUE 

MSSP1MD                           00000006
MSSPMD                            00000006
MULTIPLICACION                    0000031A
N                                 00000004
NEGATIVO                          00000310
NEW_NUMBER                        00000250
NOT_BOR                           00000000
NOT_DONE                          00000001
NOT_PD                            00000002
NOT_POR                           00000001
NOT_RBPU                          00000007
NOT_RI                            00000004
NOT_T1DONE                        00000003
NOT_T1SYNC                        00000002
NOT_T3DONE                        00000003
NOT_T3SYNC                        00000002
NOT_TO                            00000003
NUEVE                             00000228
NUM1                              00000010
NUM2                              00000011
NUMERO1                           00000080
NUMERO2                           000000B6
NVCFG0                            00000000
NVCFG1                            00000001
OCHO                              00000214
OERR                              00000001
OESPP                             00000002
ON                                00000007
OP                                00000012
OPERACION                         00000019
OPERACIONES                       000000DA
OSC2                              00000006
OSCCON                            00000FD3
OSCCON2                           00000FD2
OSCFIE                            00000007
OSCFIF                            00000007
OSCFIP                            00000007
OSCTUNE                           00000F9B
OSTS                              00000003
OV                                00000003
P                                 00000004
P1A                               00000002
P1M0                              00000006
P1M1                              00000007
P1RSEN                            00000007
PC                                00000FF9
PCIE                              00000006
PCL                               00000FF9
PCLATH                            00000FFA
PCLATU                            00000FFB
PD                                00000002
PDC0                              00000000
PDC1                              00000001
MPASM 5.87                    EJERCICIO2.ASM   10-10-2021  23:23:15         PAGE 22


SYMBOL TABLE
  LABEL                             VALUE 

PDC2                              00000002
PDC3                              00000003
PDC4                              00000004
PDC5                              00000005
PDC6                              00000006
PEIE                              00000006
PEIE_GIEL                         00000006
PEN                               00000002
PGC                               00000006
PGD                               00000007
PGM                               00000005
PIDEE                             00000000
PIDEF                             00000000
PIE1                              00000F9D
PIE2                              00000FA0
PIE3                              00000FA3
PIR1                              00000F9E
PIR2                              00000FA1
PIR3                              00000FA4
PKTDIS                            00000004
PLLEN                             00000004
PLLRDY                            00000007
PLUSW0                            00000FEB
PLUSW1                            00000FE3
PLUSW2                            00000FDB
PMD0                              00000F7E
PMD1                              00000F7F
POR                               00000001
PORTA                             00000F80
PORTB                             00000F81
PORTC                             00000F82
PORTD                             00000F83
PORTE                             00000F84
POSICION                          0000001A
POSTDEC0                          00000FED
POSTDEC1                          00000FE5
POSTDEC2                          00000FDD
POSTINC0                          00000FEE
POSTINC1                          00000FE6
POSTINC2                          00000FDE
PPB0                              00000000
PPB1                              00000001
PPBI                              00000001
PPBRST                            00000006
PR1SEN                            00000007
PR2                               00000FBB
PREINC0                           00000FEC
PREINC1                           00000FE4
PREINC2                           00000FDC
PRISD                             00000002
PROD                              00000FF3
PRODH                             00000FF4
PRODL                             00000FF3
MPASM 5.87                    EJERCICIO2.ASM   10-10-2021  23:23:15         PAGE 23


SYMBOL TABLE
  LABEL                             VALUE 

PSA                               00000003
PSS1AC0                           00000002
PSS1AC1                           00000003
PSS1BD0                           00000000
PSS1BD1                           00000001
PSSAC0                            00000002
PSSAC1                            00000003
PSSBD0                            00000000
PSSBD1                            00000001
PSTR1CON                          00000FB9
PVCFG0                            00000002
PVCFG1                            00000003
PWM1CON                           00000FB7
RA0                               00000000
RA1                               00000001
RA2                               00000002
RA3                               00000003
RA4                               00000004
RA5                               00000005
RA6                               00000006
RA7                               00000007
RB0                               00000000
RB1                               00000001
RB2                               00000002
RB3                               00000003
RB4                               00000004
RB5                               00000005
RB6                               00000006
RB7                               00000007
RBPU                              00000007
RC0                               00000000
RC1                               00000001
RC1IE                             00000005
RC1IF                             00000005
RC1IP                             00000005
RC2                               00000002
RC4                               00000004
RC5                               00000005
RC6                               00000006
RC7                               00000007
RCEN                              00000003
RCIDL                             00000006
RCIE                              00000005
RCIF                              00000005
RCIP                              00000005
RCMT                              00000006
RCON                              00000FD0
RCREG                             00000FAE
RCREG1                            00000FAE
RCSTA                             00000FAB
RCSTA1                            00000FAB
RD                                00000000
RD0                               00000000
MPASM 5.87                    EJERCICIO2.ASM   10-10-2021  23:23:15         PAGE 24


SYMBOL TABLE
  LABEL                             VALUE 

RD1                               00000001
RD16                              00000001
RD2                               00000002
RD3                               00000003
RD4                               00000004
RD5                               00000005
RD6                               00000006
RD7                               00000007
RE0                               00000000
RE1                               00000001
RE2                               00000002
RE3                               00000003
RECORRIDO                         00000114
REGRESA                           000003DC
RESTA                             00000300
RESUME                            00000002
RI                                00000004
RS                                LATC, 0, A
RSEN                              00000001
RW                                LATC, 1, A
RX                                00000007
RX9                               00000006
RX9D                              00000000
RXDTP                             00000005
R_NOT_W                           00000002
S                                 00000003
SBCDE                             00000002
SBOREN                            00000006
SCIE                              00000005
SCKP                              00000004
SCS0                              00000000
SCS1                              00000001
SDAHT                             00000003
SE0                               00000005
SEIS                              000001EC
SEN                               00000000
SENDB                             00000003
SEND_DATA                         000003C4
SIDL                              00000005
SIETE                             00000200
SLRA                              00000000
SLRB                              00000001
SLRC                              00000002
SLRCON                            00000F7A
SLRD                              00000003
SLRE                              00000004
SMP                               00000007
SOFIE                             00000006
SOFIF                             00000006
SOSCEN                            00000003
SOSCGO                            00000003
SOSCRUN                           00000006
SP0                               00000000
MPASM 5.87                    EJERCICIO2.ASM   10-10-2021  23:23:15         PAGE 25


SYMBOL TABLE
  LABEL                             VALUE 

SP1                               00000001
SP2                               00000002
SP3                               00000003
SP4                               00000004
SPBRG                             00000FAF
SPBRG1                            00000FAF
SPBRGH                            00000FB0
SPBRGH1                           00000FB0
SPEN                              00000007
SPLLMULT                          00000007
SPP0                              00000000
SPP1                              00000001
SPP2                              00000002
SPP3                              00000003
SPP4                              00000004
SPP5                              00000005
SPP6                              00000006
SPP7                              00000007
SRCLK0                            00000004
SRCLK1                            00000005
SRCLK2                            00000006
SRCON0                            00000F58
SRCON1                            00000F57
SREN                              00000005
SRLEN                             00000007
SRNQEN                            00000002
SRPR                              00000000
SRPS                              00000001
SRQEN                             00000003
SRRC1E                            00000000
SRRC2E                            00000001
SRRCKE                            00000002
SRRPE                             00000003
SRSC1E                            00000004
SRSC2E                            00000005
SRSCKE                            00000006
SRSPE                             00000007
SSP1ADD                           00000FC8
SSP1ADD0                          00000000
SSP1ADD1                          00000001
SSP1ADD2                          00000002
SSP1ADD3                          00000003
SSP1ADD4                          00000004
SSP1ADD5                          00000005
SSP1ADD6                          00000006
SSP1ADD7                          00000007
SSP1BUF                           00000FC9
SSP1CON1                          00000FC6
SSP1CON2                          00000FC5
SSP1CON3                          00000FCB
SSP1IE                            00000003
SSP1IF                            00000003
SSP1IP                            00000003
MPASM 5.87                    EJERCICIO2.ASM   10-10-2021  23:23:15         PAGE 26


SYMBOL TABLE
  LABEL                             VALUE 

SSP1MD                            00000006
SSP1MSK                           00000FCA
SSP1MSK0                          00000000
SSP1MSK1                          00000001
SSP1MSK2                          00000002
SSP1MSK3                          00000003
SSP1MSK4                          00000004
SSP1MSK5                          00000005
SSP1MSK6                          00000006
SSP1MSK7                          00000007
SSP1STAT                          00000FC7
SSPADD                            00000FC8
SSPBUF                            00000FC9
SSPCON                            00000FC6
SSPCON1                           00000FC6
SSPCON2                           00000FC5
SSPCON3                           00000FCB
SSPEN                             00000005
SSPIE                             00000003
SSPIF                             00000003
SSPIP                             00000003
SSPM0                             00000000
SSPM1                             00000001
SSPM2                             00000002
SSPM3                             00000003
SSPMSK                            00000FCA
SSPOV                             00000006
SSPSTAT                           00000FC7
STALLIE                           00000005
STALLIF                           00000005
STATUS                            00000FD8
STCON                             00000FB5
STEN                              00000007
STIE                              00000007
STIF                              00000007
STIP                              00000007
STKFUL                            00000007
STKOVF                            00000007
STKPTR                            00000FFC
STKUNF                            00000006
STLOCK                            00000003
STMD                              00000004
STOR                              00000001
STR1A                             00000000
STR1B                             00000001
STR1C                             00000002
STR1D                             00000003
STR1SYNC                          00000004
STRA                              00000000
STRB                              00000001
STRC                              00000002
STRD                              00000003
STRSYNC                           00000004
MPASM 5.87                    EJERCICIO2.ASM   10-10-2021  23:23:15         PAGE 27


SYMBOL TABLE
  LABEL                             VALUE 

STSRC                             00000004
STUD                              00000006
SUMA                              000002F8
SUSPND                            00000001
SWDTE                             00000000
SWDTEN                            00000000
SYNC                              00000004
T08BIT                            00000006
T0CKI                             00000004
T0CON                             00000FD5
T0CS                              00000005
T0IE                              00000005
T0IF                              00000002
T0IP                              00000002
T0PS0                             00000000
T0PS1                             00000001
T0PS2                             00000002
T0SE                              00000004
T13CKI                            00000000
T1CKPS0                           00000004
T1CKPS1                           00000005
T1CON                             00000FCD
T1DONE                            00000003
T1GCON                            00000FCC
T1GGO                             00000003
T1GGO_NOT_DONE                    00000003
T1GGO_NOT_T1DONE                  00000003
T1GPOL                            00000006
T1GSPM                            00000004
T1GSS0                            00000000
T1GSS1                            00000001
T1GTM                             00000005
T1GVAL                            00000002
T1OSCEN                           00000003
T1OSI                             00000001
T1OSO                             00000000
T1RD16                            00000001
T1SOSCEN                          00000003
T1SYNC                            00000002
T2CKPS0                           00000000
T2CKPS1                           00000001
T2CON                             00000FBA
T2OUTPS0                          00000003
T2OUTPS1                          00000004
T2OUTPS2                          00000005
T2OUTPS3                          00000006
T3CKPS0                           00000004
T3CKPS1                           00000005
T3CON                             00000FB1
T3DONE                            00000003
T3GCON                            00000FB4
T3GGO                             00000003
T3GGO_NOT_DONE                    00000003
MPASM 5.87                    EJERCICIO2.ASM   10-10-2021  23:23:15         PAGE 28


SYMBOL TABLE
  LABEL                             VALUE 

T3GGO_NOT_T3DONE                  00000003
T3GPOL                            00000006
T3GSPM                            00000004
T3GSS0                            00000000
T3GSS1                            00000001
T3GTM                             00000005
T3GVAL                            00000002
T3OSCEN                           00000003
T3RD16                            00000001
T3SOSCEN                          00000003
T3SYNC                            00000002
TABLAT                            00000FF5
TBLPTR                            00000FF6
TBLPTRH                           00000FF7
TBLPTRL                           00000FF6
TBLPTRU                           00000FF8
TEMP                              00000013
TEMP2                             00000014
TGEN                              00000004
TMR0                              00000FD6
TMR0H                             00000FD7
TMR0IE                            00000005
TMR0IF                            00000002
TMR0IP                            00000002
TMR0L                             00000FD6
TMR0ON                            00000007
TMR1                              00000FCE
TMR1CS0                           00000006
TMR1CS1                           00000007
TMR1GE                            00000007
TMR1GIE                           00000000
TMR1GIF                           00000000
TMR1GIP                           00000000
TMR1H                             00000FCF
TMR1IE                            00000000
TMR1IF                            00000000
TMR1IP                            00000000
TMR1L                             00000FCE
TMR1MD                            00000000
TMR1ON                            00000000
TMR2                              00000FBC
TMR2IE                            00000001
TMR2IF                            00000001
TMR2IP                            00000001
TMR2MD                            00000001
TMR2ON                            00000002
TMR3                              00000FB2
TMR3CS0                           00000006
TMR3CS1                           00000007
TMR3GE                            00000007
TMR3GIE                           00000001
TMR3GIF                           00000001
TMR3GIP                           00000001
MPASM 5.87                    EJERCICIO2.ASM   10-10-2021  23:23:15         PAGE 29


SYMBOL TABLE
  LABEL                             VALUE 

TMR3H                             00000FB3
TMR3IE                            00000001
TMR3IF                            00000001
TMR3IP                            00000001
TMR3L                             00000FB2
TMR3MD                            00000002
TMR3ON                            00000000
TO                                00000003
TOS                               00000FFD
TOSH                              00000FFE
TOSL                              00000FFD
TOSU                              00000FFF
TRES                              000001B0
TRIGEN                            00000000
TRIGSEL                           00000007
TRISA                             00000F92
TRISA0                            00000000
TRISA1                            00000001
TRISA2                            00000002
TRISA3                            00000003
TRISA4                            00000004
TRISA5                            00000005
TRISA6                            00000006
TRISA7                            00000007
TRISB                             00000F93
TRISB0                            00000000
TRISB1                            00000001
TRISB2                            00000002
TRISB3                            00000003
TRISB4                            00000004
TRISB5                            00000005
TRISB6                            00000006
TRISB7                            00000007
TRISC                             00000F94
TRISC0                            00000000
TRISC1                            00000001
TRISC2                            00000002
TRISC4                            00000004
TRISC5                            00000005
TRISC6                            00000006
TRISC7                            00000007
TRISD                             00000F95
TRISD0                            00000000
TRISD1                            00000001
TRISD2                            00000002
TRISD3                            00000003
TRISD4                            00000004
TRISD5                            00000005
TRISD6                            00000006
TRISD7                            00000007
TRISE                             00000F96
TRISE0                            00000000
TRISE1                            00000001
MPASM 5.87                    EJERCICIO2.ASM   10-10-2021  23:23:15         PAGE 30


SYMBOL TABLE
  LABEL                             VALUE 

TRISE2                            00000002
TRMT                              00000001
TRNIE                             00000003
TRNIF                             00000003
TSEN                              00000003
TSRNG                             00000002
TUN0                              00000000
TUN1                              00000001
TUN2                              00000002
TUN3                              00000003
TUN4                              00000004
TUN5                              00000005
TUN6                              00000006
TX                                00000006
TX1IE                             00000004
TX1IF                             00000004
TX1IP                             00000004
TX9                               00000006
TX9D                              00000000
TXCKP                             00000004
TXEN                              00000005
TXIE                              00000004
TXIF                              00000004
TXIP                              00000004
TXREG                             00000FAD
TXREG1                            00000FAD
TXSTA                             00000FAC
TXSTA1                            00000FAC
UA                                00000001
UADDR                             00000F63
UART1MD                           00000006
UARTMD                            00000006
UCFG                              00000F62
UCON                              00000F60
UEIE                              00000F66
UEIR                              00000F67
UEP0                              00000F6A
UEP1                              00000F6B
UEP10                             00000F74
UEP11                             00000F75
UEP12                             00000F76
UEP13                             00000F77
UEP14                             00000F78
UEP15                             00000F79
UEP2                              00000F6C
UEP3                              00000F6D
UEP4                              00000F6E
UEP5                              00000F6F
UEP6                              00000F70
UEP7                              00000F71
UEP8                              00000F72
UEP9                              00000F73
UERRIE                            00000001
MPASM 5.87                    EJERCICIO2.ASM   10-10-2021  23:23:15         PAGE 31


SYMBOL TABLE
  LABEL                             VALUE 

UERRIF                            00000001
UFRM                              00000F68
UFRMH                             00000F69
UFRML                             00000F68
UIE                               00000F64
UIR                               00000F65
UNIDADES                          00000018
UNO                               00000188
UOEMON                            00000006
UPUEN                             00000004
URSTIE                            00000000
URSTIF                            00000000
USBEN                             00000003
USBIE                             00000002
USBIF                             00000002
USBIP                             00000002
USBMD                             00000005
USTAT                             00000F61
UTEYE                             00000007
UTRDIS                            00000003
VDIRMAG                           00000007
VREFCON0                          00000F7D
VREFCON1                          00000F7C
VREFCON2                          00000F7B
VREFM                             00000002
VREFP                             00000003
VREGCON                           00000F5A
W                                 00000000
WCOL                              00000007
WDTCON                            00000FD1
WPUB                              00000F85
WPUB0                             00000000
WPUB1                             00000001
WPUB2                             00000002
WPUB3                             00000003
WPUB4                             00000004
WPUB5                             00000005
WPUB6                             00000006
WPUB7                             00000007
WPUE3                             00000007
WR                                00000001
WREG                              00000FE8
WREN                              00000002
WRERR                             00000003
WRITE_NUMBER                      000003A0
WUE                               00000001
Z                                 00000002
_256                              00000023
_26                               00000024
_A_RETURN                         0000026E
_BOREN_NOSLP_2L                   000000FD
_BOREN_OFF_2L                     000000F9
_BOREN_ON_2L                      000000FB
MPASM 5.87                    EJERCICIO2.ASM   10-10-2021  23:23:15         PAGE 32


SYMBOL TABLE
  LABEL                             VALUE 

_BOREN_SBORDIS_2L                 000000FF
_BORV_190_2L                      000000FF
_BORV_220_2L                      000000F7
_BORV_250_2L                      000000EF
_BORV_285_2L                      000000E7
_B_RETURN                         00000284
_CCP2MX_RB3_3H                    000000FE
_CCP2MX_RC1_3H                    000000FF
_CFGPLLEN_OFF_1L                  000000FD
_CFGPLLEN_ON_1L                   000000FF
_CONFIG1H                         00300001
_CONFIG1L                         00300000
_CONFIG2H                         00300003
_CONFIG2L                         00300002
_CONFIG3H                         00300005
_CONFIG4L                         00300006
_CONFIG5H                         00300009
_CONFIG5L                         00300008
_CONFIG6H                         0030000B
_CONFIG6L                         0030000A
_CONFIG7H                         0030000D
_CONFIG7L                         0030000C
_CP0_OFF_5L                       000000FF
_CP0_ON_5L                        000000FE
_CP1_OFF_5L                       000000FF
_CP1_ON_5L                        000000FD
_CP2_OFF_5L                       000000FF
_CP2_ON_5L                        000000FB
_CP3_OFF_5L                       000000FF
_CP3_ON_5L                        000000F7
_CPB_OFF_5H                       000000FF
_CPB_ON_5H                        000000BF
_CPD_OFF_5H                       000000FF
_CPD_ON_5H                        0000007F
_CPUDIV_CLKDIV2_1L                000000EF
_CPUDIV_CLKDIV3_1L                000000F7
_CPUDIV_CLKDIV6_1L                000000FF
_CPUDIV_NOCLKDIV_1L               000000E7
_C_RETURN                         0000029A
_DEBUG_OFF_4L                     000000FF
_DEBUG_ON_4L                      0000007F
_DEVID1                           003FFFFE
_DEVID2                           003FFFFF
_D_RETURN                         000002B0
_EBTR0_OFF_7L                     000000FF
_EBTR0_ON_7L                      000000FE
_EBTR1_OFF_7L                     000000FF
_EBTR1_ON_7L                      000000FD
_EBTR2_OFF_7L                     000000FF
_EBTR2_ON_7L                      000000FB
_EBTR3_OFF_7L                     000000FF
_EBTR3_ON_7L                      000000F7
_EBTRB_OFF_7H                     000000FF
MPASM 5.87                    EJERCICIO2.ASM   10-10-2021  23:23:15         PAGE 33


SYMBOL TABLE
  LABEL                             VALUE 

_EBTRB_ON_7H                      000000BF
_ERROR                            00000346
_FCMEN_OFF_1H                     000000BF
_FCMEN_ON_1H                      000000FF
_FOSC_ECHCLKO_1H                  000000F4
_FOSC_ECHIO_1H                    000000F5
_FOSC_ECLCLKO_1H                  000000FC
_FOSC_ECLIO_1H                    000000FD
_FOSC_ECMCLKO_1H                  000000FA
_FOSC_ECMIO_1H                    000000FB
_FOSC_HSH_1H                      000000F2
_FOSC_HSM_1H                      000000F3
_FOSC_INTOSCCLKO_1H               000000F9
_FOSC_INTOSCIO_1H                 000000F8
_FOSC_LP_1H                       000000F0
_FOSC_RCCLKO_1H                   000000F6
_FOSC_RCIO_1H                     000000F7
_FOSC_XT_1H                       000000F1
_ICPRT_OFF_4L                     000000DF
_ICPRT_ON_4L                      000000FF
_IDLOC0                           00200000
_IDLOC1                           00200001
_IDLOC2                           00200002
_IDLOC3                           00200003
_IDLOC4                           00200004
_IDLOC5                           00200005
_IDLOC6                           00200006
_IDLOC7                           00200007
_IESO_OFF_1H                      0000007F
_IESO_ON_1H                       000000FF
_LS48MHZ_SYS24X4_1L               000000DF
_LS48MHZ_SYS48X8_1L               000000FF
_LVP_OFF_4L                       000000FB
_LVP_ON_4L                        000000FF
_MCLRE_OFF_3H                     0000007F
_MCLRE_ON_3H                      000000FF
_PBADEN_OFF_3H                    000000FD
_PBADEN_ON_3H                     000000FF
_PCLKEN_OFF_1H                    000000DF
_PCLKEN_ON_1H                     000000FF
_PLLSEL_PLL3X_1L                  000000FF
_PLLSEL_PLL4X_1L                  000000FE
_SDOMX_RB3_3H                     000000FF
_SDOMX_RC7_3H                     000000BF
_STVREN_OFF_4L                    000000FE
_STVREN_ON_4L                     000000FF
_T3CMX_RB5_3H                     000000EF
_T3CMX_RC0_3H                     000000FF
_WDTEN_NOSLP_2H                   000000FD
_WDTEN_OFF_2H                     000000FC
_WDTEN_ON_2H                      000000FF
_WDTEN_SWON_2H                    000000FE
_WDTPS_1024_2H                    000000EB
MPASM 5.87                    EJERCICIO2.ASM   10-10-2021  23:23:15         PAGE 34


SYMBOL TABLE
  LABEL                             VALUE 

_WDTPS_128_2H                     000000DF
_WDTPS_16384_2H                   000000FB
_WDTPS_16_2H                      000000D3
_WDTPS_1_2H                       000000C3
_WDTPS_2048_2H                    000000EF
_WDTPS_256_2H                     000000E3
_WDTPS_2_2H                       000000C7
_WDTPS_32768_2H                   000000FF
_WDTPS_32_2H                      000000D7
_WDTPS_4096_2H                    000000F3
_WDTPS_4_2H                       000000CB
_WDTPS_512_2H                     000000E7
_WDTPS_64_2H                      000000DB
_WDTPS_8192_2H                    000000F7
_WDTPS_8_2H                       000000CF
_WRT0_OFF_6L                      000000FF
_WRT0_ON_6L                       000000FE
_WRT1_OFF_6L                      000000FF
_WRT1_ON_6L                       000000FD
_WRT2_OFF_6L                      000000FF
_WRT2_ON_6L                       000000FB
_WRT3_OFF_6L                      000000FF
_WRT3_ON_6L                       000000F7
_WRTB_OFF_6H                      000000FF
_WRTB_ON_6H                       000000BF
_WRTC_OFF_6H                      000000FF
_WRTC_ON_6H                       000000DF
_WRTD_OFF_6H                      000000FF
_WRTD_ON_6H                       0000007F
_XINST_OFF_4L                     000000BF
_XINST_ON_4L                      000000FF
__18F45K50                        00000001
_nLPBOR_OFF_2L                    000000FF
_nLPBOR_ON_2L                     000000BF
_nPWRTEN_OFF_2L                   000000FF
_nPWRTEN_ON_2L                    000000FE
configFlag                        TRISD, 7, A
dataLCD                           LATD, A
delay100ms                        0000040A
delay100us                        000003E8
flag                              PORTD, 7, A
loop                              00000370
loop1                             000003EC
loop2                             00000412
var1                              00000020
var2                              00000021
var3                              00000022

Errors   :     0
Warnings :     0 reported,     0 suppressed
Messages :     0 reported,     0 suppressed

