Error[105]   C:\MICROCHIPPROJECTS\SUBRUTINASPROYECTO.X\SUBRUTINAS.ASM 1 : Cannot open file (Include File "Part1.asm" not found)
Error[150]   C:\MICROCHIPPROJECTS\SUBRUTINASPROYECTO.X\SUBRUTINAS.ASM 3 : Labels must be defined in a code or data section when making an object file
Error[152]   C:\MICROCHIPPROJECTS\SUBRUTINASPROYECTO.X\SUBRUTINAS.ASM 4 : Executable code and data must be defined in an appropriate section
Error[113]   C:\MICROCHIPPROJECTS\SUBRUTINASPROYECTO.X\SUBRUTINAS.ASM 5 : Symbol not previously defined (ANSELA)
Error[113]   C:\MICROCHIPPROJECTS\SUBRUTINASPROYECTO.X\SUBRUTINAS.ASM 5 : Symbol not previously defined (BANKED)
Error[152]   C:\MICROCHIPPROJECTS\SUBRUTINASPROYECTO.X\SUBRUTINAS.ASM 5 : Executable code and data must be defined in an appropriate section
Error[113]   C:\MICROCHIPPROJECTS\SUBRUTINASPROYECTO.X\SUBRUTINAS.ASM 6 : Symbol not previously defined (ANSELB)
Error[113]   C:\MICROCHIPPROJECTS\SUBRUTINASPROYECTO.X\SUBRUTINAS.ASM 6 : Symbol not previously defined (BANKED)
Error[152]   C:\MICROCHIPPROJECTS\SUBRUTINASPROYECTO.X\SUBRUTINAS.ASM 6 : Executable code and data must be defined in an appropriate section
Error[113]   C:\MICROCHIPPROJECTS\SUBRUTINASPROYECTO.X\SUBRUTINAS.ASM 7 : Symbol not previously defined (INTCON2)
Error[152]   C:\MICROCHIPPROJECTS\SUBRUTINASPROYECTO.X\SUBRUTINAS.ASM 7 : Executable code and data must be defined in an appropriate section
Error[152]   C:\MICROCHIPPROJECTS\SUBRUTINASPROYECTO.X\SUBRUTINAS.ASM 8 : Executable code and data must be defined in an appropriate section
Error[113]   C:\MICROCHIPPROJECTS\SUBRUTINASPROYECTO.X\SUBRUTINAS.ASM 9 : Symbol not previously defined (TRISB)
Error[152]   C:\MICROCHIPPROJECTS\SUBRUTINASPROYECTO.X\SUBRUTINAS.ASM 9 : Executable code and data must be defined in an appropriate section
Error[113]   C:\MICROCHIPPROJECTS\SUBRUTINASPROYECTO.X\SUBRUTINAS.ASM 10 : Symbol not previously defined (WPUB)
Error[152]   C:\MICROCHIPPROJECTS\SUBRUTINASPROYECTO.X\SUBRUTINAS.ASM 10 : Executable code and data must be defined in an appropriate section
Error[113]   C:\MICROCHIPPROJECTS\SUBRUTINASPROYECTO.X\SUBRUTINAS.ASM 11 : Symbol not previously defined (TRISA)
Error[152]   C:\MICROCHIPPROJECTS\SUBRUTINASPROYECTO.X\SUBRUTINAS.ASM 11 : Executable code and data must be defined in an appropriate section
Error[113]   C:\MICROCHIPPROJECTS\SUBRUTINASPROYECTO.X\SUBRUTINAS.ASM 12 : Symbol not previously defined (LATA)
Error[152]   C:\MICROCHIPPROJECTS\SUBRUTINASPROYECTO.X\SUBRUTINAS.ASM 12 : Executable code and data must be defined in an appropriate section
Error[150]   C:\MICROCHIPPROJECTS\SUBRUTINASPROYECTO.X\SUBRUTINAS.ASM 14 : Labels must be defined in a code or data section when making an object file
Error[152]   C:\MICROCHIPPROJECTS\SUBRUTINASPROYECTO.X\SUBRUTINAS.ASM 15 : Executable code and data must be defined in an appropriate section
Error[113]   C:\MICROCHIPPROJECTS\SUBRUTINASPROYECTO.X\SUBRUTINAS.ASM 16 : Symbol not previously defined (LATB)
Error[113]   C:\MICROCHIPPROJECTS\SUBRUTINASPROYECTO.X\SUBRUTINAS.ASM 16 : Symbol not previously defined (A)
Error[152]   C:\MICROCHIPPROJECTS\SUBRUTINASPROYECTO.X\SUBRUTINAS.ASM 16 : Executable code and data must be defined in an appropriate section
Error[113]   C:\MICROCHIPPROJECTS\SUBRUTINASPROYECTO.X\SUBRUTINAS.ASM 17 : Symbol not previously defined (PORTB)
Error[113]   C:\MICROCHIPPROJECTS\SUBRUTINASPROYECTO.X\SUBRUTINAS.ASM 17 : Symbol not previously defined (A)
Error[152]   C:\MICROCHIPPROJECTS\SUBRUTINASPROYECTO.X\SUBRUTINAS.ASM 17 : Executable code and data must be defined in an appropriate section
Error[151]   C:\MICROCHIPPROJECTS\SUBRUTINASPROYECTO.X\SUBRUTINAS.ASM 18 : Operand contains unresolvable labels or is too complex
Error[152]   C:\MICROCHIPPROJECTS\SUBRUTINASPROYECTO.X\SUBRUTINAS.ASM 18 : Executable code and data must be defined in an appropriate section
Error[152]   C:\MICROCHIPPROJECTS\SUBRUTINASPROYECTO.X\SUBRUTINAS.ASM 18 : Executable code and data must be defined in an appropriate section
Error[113]   C:\MICROCHIPPROJECTS\SUBRUTINASPROYECTO.X\SUBRUTINAS.ASM 19 : Symbol not previously defined (PORTB)
Error[113]   C:\MICROCHIPPROJECTS\SUBRUTINASPROYECTO.X\SUBRUTINAS.ASM 19 : Symbol not previously defined (A)
Error[152]   C:\MICROCHIPPROJECTS\SUBRUTINASPROYECTO.X\SUBRUTINAS.ASM 19 : Executable code and data must be defined in an appropriate section
Error[151]   C:\MICROCHIPPROJECTS\SUBRUTINASPROYECTO.X\SUBRUTINAS.ASM 20 : Operand contains unresolvable labels or is too complex
Error[152]   C:\MICROCHIPPROJECTS\SUBRUTINASPROYECTO.X\SUBRUTINAS.ASM 20 : Executable code and data must be defined in an appropriate section
Error[152]   C:\MICROCHIPPROJECTS\SUBRUTINASPROYECTO.X\SUBRUTINAS.ASM 20 : Executable code and data must be defined in an appropriate section
Error[113]   C:\MICROCHIPPROJECTS\SUBRUTINASPROYECTO.X\SUBRUTINAS.ASM 21 : Symbol not previously defined (PORTB)
Error[113]   C:\MICROCHIPPROJECTS\SUBRUTINASPROYECTO.X\SUBRUTINAS.ASM 21 : Symbol not previously defined (A)
Error[152]   C:\MICROCHIPPROJECTS\SUBRUTINASPROYECTO.X\SUBRUTINAS.ASM 21 : Executable code and data must be defined in an appropriate section
Error[151]   C:\MICROCHIPPROJECTS\SUBRUTINASPROYECTO.X\SUBRUTINAS.ASM 22 : Operand contains unresolvable labels or is too complex
Error[152]   C:\MICROCHIPPROJECTS\SUBRUTINASPROYECTO.X\SUBRUTINAS.ASM 22 : Executable code and data must be defined in an appropriate section
Error[152]   C:\MICROCHIPPROJECTS\SUBRUTINASPROYECTO.X\SUBRUTINAS.ASM 22 : Executable code and data must be defined in an appropriate section
Error[113]   C:\MICROCHIPPROJECTS\SUBRUTINASPROYECTO.X\SUBRUTINAS.ASM 23 : Symbol not previously defined (PORTB)
Error[113]   C:\MICROCHIPPROJECTS\SUBRUTINASPROYECTO.X\SUBRUTINAS.ASM 23 : Symbol not previously defined (A)
Error[152]   C:\MICROCHIPPROJECTS\SUBRUTINASPROYECTO.X\SUBRUTINAS.ASM 23 : Executable code and data must be defined in an appropriate section
Error[151]   C:\MICROCHIPPROJECTS\SUBRUTINASPROYECTO.X\SUBRUTINAS.ASM 24 : Operand contains unresolvable labels or is too complex
Error[152]   C:\MICROCHIPPROJECTS\SUBRUTINASPROYECTO.X\SUBRUTINAS.ASM 24 : Executable code and data must be defined in an appropriate section
Error[152]   C:\MICROCHIPPROJECTS\SUBRUTINASPROYECTO.X\SUBRUTINAS.ASM 24 : Executable code and data must be defined in an appropriate section
Error[152]   C:\MICROCHIPPROJECTS\SUBRUTINASPROYECTO.X\SUBRUTINAS.ASM 25 : Executable code and data must be defined in an appropriate section
Error[113]   C:\MICROCHIPPROJECTS\SUBRUTINASPROYECTO.X\SUBRUTINAS.ASM 26 : Symbol not previously defined (LATB)
Error[113]   C:\MICROCHIPPROJECTS\SUBRUTINASPROYECTO.X\SUBRUTINAS.ASM 26 : Symbol not previously defined (A)
Error[152]   C:\MICROCHIPPROJECTS\SUBRUTINASPROYECTO.X\SUBRUTINAS.ASM 26 : Executable code and data must be defined in an appropriate section
Error[113]   C:\MICROCHIPPROJECTS\SUBRUTINASPROYECTO.X\SUBRUTINAS.ASM 27 : Symbol not previously defined (PORTB)
Error[113]   C:\MICROCHIPPROJECTS\SUBRUTINASPROYECTO.X\SUBRUTINAS.ASM 27 : Symbol not previously defined (A)
Error[152]   C:\MICROCHIPPROJECTS\SUBRUTINASPROYECTO.X\SUBRUTINAS.ASM 27 : Executable code and data must be defined in an appropriate section
Error[151]   C:\MICROCHIPPROJECTS\SUBRUTINASPROYECTO.X\SUBRUTINAS.ASM 28 : Operand contains unresolvable labels or is too complex
Error[152]   C:\MICROCHIPPROJECTS\SUBRUTINASPROYECTO.X\SUBRUTINAS.ASM 28 : Executable code and data must be defined in an appropriate section
Error[152]   C:\MICROCHIPPROJECTS\SUBRUTINASPROYECTO.X\SUBRUTINAS.ASM 28 : Executable code and data must be defined in an appropriate section
Error[113]   C:\MICROCHIPPROJECTS\SUBRUTINASPROYECTO.X\SUBRUTINAS.ASM 29 : Symbol not previously defined (PORTB)
Error[113]   C:\MICROCHIPPROJECTS\SUBRUTINASPROYECTO.X\SUBRUTINAS.ASM 29 : Symbol not previously defined (A)
Error[152]   C:\MICROCHIPPROJECTS\SUBRUTINASPROYECTO.X\SUBRUTINAS.ASM 29 : Executable code and data must be defined in an appropriate section
Error[151]   C:\MICROCHIPPROJECTS\SUBRUTINASPROYECTO.X\SUBRUTINAS.ASM 30 : Operand contains unresolvable labels or is too complex
Error[152]   C:\MICROCHIPPROJECTS\SUBRUTINASPROYECTO.X\SUBRUTINAS.ASM 30 : Executable code and data must be defined in an appropriate section
Error[152]   C:\MICROCHIPPROJECTS\SUBRUTINASPROYECTO.X\SUBRUTINAS.ASM 30 : Executable code and data must be defined in an appropriate section
Error[113]   C:\MICROCHIPPROJECTS\SUBRUTINASPROYECTO.X\SUBRUTINAS.ASM 31 : Symbol not previously defined (PORTB)
Error[113]   C:\MICROCHIPPROJECTS\SUBRUTINASPROYECTO.X\SUBRUTINAS.ASM 31 : Symbol not previously defined (A)
Error[152]   C:\MICROCHIPPROJECTS\SUBRUTINASPROYECTO.X\SUBRUTINAS.ASM 31 : Executable code and data must be defined in an appropriate section
Error[151]   C:\MICROCHIPPROJECTS\SUBRUTINASPROYECTO.X\SUBRUTINAS.ASM 32 : Operand contains unresolvable labels or is too complex
Error[152]   C:\MICROCHIPPROJECTS\SUBRUTINASPROYECTO.X\SUBRUTINAS.ASM 32 : Executable code and data must be defined in an appropriate section
Error[152]   C:\MICROCHIPPROJECTS\SUBRUTINASPROYECTO.X\SUBRUTINAS.ASM 32 : Executable code and data must be defined in an appropriate section
Error[113]   C:\MICROCHIPPROJECTS\SUBRUTINASPROYECTO.X\SUBRUTINAS.ASM 33 : Symbol not previously defined (PORTB)
Error[113]   C:\MICROCHIPPROJECTS\SUBRUTINASPROYECTO.X\SUBRUTINAS.ASM 33 : Symbol not previously defined (A)
Error[152]   C:\MICROCHIPPROJECTS\SUBRUTINASPROYECTO.X\SUBRUTINAS.ASM 33 : Executable code and data must be defined in an appropriate section
Error[151]   C:\MICROCHIPPROJECTS\SUBRUTINASPROYECTO.X\SUBRUTINAS.ASM 34 : Operand contains unresolvable labels or is too complex
Error[152]   C:\MICROCHIPPROJECTS\SUBRUTINASPROYECTO.X\SUBRUTINAS.ASM 34 : Executable code and data must be defined in an appropriate section
Error[152]   C:\MICROCHIPPROJECTS\SUBRUTINASPROYECTO.X\SUBRUTINAS.ASM 34 : Executable code and data must be defined in an appropriate section
Error[152]   C:\MICROCHIPPROJECTS\SUBRUTINASPROYECTO.X\SUBRUTINAS.ASM 35 : Executable code and data must be defined in an appropriate section
Error[113]   C:\MICROCHIPPROJECTS\SUBRUTINASPROYECTO.X\SUBRUTINAS.ASM 36 : Symbol not previously defined (LATB)
Error[113]   C:\MICROCHIPPROJECTS\SUBRUTINASPROYECTO.X\SUBRUTINAS.ASM 36 : Symbol not previously defined (A)
Error[152]   C:\MICROCHIPPROJECTS\SUBRUTINASPROYECTO.X\SUBRUTINAS.ASM 36 : Executable code and data must be defined in an appropriate section
Error[113]   C:\MICROCHIPPROJECTS\SUBRUTINASPROYECTO.X\SUBRUTINAS.ASM 37 : Symbol not previously defined (PORTB)
Error[113]   C:\MICROCHIPPROJECTS\SUBRUTINASPROYECTO.X\SUBRUTINAS.ASM 37 : Symbol not previously defined (A)
Error[152]   C:\MICROCHIPPROJECTS\SUBRUTINASPROYECTO.X\SUBRUTINAS.ASM 37 : Executable code and data must be defined in an appropriate section
Error[151]   C:\MICROCHIPPROJECTS\SUBRUTINASPROYECTO.X\SUBRUTINAS.ASM 38 : Operand contains unresolvable labels or is too complex
Error[152]   C:\MICROCHIPPROJECTS\SUBRUTINASPROYECTO.X\SUBRUTINAS.ASM 38 : Executable code and data must be defined in an appropriate section
Error[152]   C:\MICROCHIPPROJECTS\SUBRUTINASPROYECTO.X\SUBRUTINAS.ASM 38 : Executable code and data must be defined in an appropriate section
Error[113]   C:\MICROCHIPPROJECTS\SUBRUTINASPROYECTO.X\SUBRUTINAS.ASM 39 : Symbol not previously defined (PORTB)
Error[113]   C:\MICROCHIPPROJECTS\SUBRUTINASPROYECTO.X\SUBRUTINAS.ASM 39 : Symbol not previously defined (A)
Error[152]   C:\MICROCHIPPROJECTS\SUBRUTINASPROYECTO.X\SUBRUTINAS.ASM 39 : Executable code and data must be defined in an appropriate section
Error[151]   C:\MICROCHIPPROJECTS\SUBRUTINASPROYECTO.X\SUBRUTINAS.ASM 40 : Operand contains unresolvable labels or is too complex
Error[152]   C:\MICROCHIPPROJECTS\SUBRUTINASPROYECTO.X\SUBRUTINAS.ASM 40 : Executable code and data must be defined in an appropriate section
Error[152]   C:\MICROCHIPPROJECTS\SUBRUTINASPROYECTO.X\SUBRUTINAS.ASM 40 : Executable code and data must be defined in an appropriate section
Error[113]   C:\MICROCHIPPROJECTS\SUBRUTINASPROYECTO.X\SUBRUTINAS.ASM 41 : Symbol not previously defined (PORTB)
Error[113]   C:\MICROCHIPPROJECTS\SUBRUTINASPROYECTO.X\SUBRUTINAS.ASM 41 : Symbol not previously defined (A)
Error[152]   C:\MICROCHIPPROJECTS\SUBRUTINASPROYECTO.X\SUBRUTINAS.ASM 41 : Executable code and data must be defined in an appropriate section
Error[151]   C:\MICROCHIPPROJECTS\SUBRUTINASPROYECTO.X\SUBRUTINAS.ASM 42 : Operand contains unresolvable labels or is too complex
Error[152]   C:\MICROCHIPPROJECTS\SUBRUTINASPROYECTO.X\SUBRUTINAS.ASM 42 : Executable code and data must be defined in an appropriate section
Error[152]   C:\MICROCHIPPROJECTS\SUBRUTINASPROYECTO.X\SUBRUTINAS.ASM 42 : Executable code and data must be defined in an appropriate section
Error[113]   C:\MICROCHIPPROJECTS\SUBRUTINASPROYECTO.X\SUBRUTINAS.ASM 43 : Symbol not previously defined (PORTB)
Error[113]   C:\MICROCHIPPROJECTS\SUBRUTINASPROYECTO.X\SUBRUTINAS.ASM 43 : Symbol not previously defined (A)
Error[152]   C:\MICROCHIPPROJECTS\SUBRUTINASPROYECTO.X\SUBRUTINAS.ASM 43 : Executable code and data must be defined in an appropriate section
Error[151]   C:\MICROCHIPPROJECTS\SUBRUTINASPROYECTO.X\SUBRUTINAS.ASM 44 : Operand contains unresolvable labels or is too complex
Error[152]   C:\MICROCHIPPROJECTS\SUBRUTINASPROYECTO.X\SUBRUTINAS.ASM 44 : Executable code and data must be defined in an appropriate section
Error[152]   C:\MICROCHIPPROJECTS\SUBRUTINASPROYECTO.X\SUBRUTINAS.ASM 44 : Executable code and data must be defined in an appropriate section
Error[152]   C:\MICROCHIPPROJECTS\SUBRUTINASPROYECTO.X\SUBRUTINAS.ASM 45 : Executable code and data must be defined in an appropriate section
Error[113]   C:\MICROCHIPPROJECTS\SUBRUTINASPROYECTO.X\SUBRUTINAS.ASM 46 : Symbol not previously defined (LATB)
Error[113]   C:\MICROCHIPPROJECTS\SUBRUTINASPROYECTO.X\SUBRUTINAS.ASM 46 : Symbol not previously defined (A)
Error[152]   C:\MICROCHIPPROJECTS\SUBRUTINASPROYECTO.X\SUBRUTINAS.ASM 46 : Executable code and data must be defined in an appropriate section
Error[113]   C:\MICROCHIPPROJECTS\SUBRUTINASPROYECTO.X\SUBRUTINAS.ASM 47 : Symbol not previously defined (PORTB)
Error[113]   C:\MICROCHIPPROJECTS\SUBRUTINASPROYECTO.X\SUBRUTINAS.ASM 47 : Symbol not previously defined (A)
Error[152]   C:\MICROCHIPPROJECTS\SUBRUTINASPROYECTO.X\SUBRUTINAS.ASM 47 : Executable code and data must be defined in an appropriate section
Error[151]   C:\MICROCHIPPROJECTS\SUBRUTINASPROYECTO.X\SUBRUTINAS.ASM 48 : Operand contains unresolvable labels or is too complex
Error[152]   C:\MICROCHIPPROJECTS\SUBRUTINASPROYECTO.X\SUBRUTINAS.ASM 48 : Executable code and data must be defined in an appropriate section
Error[152]   C:\MICROCHIPPROJECTS\SUBRUTINASPROYECTO.X\SUBRUTINAS.ASM 48 : Executable code and data must be defined in an appropriate section
Error[113]   C:\MICROCHIPPROJECTS\SUBRUTINASPROYECTO.X\SUBRUTINAS.ASM 49 : Symbol not previously defined (PORTB)
Error[113]   C:\MICROCHIPPROJECTS\SUBRUTINASPROYECTO.X\SUBRUTINAS.ASM 49 : Symbol not previously defined (A)
Error[152]   C:\MICROCHIPPROJECTS\SUBRUTINASPROYECTO.X\SUBRUTINAS.ASM 49 : Executable code and data must be defined in an appropriate section
Error[151]   C:\MICROCHIPPROJECTS\SUBRUTINASPROYECTO.X\SUBRUTINAS.ASM 50 : Operand contains unresolvable labels or is too complex
Error[152]   C:\MICROCHIPPROJECTS\SUBRUTINASPROYECTO.X\SUBRUTINAS.ASM 50 : Executable code and data must be defined in an appropriate section
Error[152]   C:\MICROCHIPPROJECTS\SUBRUTINASPROYECTO.X\SUBRUTINAS.ASM 50 : Executable code and data must be defined in an appropriate section
Error[113]   C:\MICROCHIPPROJECTS\SUBRUTINASPROYECTO.X\SUBRUTINAS.ASM 51 : Symbol not previously defined (PORTB)
Error[113]   C:\MICROCHIPPROJECTS\SUBRUTINASPROYECTO.X\SUBRUTINAS.ASM 51 : Symbol not previously defined (A)
Error[152]   C:\MICROCHIPPROJECTS\SUBRUTINASPROYECTO.X\SUBRUTINAS.ASM 51 : Executable code and data must be defined in an appropriate section
Error[151]   C:\MICROCHIPPROJECTS\SUBRUTINASPROYECTO.X\SUBRUTINAS.ASM 52 : Operand contains unresolvable labels or is too complex
Error[152]   C:\MICROCHIPPROJECTS\SUBRUTINASPROYECTO.X\SUBRUTINAS.ASM 52 : Executable code and data must be defined in an appropriate section
Error[152]   C:\MICROCHIPPROJECTS\SUBRUTINASPROYECTO.X\SUBRUTINAS.ASM 52 : Executable code and data must be defined in an appropriate section
Error[113]   C:\MICROCHIPPROJECTS\SUBRUTINASPROYECTO.X\SUBRUTINAS.ASM 53 : Symbol not previously defined (PORTB)
Error[113]   C:\MICROCHIPPROJECTS\SUBRUTINASPROYECTO.X\SUBRUTINAS.ASM 53 : Symbol not previously defined (A)
Error[152]   C:\MICROCHIPPROJECTS\SUBRUTINASPROYECTO.X\SUBRUTINAS.ASM 53 : Executable code and data must be defined in an appropriate section
Error[151]   C:\MICROCHIPPROJECTS\SUBRUTINASPROYECTO.X\SUBRUTINAS.ASM 54 : Operand contains unresolvable labels or is too complex
Error[152]   C:\MICROCHIPPROJECTS\SUBRUTINASPROYECTO.X\SUBRUTINAS.ASM 54 : Executable code and data must be defined in an appropriate section
Error[152]   C:\MICROCHIPPROJECTS\SUBRUTINASPROYECTO.X\SUBRUTINAS.ASM 54 : Executable code and data must be defined in an appropriate section
Error[151]   C:\MICROCHIPPROJECTS\SUBRUTINASPROYECTO.X\SUBRUTINAS.ASM 55 : Operand contains unresolvable labels or is too complex
Error[152]   C:\MICROCHIPPROJECTS\SUBRUTINASPROYECTO.X\SUBRUTINAS.ASM 55 : Executable code and data must be defined in an appropriate section
Error[152]   C:\MICROCHIPPROJECTS\SUBRUTINASPROYECTO.X\SUBRUTINAS.ASM 55 : Executable code and data must be defined in an appropriate section
Error[150]   C:\MICROCHIPPROJECTS\SUBRUTINASPROYECTO.X\SUBRUTINAS.ASM 57 : Labels must be defined in a code or data section when making an object file
Error[113]   C:\MICROCHIPPROJECTS\SUBRUTINASPROYECTO.X\SUBRUTINAS.ASM 58 : Symbol not previously defined (PORTB)
Error[113]   C:\MICROCHIPPROJECTS\SUBRUTINASPROYECTO.X\SUBRUTINAS.ASM 58 : Symbol not previously defined (A)
Error[152]   C:\MICROCHIPPROJECTS\SUBRUTINASPROYECTO.X\SUBRUTINAS.ASM 58 : Executable code and data must be defined in an appropriate section
Error[151]   C:\MICROCHIPPROJECTS\SUBRUTINASPROYECTO.X\SUBRUTINAS.ASM 59 : Operand contains unresolvable labels or is too complex
Error[152]   C:\MICROCHIPPROJECTS\SUBRUTINASPROYECTO.X\SUBRUTINAS.ASM 59 : Executable code and data must be defined in an appropriate section
Error[152]   C:\MICROCHIPPROJECTS\SUBRUTINASPROYECTO.X\SUBRUTINAS.ASM 59 : Executable code and data must be defined in an appropriate section
Error[152]   C:\MICROCHIPPROJECTS\SUBRUTINASPROYECTO.X\SUBRUTINAS.ASM 60 : Executable code and data must be defined in an appropriate section
Error[113]   C:\MICROCHIPPROJECTS\SUBRUTINASPROYECTO.X\SUBRUTINAS.ASM 61 : Symbol not previously defined (LATA)
Error[113]   C:\MICROCHIPPROJECTS\SUBRUTINASPROYECTO.X\SUBRUTINAS.ASM 61 : Symbol not previously defined (A)
Error[152]   C:\MICROCHIPPROJECTS\SUBRUTINASPROYECTO.X\SUBRUTINAS.ASM 61 : Executable code and data must be defined in an appropriate section
Error[151]   C:\MICROCHIPPROJECTS\SUBRUTINASPROYECTO.X\SUBRUTINAS.ASM 62 : Operand contains unresolvable labels or is too complex
Error[152]   C:\MICROCHIPPROJECTS\SUBRUTINASPROYECTO.X\SUBRUTINAS.ASM 62 : Executable code and data must be defined in an appropriate section
Error[152]   C:\MICROCHIPPROJECTS\SUBRUTINASPROYECTO.X\SUBRUTINAS.ASM 62 : Executable code and data must be defined in an appropriate section
Error[151]   C:\MICROCHIPPROJECTS\SUBRUTINASPROYECTO.X\SUBRUTINAS.ASM 63 : Operand contains unresolvable labels or is too complex
Error[152]   C:\MICROCHIPPROJECTS\SUBRUTINASPROYECTO.X\SUBRUTINAS.ASM 63 : Executable code and data must be defined in an appropriate section
Error[152]   C:\MICROCHIPPROJECTS\SUBRUTINASPROYECTO.X\SUBRUTINAS.ASM 63 : Executable code and data must be defined in an appropriate section
Error[150]   C:\MICROCHIPPROJECTS\SUBRUTINASPROYECTO.X\SUBRUTINAS.ASM 64 : Labels must be defined in a code or data section when making an object file
Error[113]   C:\MICROCHIPPROJECTS\SUBRUTINASPROYECTO.X\SUBRUTINAS.ASM 65 : Symbol not previously defined (PORTB)
Error[113]   C:\MICROCHIPPROJECTS\SUBRUTINASPROYECTO.X\SUBRUTINAS.ASM 65 : Symbol not previously defined (A)
Error[152]   C:\MICROCHIPPROJECTS\SUBRUTINASPROYECTO.X\SUBRUTINAS.ASM 65 : Executable code and data must be defined in an appropriate section
Error[151]   C:\MICROCHIPPROJECTS\SUBRUTINASPROYECTO.X\SUBRUTINAS.ASM 66 : Operand contains unresolvable labels or is too complex
Error[152]   C:\MICROCHIPPROJECTS\SUBRUTINASPROYECTO.X\SUBRUTINAS.ASM 66 : Executable code and data must be defined in an appropriate section
Error[152]   C:\MICROCHIPPROJECTS\SUBRUTINASPROYECTO.X\SUBRUTINAS.ASM 66 : Executable code and data must be defined in an appropriate section
Error[152]   C:\MICROCHIPPROJECTS\SUBRUTINASPROYECTO.X\SUBRUTINAS.ASM 67 : Executable code and data must be defined in an appropriate section
Error[113]   C:\MICROCHIPPROJECTS\SUBRUTINASPROYECTO.X\SUBRUTINAS.ASM 68 : Symbol not previously defined (LATA)
Error[113]   C:\MICROCHIPPROJECTS\SUBRUTINASPROYECTO.X\SUBRUTINAS.ASM 68 : Symbol not previously defined (A)
Error[152]   C:\MICROCHIPPROJECTS\SUBRUTINASPROYECTO.X\SUBRUTINAS.ASM 68 : Executable code and data must be defined in an appropriate section
Error[151]   C:\MICROCHIPPROJECTS\SUBRUTINASPROYECTO.X\SUBRUTINAS.ASM 69 : Operand contains unresolvable labels or is too complex
Error[152]   C:\MICROCHIPPROJECTS\SUBRUTINASPROYECTO.X\SUBRUTINAS.ASM 69 : Executable code and data must be defined in an appropriate section
Error[152]   C:\MICROCHIPPROJECTS\SUBRUTINASPROYECTO.X\SUBRUTINAS.ASM 69 : Executable code and data must be defined in an appropriate section
Error[151]   C:\MICROCHIPPROJECTS\SUBRUTINASPROYECTO.X\SUBRUTINAS.ASM 70 : Operand contains unresolvable labels or is too complex
Error[152]   C:\MICROCHIPPROJECTS\SUBRUTINASPROYECTO.X\SUBRUTINAS.ASM 70 : Executable code and data must be defined in an appropriate section
Error[152]   C:\MICROCHIPPROJECTS\SUBRUTINASPROYECTO.X\SUBRUTINAS.ASM 70 : Executable code and data must be defined in an appropriate section
Error[150]   C:\MICROCHIPPROJECTS\SUBRUTINASPROYECTO.X\SUBRUTINAS.ASM 71 : Labels must be defined in a code or data section when making an object file
Error[113]   C:\MICROCHIPPROJECTS\SUBRUTINASPROYECTO.X\SUBRUTINAS.ASM 72 : Symbol not previously defined (PORTB)
Error[113]   C:\MICROCHIPPROJECTS\SUBRUTINASPROYECTO.X\SUBRUTINAS.ASM 72 : Symbol not previously defined (A)
Error[152]   C:\MICROCHIPPROJECTS\SUBRUTINASPROYECTO.X\SUBRUTINAS.ASM 72 : Executable code and data must be defined in an appropriate section
Error[151]   C:\MICROCHIPPROJECTS\SUBRUTINASPROYECTO.X\SUBRUTINAS.ASM 73 : Operand contains unresolvable labels or is too complex
Error[152]   C:\MICROCHIPPROJECTS\SUBRUTINASPROYECTO.X\SUBRUTINAS.ASM 73 : Executable code and data must be defined in an appropriate section
Error[152]   C:\MICROCHIPPROJECTS\SUBRUTINASPROYECTO.X\SUBRUTINAS.ASM 73 : Executable code and data must be defined in an appropriate section
Error[152]   C:\MICROCHIPPROJECTS\SUBRUTINASPROYECTO.X\SUBRUTINAS.ASM 74 : Executable code and data must be defined in an appropriate section
Error[113]   C:\MICROCHIPPROJECTS\SUBRUTINASPROYECTO.X\SUBRUTINAS.ASM 75 : Symbol not previously defined (LATA)
Error[113]   C:\MICROCHIPPROJECTS\SUBRUTINASPROYECTO.X\SUBRUTINAS.ASM 75 : Symbol not previously defined (A)
Error[152]   C:\MICROCHIPPROJECTS\SUBRUTINASPROYECTO.X\SUBRUTINAS.ASM 75 : Executable code and data must be defined in an appropriate section
Error[151]   C:\MICROCHIPPROJECTS\SUBRUTINASPROYECTO.X\SUBRUTINAS.ASM 76 : Operand contains unresolvable labels or is too complex
Error[152]   C:\MICROCHIPPROJECTS\SUBRUTINASPROYECTO.X\SUBRUTINAS.ASM 76 : Executable code and data must be defined in an appropriate section
Error[152]   C:\MICROCHIPPROJECTS\SUBRUTINASPROYECTO.X\SUBRUTINAS.ASM 76 : Executable code and data must be defined in an appropriate section
Error[151]   C:\MICROCHIPPROJECTS\SUBRUTINASPROYECTO.X\SUBRUTINAS.ASM 77 : Operand contains unresolvable labels or is too complex
Error[152]   C:\MICROCHIPPROJECTS\SUBRUTINASPROYECTO.X\SUBRUTINAS.ASM 77 : Executable code and data must be defined in an appropriate section
Error[152]   C:\MICROCHIPPROJECTS\SUBRUTINASPROYECTO.X\SUBRUTINAS.ASM 77 : Executable code and data must be defined in an appropriate section
Error[150]   C:\MICROCHIPPROJECTS\SUBRUTINASPROYECTO.X\SUBRUTINAS.ASM 78 : Labels must be defined in a code or data section when making an object file
Error[113]   C:\MICROCHIPPROJECTS\SUBRUTINASPROYECTO.X\SUBRUTINAS.ASM 79 : Symbol not previously defined (PORTB)
Error[113]   C:\MICROCHIPPROJECTS\SUBRUTINASPROYECTO.X\SUBRUTINAS.ASM 79 : Symbol not previously defined (A)
Error[152]   C:\MICROCHIPPROJECTS\SUBRUTINASPROYECTO.X\SUBRUTINAS.ASM 79 : Executable code and data must be defined in an appropriate section
Error[151]   C:\MICROCHIPPROJECTS\SUBRUTINASPROYECTO.X\SUBRUTINAS.ASM 80 : Operand contains unresolvable labels or is too complex
Error[152]   C:\MICROCHIPPROJECTS\SUBRUTINASPROYECTO.X\SUBRUTINAS.ASM 80 : Executable code and data must be defined in an appropriate section
Error[152]   C:\MICROCHIPPROJECTS\SUBRUTINASPROYECTO.X\SUBRUTINAS.ASM 80 : Executable code and data must be defined in an appropriate section
Error[152]   C:\MICROCHIPPROJECTS\SUBRUTINASPROYECTO.X\SUBRUTINAS.ASM 81 : Executable code and data must be defined in an appropriate section
Error[113]   C:\MICROCHIPPROJECTS\SUBRUTINASPROYECTO.X\SUBRUTINAS.ASM 82 : Symbol not previously defined (LATA)
Error[113]   C:\MICROCHIPPROJECTS\SUBRUTINASPROYECTO.X\SUBRUTINAS.ASM 82 : Symbol not previously defined (A)
Error[152]   C:\MICROCHIPPROJECTS\SUBRUTINASPROYECTO.X\SUBRUTINAS.ASM 82 : Executable code and data must be defined in an appropriate section
Error[151]   C:\MICROCHIPPROJECTS\SUBRUTINASPROYECTO.X\SUBRUTINAS.ASM 83 : Operand contains unresolvable labels or is too complex
Error[152]   C:\MICROCHIPPROJECTS\SUBRUTINASPROYECTO.X\SUBRUTINAS.ASM 83 : Executable code and data must be defined in an appropriate section
Error[152]   C:\MICROCHIPPROJECTS\SUBRUTINASPROYECTO.X\SUBRUTINAS.ASM 83 : Executable code and data must be defined in an appropriate section
Error[151]   C:\MICROCHIPPROJECTS\SUBRUTINASPROYECTO.X\SUBRUTINAS.ASM 84 : Operand contains unresolvable labels or is too complex
Error[152]   C:\MICROCHIPPROJECTS\SUBRUTINASPROYECTO.X\SUBRUTINAS.ASM 84 : Executable code and data must be defined in an appropriate section
Error[152]   C:\MICROCHIPPROJECTS\SUBRUTINASPROYECTO.X\SUBRUTINAS.ASM 84 : Executable code and data must be defined in an appropriate section
Error[150]   C:\MICROCHIPPROJECTS\SUBRUTINASPROYECTO.X\SUBRUTINAS.ASM 85 : Labels must be defined in a code or data section when making an object file
Error[113]   C:\MICROCHIPPROJECTS\SUBRUTINASPROYECTO.X\SUBRUTINAS.ASM 86 : Symbol not previously defined (PORTB)
Error[113]   C:\MICROCHIPPROJECTS\SUBRUTINASPROYECTO.X\SUBRUTINAS.ASM 86 : Symbol not previously defined (A)
Error[152]   C:\MICROCHIPPROJECTS\SUBRUTINASPROYECTO.X\SUBRUTINAS.ASM 86 : Executable code and data must be defined in an appropriate section
Error[151]   C:\MICROCHIPPROJECTS\SUBRUTINASPROYECTO.X\SUBRUTINAS.ASM 87 : Operand contains unresolvable labels or is too complex
Error[152]   C:\MICROCHIPPROJECTS\SUBRUTINASPROYECTO.X\SUBRUTINAS.ASM 87 : Executable code and data must be defined in an appropriate section
Error[152]   C:\MICROCHIPPROJECTS\SUBRUTINASPROYECTO.X\SUBRUTINAS.ASM 87 : Executable code and data must be defined in an appropriate section
Error[152]   C:\MICROCHIPPROJECTS\SUBRUTINASPROYECTO.X\SUBRUTINAS.ASM 88 : Executable code and data must be defined in an appropriate section
Error[113]   C:\MICROCHIPPROJECTS\SUBRUTINASPROYECTO.X\SUBRUTINAS.ASM 89 : Symbol not previously defined (LATA)
Error[113]   C:\MICROCHIPPROJECTS\SUBRUTINASPROYECTO.X\SUBRUTINAS.ASM 89 : Symbol not previously defined (A)
Error[152]   C:\MICROCHIPPROJECTS\SUBRUTINASPROYECTO.X\SUBRUTINAS.ASM 89 : Executable code and data must be defined in an appropriate section
Error[151]   C:\MICROCHIPPROJECTS\SUBRUTINASPROYECTO.X\SUBRUTINAS.ASM 90 : Operand contains unresolvable labels or is too complex
Error[152]   C:\MICROCHIPPROJECTS\SUBRUTINASPROYECTO.X\SUBRUTINAS.ASM 90 : Executable code and data must be defined in an appropriate section
Error[152]   C:\MICROCHIPPROJECTS\SUBRUTINASPROYECTO.X\SUBRUTINAS.ASM 90 : Executable code and data must be defined in an appropriate section
Error[151]   C:\MICROCHIPPROJECTS\SUBRUTINASPROYECTO.X\SUBRUTINAS.ASM 91 : Operand contains unresolvable labels or is too complex
Error[152]   C:\MICROCHIPPROJECTS\SUBRUTINASPROYECTO.X\SUBRUTINAS.ASM 91 : Executable code and data must be defined in an appropriate section
Error[152]   C:\MICROCHIPPROJECTS\SUBRUTINASPROYECTO.X\SUBRUTINAS.ASM 91 : Executable code and data must be defined in an appropriate section
Error[150]   C:\MICROCHIPPROJECTS\SUBRUTINASPROYECTO.X\SUBRUTINAS.ASM 92 : Labels must be defined in a code or data section when making an object file
Error[113]   C:\MICROCHIPPROJECTS\SUBRUTINASPROYECTO.X\SUBRUTINAS.ASM 93 : Symbol not previously defined (PORTB)
Error[113]   C:\MICROCHIPPROJECTS\SUBRUTINASPROYECTO.X\SUBRUTINAS.ASM 93 : Symbol not previously defined (A)
Error[152]   C:\MICROCHIPPROJECTS\SUBRUTINASPROYECTO.X\SUBRUTINAS.ASM 93 : Executable code and data must be defined in an appropriate section
Error[151]   C:\MICROCHIPPROJECTS\SUBRUTINASPROYECTO.X\SUBRUTINAS.ASM 94 : Operand contains unresolvable labels or is too complex
Error[152]   C:\MICROCHIPPROJECTS\SUBRUTINASPROYECTO.X\SUBRUTINAS.ASM 94 : Executable code and data must be defined in an appropriate section
Error[152]   C:\MICROCHIPPROJECTS\SUBRUTINASPROYECTO.X\SUBRUTINAS.ASM 94 : Executable code and data must be defined in an appropriate section
Error[152]   C:\MICROCHIPPROJECTS\SUBRUTINASPROYECTO.X\SUBRUTINAS.ASM 95 : Executable code and data must be defined in an appropriate section
Error[113]   C:\MICROCHIPPROJECTS\SUBRUTINASPROYECTO.X\SUBRUTINAS.ASM 96 : Symbol not previously defined (LATA)
Error[113]   C:\MICROCHIPPROJECTS\SUBRUTINASPROYECTO.X\SUBRUTINAS.ASM 96 : Symbol not previously defined (A)
Error[152]   C:\MICROCHIPPROJECTS\SUBRUTINASPROYECTO.X\SUBRUTINAS.ASM 96 : Executable code and data must be defined in an appropriate section
Error[151]   C:\MICROCHIPPROJECTS\SUBRUTINASPROYECTO.X\SUBRUTINAS.ASM 97 : Operand contains unresolvable labels or is too complex
Error[152]   C:\MICROCHIPPROJECTS\SUBRUTINASPROYECTO.X\SUBRUTINAS.ASM 97 : Executable code and data must be defined in an appropriate section
Error[152]   C:\MICROCHIPPROJECTS\SUBRUTINASPROYECTO.X\SUBRUTINAS.ASM 97 : Executable code and data must be defined in an appropriate section
Error[151]   C:\MICROCHIPPROJECTS\SUBRUTINASPROYECTO.X\SUBRUTINAS.ASM 98 : Operand contains unresolvable labels or is too complex
Error[152]   C:\MICROCHIPPROJECTS\SUBRUTINASPROYECTO.X\SUBRUTINAS.ASM 98 : Executable code and data must be defined in an appropriate section
Error[152]   C:\MICROCHIPPROJECTS\SUBRUTINASPROYECTO.X\SUBRUTINAS.ASM 98 : Executable code and data must be defined in an appropriate section
Error[150]   C:\MICROCHIPPROJECTS\SUBRUTINASPROYECTO.X\SUBRUTINAS.ASM 99 : Labels must be defined in a code or data section when making an object file
Error[113]   C:\MICROCHIPPROJECTS\SUBRUTINASPROYECTO.X\SUBRUTINAS.ASM 100 : Symbol not previously defined (PORTB)
Error[113]   C:\MICROCHIPPROJECTS\SUBRUTINASPROYECTO.X\SUBRUTINAS.ASM 100 : Symbol not previously defined (A)
Error[152]   C:\MICROCHIPPROJECTS\SUBRUTINASPROYECTO.X\SUBRUTINAS.ASM 100 : Executable code and data must be defined in an appropriate section
Error[151]   C:\MICROCHIPPROJECTS\SUBRUTINASPROYECTO.X\SUBRUTINAS.ASM 101 : Operand contains unresolvable labels or is too complex
Error[152]   C:\MICROCHIPPROJECTS\SUBRUTINASPROYECTO.X\SUBRUTINAS.ASM 101 : Executable code and data must be defined in an appropriate section
Error[152]   C:\MICROCHIPPROJECTS\SUBRUTINASPROYECTO.X\SUBRUTINAS.ASM 101 : Executable code and data must be defined in an appropriate section
Error[152]   C:\MICROCHIPPROJECTS\SUBRUTINASPROYECTO.X\SUBRUTINAS.ASM 102 : Executable code and data must be defined in an appropriate section
Error[113]   C:\MICROCHIPPROJECTS\SUBRUTINASPROYECTO.X\SUBRUTINAS.ASM 103 : Symbol not previously defined (LATA)
Error[113]   C:\MICROCHIPPROJECTS\SUBRUTINASPROYECTO.X\SUBRUTINAS.ASM 103 : Symbol not previously defined (A)
Error[152]   C:\MICROCHIPPROJECTS\SUBRUTINASPROYECTO.X\SUBRUTINAS.ASM 103 : Executable code and data must be defined in an appropriate section
Error[151]   C:\MICROCHIPPROJECTS\SUBRUTINASPROYECTO.X\SUBRUTINAS.ASM 104 : Operand contains unresolvable labels or is too complex
Error[152]   C:\MICROCHIPPROJECTS\SUBRUTINASPROYECTO.X\SUBRUTINAS.ASM 104 : Executable code and data must be defined in an appropriate section
Error[152]   C:\MICROCHIPPROJECTS\SUBRUTINASPROYECTO.X\SUBRUTINAS.ASM 104 : Executable code and data must be defined in an appropriate section
Error[151]   C:\MICROCHIPPROJECTS\SUBRUTINASPROYECTO.X\SUBRUTINAS.ASM 105 : Operand contains unresolvable labels or is too complex
Error[152]   C:\MICROCHIPPROJECTS\SUBRUTINASPROYECTO.X\SUBRUTINAS.ASM 105 : Executable code and data must be defined in an appropriate section
Error[152]   C:\MICROCHIPPROJECTS\SUBRUTINASPROYECTO.X\SUBRUTINAS.ASM 105 : Executable code and data must be defined in an appropriate section
Error[150]   C:\MICROCHIPPROJECTS\SUBRUTINASPROYECTO.X\SUBRUTINAS.ASM 106 : Labels must be defined in a code or data section when making an object file
Error[113]   C:\MICROCHIPPROJECTS\SUBRUTINASPROYECTO.X\SUBRUTINAS.ASM 107 : Symbol not previously defined (PORTB)
Error[113]   C:\MICROCHIPPROJECTS\SUBRUTINASPROYECTO.X\SUBRUTINAS.ASM 107 : Symbol not previously defined (A)
Error[152]   C:\MICROCHIPPROJECTS\SUBRUTINASPROYECTO.X\SUBRUTINAS.ASM 107 : Executable code and data must be defined in an appropriate section
Error[151]   C:\MICROCHIPPROJECTS\SUBRUTINASPROYECTO.X\SUBRUTINAS.ASM 108 : Operand contains unresolvable labels or is too complex
Error[152]   C:\MICROCHIPPROJECTS\SUBRUTINASPROYECTO.X\SUBRUTINAS.ASM 108 : Executable code and data must be defined in an appropriate section
Error[152]   C:\MICROCHIPPROJECTS\SUBRUTINASPROYECTO.X\SUBRUTINAS.ASM 108 : Executable code and data must be defined in an appropriate section
Error[152]   C:\MICROCHIPPROJECTS\SUBRUTINASPROYECTO.X\SUBRUTINAS.ASM 109 : Executable code and data must be defined in an appropriate section
Error[113]   C:\MICROCHIPPROJECTS\SUBRUTINASPROYECTO.X\SUBRUTINAS.ASM 110 : Symbol not previously defined (LATA)
Error[113]   C:\MICROCHIPPROJECTS\SUBRUTINASPROYECTO.X\SUBRUTINAS.ASM 110 : Symbol not previously defined (A)
Error[152]   C:\MICROCHIPPROJECTS\SUBRUTINASPROYECTO.X\SUBRUTINAS.ASM 110 : Executable code and data must be defined in an appropriate section
Error[151]   C:\MICROCHIPPROJECTS\SUBRUTINASPROYECTO.X\SUBRUTINAS.ASM 111 : Operand contains unresolvable labels or is too complex
Error[152]   C:\MICROCHIPPROJECTS\SUBRUTINASPROYECTO.X\SUBRUTINAS.ASM 111 : Executable code and data must be defined in an appropriate section
Error[152]   C:\MICROCHIPPROJECTS\SUBRUTINASPROYECTO.X\SUBRUTINAS.ASM 111 : Executable code and data must be defined in an appropriate section
Error[151]   C:\MICROCHIPPROJECTS\SUBRUTINASPROYECTO.X\SUBRUTINAS.ASM 112 : Operand contains unresolvable labels or is too complex
Error[152]   C:\MICROCHIPPROJECTS\SUBRUTINASPROYECTO.X\SUBRUTINAS.ASM 112 : Executable code and data must be defined in an appropriate section
Error[152]   C:\MICROCHIPPROJECTS\SUBRUTINASPROYECTO.X\SUBRUTINAS.ASM 112 : Executable code and data must be defined in an appropriate section
Error[150]   C:\MICROCHIPPROJECTS\SUBRUTINASPROYECTO.X\SUBRUTINAS.ASM 113 : Labels must be defined in a code or data section when making an object file
Error[113]   C:\MICROCHIPPROJECTS\SUBRUTINASPROYECTO.X\SUBRUTINAS.ASM 114 : Symbol not previously defined (PORTB)
Error[113]   C:\MICROCHIPPROJECTS\SUBRUTINASPROYECTO.X\SUBRUTINAS.ASM 114 : Symbol not previously defined (A)
Error[152]   C:\MICROCHIPPROJECTS\SUBRUTINASPROYECTO.X\SUBRUTINAS.ASM 114 : Executable code and data must be defined in an appropriate section
Error[151]   C:\MICROCHIPPROJECTS\SUBRUTINASPROYECTO.X\SUBRUTINAS.ASM 115 : Operand contains unresolvable labels or is too complex
Error[152]   C:\MICROCHIPPROJECTS\SUBRUTINASPROYECTO.X\SUBRUTINAS.ASM 115 : Executable code and data must be defined in an appropriate section
Error[152]   C:\MICROCHIPPROJECTS\SUBRUTINASPROYECTO.X\SUBRUTINAS.ASM 115 : Executable code and data must be defined in an appropriate section
Error[152]   C:\MICROCHIPPROJECTS\SUBRUTINASPROYECTO.X\SUBRUTINAS.ASM 116 : Executable code and data must be defined in an appropriate section
Error[113]   C:\MICROCHIPPROJECTS\SUBRUTINASPROYECTO.X\SUBRUTINAS.ASM 117 : Symbol not previously defined (LATA)
Error[113]   C:\MICROCHIPPROJECTS\SUBRUTINASPROYECTO.X\SUBRUTINAS.ASM 117 : Symbol not previously defined (A)
Error[152]   C:\MICROCHIPPROJECTS\SUBRUTINASPROYECTO.X\SUBRUTINAS.ASM 117 : Executable code and data must be defined in an appropriate section
Error[151]   C:\MICROCHIPPROJECTS\SUBRUTINASPROYECTO.X\SUBRUTINAS.ASM 118 : Operand contains unresolvable labels or is too complex
Error[152]   C:\MICROCHIPPROJECTS\SUBRUTINASPROYECTO.X\SUBRUTINAS.ASM 118 : Executable code and data must be defined in an appropriate section
Error[152]   C:\MICROCHIPPROJECTS\SUBRUTINASPROYECTO.X\SUBRUTINAS.ASM 118 : Executable code and data must be defined in an appropriate section
Error[151]   C:\MICROCHIPPROJECTS\SUBRUTINASPROYECTO.X\SUBRUTINAS.ASM 119 : Operand contains unresolvable labels or is too complex
Error[152]   C:\MICROCHIPPROJECTS\SUBRUTINASPROYECTO.X\SUBRUTINAS.ASM 119 : Executable code and data must be defined in an appropriate section
Error[152]   C:\MICROCHIPPROJECTS\SUBRUTINASPROYECTO.X\SUBRUTINAS.ASM 119 : Executable code and data must be defined in an appropriate section
Error[150]   C:\MICROCHIPPROJECTS\SUBRUTINASPROYECTO.X\SUBRUTINAS.ASM 120 : Labels must be defined in a code or data section when making an object file
Error[113]   C:\MICROCHIPPROJECTS\SUBRUTINASPROYECTO.X\SUBRUTINAS.ASM 121 : Symbol not previously defined (PORTB)
Error[113]   C:\MICROCHIPPROJECTS\SUBRUTINASPROYECTO.X\SUBRUTINAS.ASM 121 : Symbol not previously defined (A)
Error[152]   C:\MICROCHIPPROJECTS\SUBRUTINASPROYECTO.X\SUBRUTINAS.ASM 121 : Executable code and data must be defined in an appropriate section
Error[151]   C:\MICROCHIPPROJECTS\SUBRUTINASPROYECTO.X\SUBRUTINAS.ASM 122 : Operand contains unresolvable labels or is too complex
Error[152]   C:\MICROCHIPPROJECTS\SUBRUTINASPROYECTO.X\SUBRUTINAS.ASM 122 : Executable code and data must be defined in an appropriate section
Error[152]   C:\MICROCHIPPROJECTS\SUBRUTINASPROYECTO.X\SUBRUTINAS.ASM 122 : Executable code and data must be defined in an appropriate section
Error[152]   C:\MICROCHIPPROJECTS\SUBRUTINASPROYECTO.X\SUBRUTINAS.ASM 123 : Executable code and data must be defined in an appropriate section
Error[113]   C:\MICROCHIPPROJECTS\SUBRUTINASPROYECTO.X\SUBRUTINAS.ASM 124 : Symbol not previously defined (LATA)
Error[113]   C:\MICROCHIPPROJECTS\SUBRUTINASPROYECTO.X\SUBRUTINAS.ASM 124 : Symbol not previously defined (A)
Error[152]   C:\MICROCHIPPROJECTS\SUBRUTINASPROYECTO.X\SUBRUTINAS.ASM 124 : Executable code and data must be defined in an appropriate section
Error[151]   C:\MICROCHIPPROJECTS\SUBRUTINASPROYECTO.X\SUBRUTINAS.ASM 125 : Operand contains unresolvable labels or is too complex
Error[152]   C:\MICROCHIPPROJECTS\SUBRUTINASPROYECTO.X\SUBRUTINAS.ASM 125 : Executable code and data must be defined in an appropriate section
Error[152]   C:\MICROCHIPPROJECTS\SUBRUTINASPROYECTO.X\SUBRUTINAS.ASM 125 : Executable code and data must be defined in an appropriate section
Error[151]   C:\MICROCHIPPROJECTS\SUBRUTINASPROYECTO.X\SUBRUTINAS.ASM 126 : Operand contains unresolvable labels or is too complex
Error[152]   C:\MICROCHIPPROJECTS\SUBRUTINASPROYECTO.X\SUBRUTINAS.ASM 126 : Executable code and data must be defined in an appropriate section
Error[152]   C:\MICROCHIPPROJECTS\SUBRUTINASPROYECTO.X\SUBRUTINAS.ASM 126 : Executable code and data must be defined in an appropriate section
Error[150]   C:\MICROCHIPPROJECTS\SUBRUTINASPROYECTO.X\SUBRUTINAS.ASM 127 : Labels must be defined in a code or data section when making an object file
Error[113]   C:\MICROCHIPPROJECTS\SUBRUTINASPROYECTO.X\SUBRUTINAS.ASM 128 : Symbol not previously defined (PORTB)
Error[113]   C:\MICROCHIPPROJECTS\SUBRUTINASPROYECTO.X\SUBRUTINAS.ASM 128 : Symbol not previously defined (A)
Error[152]   C:\MICROCHIPPROJECTS\SUBRUTINASPROYECTO.X\SUBRUTINAS.ASM 128 : Executable code and data must be defined in an appropriate section
Error[151]   C:\MICROCHIPPROJECTS\SUBRUTINASPROYECTO.X\SUBRUTINAS.ASM 129 : Operand contains unresolvable labels or is too complex
Error[152]   C:\MICROCHIPPROJECTS\SUBRUTINASPROYECTO.X\SUBRUTINAS.ASM 129 : Executable code and data must be defined in an appropriate section
Error[152]   C:\MICROCHIPPROJECTS\SUBRUTINASPROYECTO.X\SUBRUTINAS.ASM 129 : Executable code and data must be defined in an appropriate section
Error[152]   C:\MICROCHIPPROJECTS\SUBRUTINASPROYECTO.X\SUBRUTINAS.ASM 130 : Executable code and data must be defined in an appropriate section
Error[113]   C:\MICROCHIPPROJECTS\SUBRUTINASPROYECTO.X\SUBRUTINAS.ASM 131 : Symbol not previously defined (LATA)
Error[113]   C:\MICROCHIPPROJECTS\SUBRUTINASPROYECTO.X\SUBRUTINAS.ASM 131 : Symbol not previously defined (A)
Error[152]   C:\MICROCHIPPROJECTS\SUBRUTINASPROYECTO.X\SUBRUTINAS.ASM 131 : Executable code and data must be defined in an appropriate section
Error[151]   C:\MICROCHIPPROJECTS\SUBRUTINASPROYECTO.X\SUBRUTINAS.ASM 132 : Operand contains unresolvable labels or is too complex
Error[152]   C:\MICROCHIPPROJECTS\SUBRUTINASPROYECTO.X\SUBRUTINAS.ASM 132 : Executable code and data must be defined in an appropriate section
Error[152]   C:\MICROCHIPPROJECTS\SUBRUTINASPROYECTO.X\SUBRUTINAS.ASM 132 : Executable code and data must be defined in an appropriate section
Error[151]   C:\MICROCHIPPROJECTS\SUBRUTINASPROYECTO.X\SUBRUTINAS.ASM 133 : Operand contains unresolvable labels or is too complex
Error[152]   C:\MICROCHIPPROJECTS\SUBRUTINASPROYECTO.X\SUBRUTINAS.ASM 133 : Executable code and data must be defined in an appropriate section
Error[152]   C:\MICROCHIPPROJECTS\SUBRUTINASPROYECTO.X\SUBRUTINAS.ASM 133 : Executable code and data must be defined in an appropriate section
Error[150]   C:\MICROCHIPPROJECTS\SUBRUTINASPROYECTO.X\SUBRUTINAS.ASM 134 : Labels must be defined in a code or data section when making an object file
Error[113]   C:\MICROCHIPPROJECTS\SUBRUTINASPROYECTO.X\SUBRUTINAS.ASM 135 : Symbol not previously defined (PORTB)
Error[113]   C:\MICROCHIPPROJECTS\SUBRUTINASPROYECTO.X\SUBRUTINAS.ASM 135 : Symbol not previously defined (A)
Error[152]   C:\MICROCHIPPROJECTS\SUBRUTINASPROYECTO.X\SUBRUTINAS.ASM 135 : Executable code and data must be defined in an appropriate section
Error[151]   C:\MICROCHIPPROJECTS\SUBRUTINASPROYECTO.X\SUBRUTINAS.ASM 136 : Operand contains unresolvable labels or is too complex
Error[152]   C:\MICROCHIPPROJECTS\SUBRUTINASPROYECTO.X\SUBRUTINAS.ASM 136 : Executable code and data must be defined in an appropriate section
Error[152]   C:\MICROCHIPPROJECTS\SUBRUTINASPROYECTO.X\SUBRUTINAS.ASM 136 : Executable code and data must be defined in an appropriate section
Error[152]   C:\MICROCHIPPROJECTS\SUBRUTINASPROYECTO.X\SUBRUTINAS.ASM 137 : Executable code and data must be defined in an appropriate section
Error[113]   C:\MICROCHIPPROJECTS\SUBRUTINASPROYECTO.X\SUBRUTINAS.ASM 138 : Symbol not previously defined (LATA)
Error[113]   C:\MICROCHIPPROJECTS\SUBRUTINASPROYECTO.X\SUBRUTINAS.ASM 138 : Symbol not previously defined (A)
Error[152]   C:\MICROCHIPPROJECTS\SUBRUTINASPROYECTO.X\SUBRUTINAS.ASM 138 : Executable code and data must be defined in an appropriate section
Error[151]   C:\MICROCHIPPROJECTS\SUBRUTINASPROYECTO.X\SUBRUTINAS.ASM 139 : Operand contains unresolvable labels or is too complex
Error[152]   C:\MICROCHIPPROJECTS\SUBRUTINASPROYECTO.X\SUBRUTINAS.ASM 139 : Executable code and data must be defined in an appropriate section
Error[152]   C:\MICROCHIPPROJECTS\SUBRUTINASPROYECTO.X\SUBRUTINAS.ASM 139 : Executable code and data must be defined in an appropriate section
Error[151]   C:\MICROCHIPPROJECTS\SUBRUTINASPROYECTO.X\SUBRUTINAS.ASM 140 : Operand contains unresolvable labels or is too complex
Error[152]   C:\MICROCHIPPROJECTS\SUBRUTINASPROYECTO.X\SUBRUTINAS.ASM 140 : Executable code and data must be defined in an appropriate section
Error[152]   C:\MICROCHIPPROJECTS\SUBRUTINASPROYECTO.X\SUBRUTINAS.ASM 140 : Executable code and data must be defined in an appropriate section
Error[150]   C:\MICROCHIPPROJECTS\SUBRUTINASPROYECTO.X\SUBRUTINAS.ASM 141 : Labels must be defined in a code or data section when making an object file
Error[113]   C:\MICROCHIPPROJECTS\SUBRUTINASPROYECTO.X\SUBRUTINAS.ASM 142 : Symbol not previously defined (PORTB)
Error[113]   C:\MICROCHIPPROJECTS\SUBRUTINASPROYECTO.X\SUBRUTINAS.ASM 142 : Symbol not previously defined (A)
Error[152]   C:\MICROCHIPPROJECTS\SUBRUTINASPROYECTO.X\SUBRUTINAS.ASM 142 : Executable code and data must be defined in an appropriate section
Error[151]   C:\MICROCHIPPROJECTS\SUBRUTINASPROYECTO.X\SUBRUTINAS.ASM 143 : Operand contains unresolvable labels or is too complex
Error[152]   C:\MICROCHIPPROJECTS\SUBRUTINASPROYECTO.X\SUBRUTINAS.ASM 143 : Executable code and data must be defined in an appropriate section
Error[152]   C:\MICROCHIPPROJECTS\SUBRUTINASPROYECTO.X\SUBRUTINAS.ASM 143 : Executable code and data must be defined in an appropriate section
Error[152]   C:\MICROCHIPPROJECTS\SUBRUTINASPROYECTO.X\SUBRUTINAS.ASM 144 : Executable code and data must be defined in an appropriate section
Error[113]   C:\MICROCHIPPROJECTS\SUBRUTINASPROYECTO.X\SUBRUTINAS.ASM 145 : Symbol not previously defined (LATA)
Error[113]   C:\MICROCHIPPROJECTS\SUBRUTINASPROYECTO.X\SUBRUTINAS.ASM 145 : Symbol not previously defined (A)
Error[152]   C:\MICROCHIPPROJECTS\SUBRUTINASPROYECTO.X\SUBRUTINAS.ASM 145 : Executable code and data must be defined in an appropriate section
Error[151]   C:\MICROCHIPPROJECTS\SUBRUTINASPROYECTO.X\SUBRUTINAS.ASM 146 : Operand contains unresolvable labels or is too complex
Error[152]   C:\MICROCHIPPROJECTS\SUBRUTINASPROYECTO.X\SUBRUTINAS.ASM 146 : Executable code and data must be defined in an appropriate section
Error[152]   C:\MICROCHIPPROJECTS\SUBRUTINASPROYECTO.X\SUBRUTINAS.ASM 146 : Executable code and data must be defined in an appropriate section
Error[151]   C:\MICROCHIPPROJECTS\SUBRUTINASPROYECTO.X\SUBRUTINAS.ASM 147 : Operand contains unresolvable labels or is too complex
Error[152]   C:\MICROCHIPPROJECTS\SUBRUTINASPROYECTO.X\SUBRUTINAS.ASM 147 : Executable code and data must be defined in an appropriate section
Error[152]   C:\MICROCHIPPROJECTS\SUBRUTINASPROYECTO.X\SUBRUTINAS.ASM 147 : Executable code and data must be defined in an appropriate section
Error[150]   C:\MICROCHIPPROJECTS\SUBRUTINASPROYECTO.X\SUBRUTINAS.ASM 148 : Labels must be defined in a code or data section when making an object file
Error[113]   C:\MICROCHIPPROJECTS\SUBRUTINASPROYECTO.X\SUBRUTINAS.ASM 149 : Symbol not previously defined (PORTB)
Error[113]   C:\MICROCHIPPROJECTS\SUBRUTINASPROYECTO.X\SUBRUTINAS.ASM 149 : Symbol not previously defined (A)
Error[152]   C:\MICROCHIPPROJECTS\SUBRUTINASPROYECTO.X\SUBRUTINAS.ASM 149 : Executable code and data must be defined in an appropriate section
Error[151]   C:\MICROCHIPPROJECTS\SUBRUTINASPROYECTO.X\SUBRUTINAS.ASM 150 : Operand contains unresolvable labels or is too complex
Error[152]   C:\MICROCHIPPROJECTS\SUBRUTINASPROYECTO.X\SUBRUTINAS.ASM 150 : Executable code and data must be defined in an appropriate section
Error[152]   C:\MICROCHIPPROJECTS\SUBRUTINASPROYECTO.X\SUBRUTINAS.ASM 150 : Executable code and data must be defined in an appropriate section
Error[152]   C:\MICROCHIPPROJECTS\SUBRUTINASPROYECTO.X\SUBRUTINAS.ASM 151 : Executable code and data must be defined in an appropriate section
Error[113]   C:\MICROCHIPPROJECTS\SUBRUTINASPROYECTO.X\SUBRUTINAS.ASM 152 : Symbol not previously defined (LATA)
Error[113]   C:\MICROCHIPPROJECTS\SUBRUTINASPROYECTO.X\SUBRUTINAS.ASM 152 : Symbol not previously defined (A)
Error[152]   C:\MICROCHIPPROJECTS\SUBRUTINASPROYECTO.X\SUBRUTINAS.ASM 152 : Executable code and data must be defined in an appropriate section
Error[151]   C:\MICROCHIPPROJECTS\SUBRUTINASPROYECTO.X\SUBRUTINAS.ASM 153 : Operand contains unresolvable labels or is too complex
Error[152]   C:\MICROCHIPPROJECTS\SUBRUTINASPROYECTO.X\SUBRUTINAS.ASM 153 : Executable code and data must be defined in an appropriate section
Error[152]   C:\MICROCHIPPROJECTS\SUBRUTINASPROYECTO.X\SUBRUTINAS.ASM 153 : Executable code and data must be defined in an appropriate section
Error[151]   C:\MICROCHIPPROJECTS\SUBRUTINASPROYECTO.X\SUBRUTINAS.ASM 154 : Operand contains unresolvable labels or is too complex
Error[152]   C:\MICROCHIPPROJECTS\SUBRUTINASPROYECTO.X\SUBRUTINAS.ASM 154 : Executable code and data must be defined in an appropriate section
Error[152]   C:\MICROCHIPPROJECTS\SUBRUTINASPROYECTO.X\SUBRUTINAS.ASM 154 : Executable code and data must be defined in an appropriate section
Error[150]   C:\MICROCHIPPROJECTS\SUBRUTINASPROYECTO.X\SUBRUTINAS.ASM 155 : Labels must be defined in a code or data section when making an object file
Error[113]   C:\MICROCHIPPROJECTS\SUBRUTINASPROYECTO.X\SUBRUTINAS.ASM 156 : Symbol not previously defined (PORTB)
Error[113]   C:\MICROCHIPPROJECTS\SUBRUTINASPROYECTO.X\SUBRUTINAS.ASM 156 : Symbol not previously defined (A)
Error[152]   C:\MICROCHIPPROJECTS\SUBRUTINASPROYECTO.X\SUBRUTINAS.ASM 156 : Executable code and data must be defined in an appropriate section
Error[151]   C:\MICROCHIPPROJECTS\SUBRUTINASPROYECTO.X\SUBRUTINAS.ASM 157 : Operand contains unresolvable labels or is too complex
Error[152]   C:\MICROCHIPPROJECTS\SUBRUTINASPROYECTO.X\SUBRUTINAS.ASM 157 : Executable code and data must be defined in an appropriate section
Error[152]   C:\MICROCHIPPROJECTS\SUBRUTINASPROYECTO.X\SUBRUTINAS.ASM 157 : Executable code and data must be defined in an appropriate section
Error[152]   C:\MICROCHIPPROJECTS\SUBRUTINASPROYECTO.X\SUBRUTINAS.ASM 158 : Executable code and data must be defined in an appropriate section
Error[113]   C:\MICROCHIPPROJECTS\SUBRUTINASPROYECTO.X\SUBRUTINAS.ASM 159 : Symbol not previously defined (LATA)
Error[113]   C:\MICROCHIPPROJECTS\SUBRUTINASPROYECTO.X\SUBRUTINAS.ASM 159 : Symbol not previously defined (A)
Error[152]   C:\MICROCHIPPROJECTS\SUBRUTINASPROYECTO.X\SUBRUTINAS.ASM 159 : Executable code and data must be defined in an appropriate section
Error[151]   C:\MICROCHIPPROJECTS\SUBRUTINASPROYECTO.X\SUBRUTINAS.ASM 160 : Operand contains unresolvable labels or is too complex
Error[152]   C:\MICROCHIPPROJECTS\SUBRUTINASPROYECTO.X\SUBRUTINAS.ASM 160 : Executable code and data must be defined in an appropriate section
Error[152]   C:\MICROCHIPPROJECTS\SUBRUTINASPROYECTO.X\SUBRUTINAS.ASM 160 : Executable code and data must be defined in an appropriate section
Error[151]   C:\MICROCHIPPROJECTS\SUBRUTINASPROYECTO.X\SUBRUTINAS.ASM 161 : Operand contains unresolvable labels or is too complex
Error[152]   C:\MICROCHIPPROJECTS\SUBRUTINASPROYECTO.X\SUBRUTINAS.ASM 161 : Executable code and data must be defined in an appropriate section
Error[152]   C:\MICROCHIPPROJECTS\SUBRUTINASPROYECTO.X\SUBRUTINAS.ASM 161 : Executable code and data must be defined in an appropriate section
Error[150]   C:\MICROCHIPPROJECTS\SUBRUTINASPROYECTO.X\SUBRUTINAS.ASM 162 : Labels must be defined in a code or data section when making an object file
Error[113]   C:\MICROCHIPPROJECTS\SUBRUTINASPROYECTO.X\SUBRUTINAS.ASM 163 : Symbol not previously defined (PORTB)
Error[113]   C:\MICROCHIPPROJECTS\SUBRUTINASPROYECTO.X\SUBRUTINAS.ASM 163 : Symbol not previously defined (A)
Error[152]   C:\MICROCHIPPROJECTS\SUBRUTINASPROYECTO.X\SUBRUTINAS.ASM 163 : Executable code and data must be defined in an appropriate section
Error[151]   C:\MICROCHIPPROJECTS\SUBRUTINASPROYECTO.X\SUBRUTINAS.ASM 164 : Operand contains unresolvable labels or is too complex
Error[152]   C:\MICROCHIPPROJECTS\SUBRUTINASPROYECTO.X\SUBRUTINAS.ASM 164 : Executable code and data must be defined in an appropriate section
Error[152]   C:\MICROCHIPPROJECTS\SUBRUTINASPROYECTO.X\SUBRUTINAS.ASM 164 : Executable code and data must be defined in an appropriate section
Error[152]   C:\MICROCHIPPROJECTS\SUBRUTINASPROYECTO.X\SUBRUTINAS.ASM 165 : Executable code and data must be defined in an appropriate section
Error[113]   C:\MICROCHIPPROJECTS\SUBRUTINASPROYECTO.X\SUBRUTINAS.ASM 166 : Symbol not previously defined (LATA)
Error[113]   C:\MICROCHIPPROJECTS\SUBRUTINASPROYECTO.X\SUBRUTINAS.ASM 166 : Symbol not previously defined (A)
Error[152]   C:\MICROCHIPPROJECTS\SUBRUTINASPROYECTO.X\SUBRUTINAS.ASM 166 : Executable code and data must be defined in an appropriate section
Error[151]   C:\MICROCHIPPROJECTS\SUBRUTINASPROYECTO.X\SUBRUTINAS.ASM 167 : Operand contains unresolvable labels or is too complex
Error[152]   C:\MICROCHIPPROJECTS\SUBRUTINASPROYECTO.X\SUBRUTINAS.ASM 167 : Executable code and data must be defined in an appropriate section
Error[152]   C:\MICROCHIPPROJECTS\SUBRUTINASPROYECTO.X\SUBRUTINAS.ASM 167 : Executable code and data must be defined in an appropriate section
Error[151]   C:\MICROCHIPPROJECTS\SUBRUTINASPROYECTO.X\SUBRUTINAS.ASM 168 : Operand contains unresolvable labels or is too complex
Error[152]   C:\MICROCHIPPROJECTS\SUBRUTINASPROYECTO.X\SUBRUTINAS.ASM 168 : Executable code and data must be defined in an appropriate section
Error[152]   C:\MICROCHIPPROJECTS\SUBRUTINASPROYECTO.X\SUBRUTINAS.ASM 168 : Executable code and data must be defined in an appropriate section
Error[150]   C:\MICROCHIPPROJECTS\SUBRUTINASPROYECTO.X\SUBRUTINAS.ASM 170 : Labels must be defined in a code or data section when making an object file
Error[152]   C:\MICROCHIPPROJECTS\SUBRUTINASPROYECTO.X\SUBRUTINAS.ASM 171 : Executable code and data must be defined in an appropriate section
Error[113]   C:\MICROCHIPPROJECTS\SUBRUTINASPROYECTO.X\SUBRUTINAS.ASM 172 : Symbol not previously defined (_256)
Error[152]   C:\MICROCHIPPROJECTS\SUBRUTINASPROYECTO.X\SUBRUTINAS.ASM 172 : Executable code and data must be defined in an appropriate section
Error[152]   C:\MICROCHIPPROJECTS\SUBRUTINASPROYECTO.X\SUBRUTINAS.ASM 173 : Executable code and data must be defined in an appropriate section
Error[113]   C:\MICROCHIPPROJECTS\SUBRUTINASPROYECTO.X\SUBRUTINAS.ASM 174 : Symbol not previously defined (_26)
Error[152]   C:\MICROCHIPPROJECTS\SUBRUTINASPROYECTO.X\SUBRUTINAS.ASM 174 : Executable code and data must be defined in an appropriate section
Error[150]   C:\MICROCHIPPROJECTS\SUBRUTINASPROYECTO.X\SUBRUTINAS.ASM 175 : Labels must be defined in a code or data section when making an object file
Error[113]   C:\MICROCHIPPROJECTS\SUBRUTINASPROYECTO.X\SUBRUTINAS.ASM 176 : Symbol not previously defined (_256)
Error[152]   C:\MICROCHIPPROJECTS\SUBRUTINASPROYECTO.X\SUBRUTINAS.ASM 176 : Executable code and data must be defined in an appropriate section
Error[151]   C:\MICROCHIPPROJECTS\SUBRUTINASPROYECTO.X\SUBRUTINAS.ASM 177 : Operand contains unresolvable labels or is too complex
Error[152]   C:\MICROCHIPPROJECTS\SUBRUTINASPROYECTO.X\SUBRUTINAS.ASM 177 : Executable code and data must be defined in an appropriate section
Error[152]   C:\MICROCHIPPROJECTS\SUBRUTINASPROYECTO.X\SUBRUTINAS.ASM 177 : Executable code and data must be defined in an appropriate section
Error[113]   C:\MICROCHIPPROJECTS\SUBRUTINASPROYECTO.X\SUBRUTINAS.ASM 178 : Symbol not previously defined (_26)
Error[152]   C:\MICROCHIPPROJECTS\SUBRUTINASPROYECTO.X\SUBRUTINAS.ASM 178 : Executable code and data must be defined in an appropriate section
Error[151]   C:\MICROCHIPPROJECTS\SUBRUTINASPROYECTO.X\SUBRUTINAS.ASM 179 : Operand contains unresolvable labels or is too complex
Error[152]   C:\MICROCHIPPROJECTS\SUBRUTINASPROYECTO.X\SUBRUTINAS.ASM 179 : Executable code and data must be defined in an appropriate section
Error[152]   C:\MICROCHIPPROJECTS\SUBRUTINASPROYECTO.X\SUBRUTINAS.ASM 179 : Executable code and data must be defined in an appropriate section
Error[152]   C:\MICROCHIPPROJECTS\SUBRUTINASPROYECTO.X\SUBRUTINAS.ASM 181 : Executable code and data must be defined in an appropriate section
