MPASM 5.87                    SUBRUTINAS.ASM   10-4-2021  10:04:31         PAGE  1


LOC  OBJECT CODE     LINE SOURCE TEXT
  VALUE

Error[105]  : Cannot open file (Include File "Part1.asm" not found)
                      00001 #include "Part1.asm"
                      00002  
Error[150]  : Labels must be defined in a code or data section when making an object file
000000                00003 CONFIGURA
Error[152]  : Executable code and data must be defined in an appropriate section
000000                00004     movlb .15
Error[113]  : Symbol not previously defined (ANSELA)
Error[113]  : Symbol not previously defined (BANKED)
Error[152]  : Executable code and data must be defined in an appropriate section
000000                00005     clrf ANSELA, BANKED                 ; REGA -> DIGITAL.
Error[113]  : Symbol not previously defined (ANSELB)
Error[113]  : Symbol not previously defined (BANKED)
Error[152]  : Executable code and data must be defined in an appropriate section
000000                00006     clrf ANSELB, BANKED                 ; REGB -> DIGITAL.
Error[113]  : Symbol not previously defined (INTCON2)
Error[152]  : Executable code and data must be defined in an appropriate section
000000                00007     bcf INTCON2, 7                      ; ENABLE pull-ups.
Error[152]  : Executable code and data must be defined in an appropriate section
000000                00008     movlw B'00001111'                   
Error[113]  : Symbol not previously defined (TRISB)
Error[152]  : Executable code and data must be defined in an appropriate section
000000                00009     movwf TRISB                         ; Mitad entradas/salidas.
Error[113]  : Symbol not previously defined (WPUB)
Error[152]  : Executable code and data must be defined in an appropriate section
000000                00010     movwf WPUB                          ; Mitad pull-ups.
Error[113]  : Symbol not previously defined (TRISA)
Error[152]  : Executable code and data must be defined in an appropriate section
000000                00011     clrf TRISA                          ; REGA -> OUTPUT.
Error[113]  : Symbol not previously defined (LATA)
Error[152]  : Executable code and data must be defined in an appropriate section
000000                00012     clrf LATA                           ; Limpiar la salida A.
                      00013     
Error[150]  : Labels must be defined in a code or data section when making an object file
000000                00014 RECORRIDO
Error[152]  : Executable code and data must be defined in an appropriate section
000000                00015     movlw b'11101111'                   ; ACTIVAR COLUMNA 1 (1, 4, 7, *).
Error[113]  : Symbol not previously defined (LATB)
Error[113]  : Symbol not previously defined (A)
Error[152]  : Executable code and data must be defined in an appropriate section
000000                00016     movwf LATB, A
Error[113]  : Symbol not previously defined (PORTB)
Error[113]  : Symbol not previously defined (A)
Error[152]  : Executable code and data must be defined in an appropriate section
000000                00017     btfss PORTB, 0, A                   ; Revisar si se presiona el 1.
Error[151]  : Operand contains unresolvable labels or is too complex
Error[152]  : Executable code and data must be defined in an appropriate section
Error[152]  : Executable code and data must be defined in an appropriate section
000000                00018     goto UNO
Error[113]  : Symbol not previously defined (PORTB)
Error[113]  : Symbol not previously defined (A)
Error[152]  : Executable code and data must be defined in an appropriate section
000000                00019     btfss PORTB, 1, A                   ; Revisar si se presiona el 4.
MPASM 5.87                    SUBRUTINAS.ASM   10-4-2021  10:04:31         PAGE  2


LOC  OBJECT CODE     LINE SOURCE TEXT
  VALUE

Error[151]  : Operand contains unresolvable labels or is too complex
Error[152]  : Executable code and data must be defined in an appropriate section
Error[152]  : Executable code and data must be defined in an appropriate section
000000                00020     goto CUATRO
Error[113]  : Symbol not previously defined (PORTB)
Error[113]  : Symbol not previously defined (A)
Error[152]  : Executable code and data must be defined in an appropriate section
000000                00021     btfss PORTB, 2, A                   ; Revisar si se presiona el 7.
Error[151]  : Operand contains unresolvable labels or is too complex
Error[152]  : Executable code and data must be defined in an appropriate section
Error[152]  : Executable code and data must be defined in an appropriate section
000000                00022     goto SIETE
Error[113]  : Symbol not previously defined (PORTB)
Error[113]  : Symbol not previously defined (A)
Error[152]  : Executable code and data must be defined in an appropriate section
000000                00023     btfss PORTB, 3, A                   ; Revisar si se presiona el *.
Error[151]  : Operand contains unresolvable labels or is too complex
Error[152]  : Executable code and data must be defined in an appropriate section
Error[152]  : Executable code and data must be defined in an appropriate section
000000                00024     goto ASTERISCO
Error[152]  : Executable code and data must be defined in an appropriate section
000000                00025     movlw b'11011111'                   ; ACTIVAR COLUMNA 2 (2, 5, 8, 0).
Error[113]  : Symbol not previously defined (LATB)
Error[113]  : Symbol not previously defined (A)
Error[152]  : Executable code and data must be defined in an appropriate section
000000                00026     movwf LATB, A
Error[113]  : Symbol not previously defined (PORTB)
Error[113]  : Symbol not previously defined (A)
Error[152]  : Executable code and data must be defined in an appropriate section
000000                00027     btfss PORTB, 0, A                   ; Revisar si se presiona el 2.
Error[151]  : Operand contains unresolvable labels or is too complex
Error[152]  : Executable code and data must be defined in an appropriate section
Error[152]  : Executable code and data must be defined in an appropriate section
000000                00028     goto DOS
Error[113]  : Symbol not previously defined (PORTB)
Error[113]  : Symbol not previously defined (A)
Error[152]  : Executable code and data must be defined in an appropriate section
000000                00029     btfss PORTB, 1, A                   ; Revisar si se presiona el 5.
Error[151]  : Operand contains unresolvable labels or is too complex
Error[152]  : Executable code and data must be defined in an appropriate section
Error[152]  : Executable code and data must be defined in an appropriate section
000000                00030     goto CINCO
Error[113]  : Symbol not previously defined (PORTB)
Error[113]  : Symbol not previously defined (A)
Error[152]  : Executable code and data must be defined in an appropriate section
000000                00031     btfss PORTB, 2, A                   ; Revisar si se presiona el 8.
Error[151]  : Operand contains unresolvable labels or is too complex
Error[152]  : Executable code and data must be defined in an appropriate section
Error[152]  : Executable code and data must be defined in an appropriate section
000000                00032     goto OCHO
Error[113]  : Symbol not previously defined (PORTB)
Error[113]  : Symbol not previously defined (A)
Error[152]  : Executable code and data must be defined in an appropriate section
MPASM 5.87                    SUBRUTINAS.ASM   10-4-2021  10:04:31         PAGE  3


LOC  OBJECT CODE     LINE SOURCE TEXT
  VALUE

000000                00033     btfss PORTB, 3, A                   ; Revisar si se presiona el 0.
Error[151]  : Operand contains unresolvable labels or is too complex
Error[152]  : Executable code and data must be defined in an appropriate section
Error[152]  : Executable code and data must be defined in an appropriate section
000000                00034     goto CERO
Error[152]  : Executable code and data must be defined in an appropriate section
000000                00035     movlw b'10111111'                   ; ACTIVAR COLUMNA 3 (3, 6, 9, #).
Error[113]  : Symbol not previously defined (LATB)
Error[113]  : Symbol not previously defined (A)
Error[152]  : Executable code and data must be defined in an appropriate section
000000                00036     movwf LATB, A
Error[113]  : Symbol not previously defined (PORTB)
Error[113]  : Symbol not previously defined (A)
Error[152]  : Executable code and data must be defined in an appropriate section
000000                00037     btfss PORTB, 0, A                   ; Revisar si se presiona el 3.
Error[151]  : Operand contains unresolvable labels or is too complex
Error[152]  : Executable code and data must be defined in an appropriate section
Error[152]  : Executable code and data must be defined in an appropriate section
000000                00038     goto TRES
Error[113]  : Symbol not previously defined (PORTB)
Error[113]  : Symbol not previously defined (A)
Error[152]  : Executable code and data must be defined in an appropriate section
000000                00039     btfss PORTB, 1, A                   ; Revisar si se presiona el 6.
Error[151]  : Operand contains unresolvable labels or is too complex
Error[152]  : Executable code and data must be defined in an appropriate section
Error[152]  : Executable code and data must be defined in an appropriate section
000000                00040     goto SEIS
Error[113]  : Symbol not previously defined (PORTB)
Error[113]  : Symbol not previously defined (A)
Error[152]  : Executable code and data must be defined in an appropriate section
000000                00041     btfss PORTB, 2, A                   ; Revisar si se presiona el 9.
Error[151]  : Operand contains unresolvable labels or is too complex
Error[152]  : Executable code and data must be defined in an appropriate section
Error[152]  : Executable code and data must be defined in an appropriate section
000000                00042     goto NUEVE
Error[113]  : Symbol not previously defined (PORTB)
Error[113]  : Symbol not previously defined (A)
Error[152]  : Executable code and data must be defined in an appropriate section
000000                00043     btfss PORTB, 3, A                   ; Revisar si se presiona el #.
Error[151]  : Operand contains unresolvable labels or is too complex
Error[152]  : Executable code and data must be defined in an appropriate section
Error[152]  : Executable code and data must be defined in an appropriate section
000000                00044     goto GATO
Error[152]  : Executable code and data must be defined in an appropriate section
000000                00045     movlw b'01111111'                   ; ACTIVAR COLUMNA 4 (A, B, C, D).
Error[113]  : Symbol not previously defined (LATB)
Error[113]  : Symbol not previously defined (A)
Error[152]  : Executable code and data must be defined in an appropriate section
000000                00046     movwf LATB, A
Error[113]  : Symbol not previously defined (PORTB)
Error[113]  : Symbol not previously defined (A)
Error[152]  : Executable code and data must be defined in an appropriate section
000000                00047     btfss PORTB, 0, A                   ; Revisar si se presiona el A.
MPASM 5.87                    SUBRUTINAS.ASM   10-4-2021  10:04:31         PAGE  4


LOC  OBJECT CODE     LINE SOURCE TEXT
  VALUE

Error[151]  : Operand contains unresolvable labels or is too complex
Error[152]  : Executable code and data must be defined in an appropriate section
Error[152]  : Executable code and data must be defined in an appropriate section
000000                00048     goto _A
Error[113]  : Symbol not previously defined (PORTB)
Error[113]  : Symbol not previously defined (A)
Error[152]  : Executable code and data must be defined in an appropriate section
000000                00049     btfss PORTB, 1, A                   ; Revisar si se presiona el B.
Error[151]  : Operand contains unresolvable labels or is too complex
Error[152]  : Executable code and data must be defined in an appropriate section
Error[152]  : Executable code and data must be defined in an appropriate section
000000                00050     goto _B
Error[113]  : Symbol not previously defined (PORTB)
Error[113]  : Symbol not previously defined (A)
Error[152]  : Executable code and data must be defined in an appropriate section
000000                00051     btfss PORTB, 2, A                   ; Revisar si se presiona el C.
Error[151]  : Operand contains unresolvable labels or is too complex
Error[152]  : Executable code and data must be defined in an appropriate section
Error[152]  : Executable code and data must be defined in an appropriate section
000000                00052     goto _C
Error[113]  : Symbol not previously defined (PORTB)
Error[113]  : Symbol not previously defined (A)
Error[152]  : Executable code and data must be defined in an appropriate section
000000                00053     btfss PORTB, 3, A                   ; Revisar si se presiona el D.
Error[151]  : Operand contains unresolvable labels or is too complex
Error[152]  : Executable code and data must be defined in an appropriate section
Error[152]  : Executable code and data must be defined in an appropriate section
000000                00054     goto _D
Error[151]  : Operand contains unresolvable labels or is too complex
Error[152]  : Executable code and data must be defined in an appropriate section
Error[152]  : Executable code and data must be defined in an appropriate section
000000                00055     goto RECORRIDO                      ; Si no se presiona nada, seguir en espera.
                      00056     
Error[150]  : Labels must be defined in a code or data section when making an object file
000000                00057 UNO
Error[113]  : Symbol not previously defined (PORTB)
Error[113]  : Symbol not previously defined (A)
Error[152]  : Executable code and data must be defined in an appropriate section
000000                00058     btfss PORTB, 3, A                   ; Revisar si sigue presionado el 1.
Error[151]  : Operand contains unresolvable labels or is too complex
Error[152]  : Executable code and data must be defined in an appropriate section
Error[152]  : Executable code and data must be defined in an appropriate section
000000                00059     goto UNO                            ; Si aun no se suleta, esperar.
Error[152]  : Executable code and data must be defined in an appropriate section
000000                00060     movlw .1
Error[113]  : Symbol not previously defined (LATA)
Error[113]  : Symbol not previously defined (A)
Error[152]  : Executable code and data must be defined in an appropriate section
000000                00061     movwf LATA, A                       ; Prender un 1 en binario.
Error[151]  : Operand contains unresolvable labels or is too complex
Error[152]  : Executable code and data must be defined in an appropriate section
Error[152]  : Executable code and data must be defined in an appropriate section
000000                00062     call DELAY_20ms                     ; Antirebote.
MPASM 5.87                    SUBRUTINAS.ASM   10-4-2021  10:04:31         PAGE  5


LOC  OBJECT CODE     LINE SOURCE TEXT
  VALUE

Error[151]  : Operand contains unresolvable labels or is too complex
Error[152]  : Executable code and data must be defined in an appropriate section
Error[152]  : Executable code and data must be defined in an appropriate section
000000                00063     goto RECORRIDO                      ; Regresar a ver si se presiona otro boton.
Error[150]  : Labels must be defined in a code or data section when making an object file
000000                00064 DOS
Error[113]  : Symbol not previously defined (PORTB)
Error[113]  : Symbol not previously defined (A)
Error[152]  : Executable code and data must be defined in an appropriate section
000000                00065     btfss PORTB, 3, A                   ; Revisar si sigue presionado el 2.
Error[151]  : Operand contains unresolvable labels or is too complex
Error[152]  : Executable code and data must be defined in an appropriate section
Error[152]  : Executable code and data must be defined in an appropriate section
000000                00066     goto DOS                            ; Si aun no se suleta, esperar.
Error[152]  : Executable code and data must be defined in an appropriate section
000000                00067     movlw .2
Error[113]  : Symbol not previously defined (LATA)
Error[113]  : Symbol not previously defined (A)
Error[152]  : Executable code and data must be defined in an appropriate section
000000                00068     movwf LATA, A                       ; Prender un 2 en binario.
Error[151]  : Operand contains unresolvable labels or is too complex
Error[152]  : Executable code and data must be defined in an appropriate section
Error[152]  : Executable code and data must be defined in an appropriate section
000000                00069     call DELAY_20ms                     ; Antirebote.
Error[151]  : Operand contains unresolvable labels or is too complex
Error[152]  : Executable code and data must be defined in an appropriate section
Error[152]  : Executable code and data must be defined in an appropriate section
000000                00070     goto RECORRIDO                      ; Regresar a ver si se presiona otro boton.
Error[150]  : Labels must be defined in a code or data section when making an object file
000000                00071 TRES
Error[113]  : Symbol not previously defined (PORTB)
Error[113]  : Symbol not previously defined (A)
Error[152]  : Executable code and data must be defined in an appropriate section
000000                00072     btfss PORTB, 3, A                   ; Revisar si sigue presionado el 3.
Error[151]  : Operand contains unresolvable labels or is too complex
Error[152]  : Executable code and data must be defined in an appropriate section
Error[152]  : Executable code and data must be defined in an appropriate section
000000                00073     goto TRES                           ; Si aun no se suleta, esperar.
Error[152]  : Executable code and data must be defined in an appropriate section
000000                00074     movlw .3
Error[113]  : Symbol not previously defined (LATA)
Error[113]  : Symbol not previously defined (A)
Error[152]  : Executable code and data must be defined in an appropriate section
000000                00075     movwf LATA, A                       ; Prender un 3 en binario.
Error[151]  : Operand contains unresolvable labels or is too complex
Error[152]  : Executable code and data must be defined in an appropriate section
Error[152]  : Executable code and data must be defined in an appropriate section
000000                00076     call DELAY_20ms                     ; Antirebote.
Error[151]  : Operand contains unresolvable labels or is too complex
Error[152]  : Executable code and data must be defined in an appropriate section
Error[152]  : Executable code and data must be defined in an appropriate section
000000                00077     goto RECORRIDO                      ; Regresar a ver si se presiona otro boton.
Error[150]  : Labels must be defined in a code or data section when making an object file
MPASM 5.87                    SUBRUTINAS.ASM   10-4-2021  10:04:31         PAGE  6


LOC  OBJECT CODE     LINE SOURCE TEXT
  VALUE

000000                00078 _A
Error[113]  : Symbol not previously defined (PORTB)
Error[113]  : Symbol not previously defined (A)
Error[152]  : Executable code and data must be defined in an appropriate section
000000                00079     btfss PORTB, 3, A                   ; Revisar si sigue presionado el A.
Error[151]  : Operand contains unresolvable labels or is too complex
Error[152]  : Executable code and data must be defined in an appropriate section
Error[152]  : Executable code and data must be defined in an appropriate section
000000                00080     goto _A                             ; Si aun no se suleta, esperar.
Error[152]  : Executable code and data must be defined in an appropriate section
000000                00081     movlw .10
Error[113]  : Symbol not previously defined (LATA)
Error[113]  : Symbol not previously defined (A)
Error[152]  : Executable code and data must be defined in an appropriate section
000000                00082     movwf LATA, A                       ; Prender un 10 en binario.
Error[151]  : Operand contains unresolvable labels or is too complex
Error[152]  : Executable code and data must be defined in an appropriate section
Error[152]  : Executable code and data must be defined in an appropriate section
000000                00083     call DELAY_20ms                     ; Antirebote.
Error[151]  : Operand contains unresolvable labels or is too complex
Error[152]  : Executable code and data must be defined in an appropriate section
Error[152]  : Executable code and data must be defined in an appropriate section
000000                00084     goto RECORRIDO                      ; Regresar a ver si se presiona otro boton.
Error[150]  : Labels must be defined in a code or data section when making an object file
000000                00085 CUATRO
Error[113]  : Symbol not previously defined (PORTB)
Error[113]  : Symbol not previously defined (A)
Error[152]  : Executable code and data must be defined in an appropriate section
000000                00086     btfss PORTB, 2, A                   ; Revisar si sigue presionado el 4.
Error[151]  : Operand contains unresolvable labels or is too complex
Error[152]  : Executable code and data must be defined in an appropriate section
Error[152]  : Executable code and data must be defined in an appropriate section
000000                00087     goto CUATRO                         ; Si aun no se suleta, esperar.
Error[152]  : Executable code and data must be defined in an appropriate section
000000                00088     movlw .4
Error[113]  : Symbol not previously defined (LATA)
Error[113]  : Symbol not previously defined (A)
Error[152]  : Executable code and data must be defined in an appropriate section
000000                00089     movwf LATA, A                       ; Prender un 4 en binario.
Error[151]  : Operand contains unresolvable labels or is too complex
Error[152]  : Executable code and data must be defined in an appropriate section
Error[152]  : Executable code and data must be defined in an appropriate section
000000                00090     call DELAY_20ms                     ; Antirebote.
Error[151]  : Operand contains unresolvable labels or is too complex
Error[152]  : Executable code and data must be defined in an appropriate section
Error[152]  : Executable code and data must be defined in an appropriate section
000000                00091     goto RECORRIDO                      ; Regresar a ver si se presiona otro boton.
Error[150]  : Labels must be defined in a code or data section when making an object file
000000                00092 CINCO
Error[113]  : Symbol not previously defined (PORTB)
Error[113]  : Symbol not previously defined (A)
Error[152]  : Executable code and data must be defined in an appropriate section
000000                00093     btfss PORTB, 2, A                   ; Revisar si sigue presionado el 5.
MPASM 5.87                    SUBRUTINAS.ASM   10-4-2021  10:04:31         PAGE  7


LOC  OBJECT CODE     LINE SOURCE TEXT
  VALUE

Error[151]  : Operand contains unresolvable labels or is too complex
Error[152]  : Executable code and data must be defined in an appropriate section
Error[152]  : Executable code and data must be defined in an appropriate section
000000                00094     goto CINCO                          ; Si aun no se suleta, esperar.
Error[152]  : Executable code and data must be defined in an appropriate section
000000                00095     movlw .5
Error[113]  : Symbol not previously defined (LATA)
Error[113]  : Symbol not previously defined (A)
Error[152]  : Executable code and data must be defined in an appropriate section
000000                00096     movwf LATA, A                       ; Prender un 5 en binario.
Error[151]  : Operand contains unresolvable labels or is too complex
Error[152]  : Executable code and data must be defined in an appropriate section
Error[152]  : Executable code and data must be defined in an appropriate section
000000                00097     call DELAY_20ms                     ; Antirebote.
Error[151]  : Operand contains unresolvable labels or is too complex
Error[152]  : Executable code and data must be defined in an appropriate section
Error[152]  : Executable code and data must be defined in an appropriate section
000000                00098     goto RECORRIDO                      ; Regresar a ver si se presiona otro boton.
Error[150]  : Labels must be defined in a code or data section when making an object file
000000                00099 SEIS
Error[113]  : Symbol not previously defined (PORTB)
Error[113]  : Symbol not previously defined (A)
Error[152]  : Executable code and data must be defined in an appropriate section
000000                00100     btfss PORTB, 2, A                   ; Revisar si sigue presionado el 6.
Error[151]  : Operand contains unresolvable labels or is too complex
Error[152]  : Executable code and data must be defined in an appropriate section
Error[152]  : Executable code and data must be defined in an appropriate section
000000                00101     goto SEIS                           ; Si aun no se suleta, esperar.
Error[152]  : Executable code and data must be defined in an appropriate section
000000                00102     movlw .6
Error[113]  : Symbol not previously defined (LATA)
Error[113]  : Symbol not previously defined (A)
Error[152]  : Executable code and data must be defined in an appropriate section
000000                00103     movwf LATA, A                       ; Prender un 6 en binario.
Error[151]  : Operand contains unresolvable labels or is too complex
Error[152]  : Executable code and data must be defined in an appropriate section
Error[152]  : Executable code and data must be defined in an appropriate section
000000                00104     call DELAY_20ms                     ; Antirebote.
Error[151]  : Operand contains unresolvable labels or is too complex
Error[152]  : Executable code and data must be defined in an appropriate section
Error[152]  : Executable code and data must be defined in an appropriate section
000000                00105     goto RECORRIDO                      ; Regresar a ver si se presiona otro boton.
Error[150]  : Labels must be defined in a code or data section when making an object file
000000                00106 _B
Error[113]  : Symbol not previously defined (PORTB)
Error[113]  : Symbol not previously defined (A)
Error[152]  : Executable code and data must be defined in an appropriate section
000000                00107     btfss PORTB, 2, A                   ; Revisar si sigue presionado el B.
Error[151]  : Operand contains unresolvable labels or is too complex
Error[152]  : Executable code and data must be defined in an appropriate section
Error[152]  : Executable code and data must be defined in an appropriate section
000000                00108     goto _B                             ; Si aun no se suleta, esperar.
Error[152]  : Executable code and data must be defined in an appropriate section
MPASM 5.87                    SUBRUTINAS.ASM   10-4-2021  10:04:31         PAGE  8


LOC  OBJECT CODE     LINE SOURCE TEXT
  VALUE

000000                00109     movlw .11
Error[113]  : Symbol not previously defined (LATA)
Error[113]  : Symbol not previously defined (A)
Error[152]  : Executable code and data must be defined in an appropriate section
000000                00110     movwf LATA, A                       ; Prender un 11 en binario.
Error[151]  : Operand contains unresolvable labels or is too complex
Error[152]  : Executable code and data must be defined in an appropriate section
Error[152]  : Executable code and data must be defined in an appropriate section
000000                00111     call DELAY_20ms                     ; Antirebote.
Error[151]  : Operand contains unresolvable labels or is too complex
Error[152]  : Executable code and data must be defined in an appropriate section
Error[152]  : Executable code and data must be defined in an appropriate section
000000                00112     goto RECORRIDO                      ; Regresar a ver si se presiona otro boton.
Error[150]  : Labels must be defined in a code or data section when making an object file
000000                00113 SIETE
Error[113]  : Symbol not previously defined (PORTB)
Error[113]  : Symbol not previously defined (A)
Error[152]  : Executable code and data must be defined in an appropriate section
000000                00114     btfss PORTB, 1, A                   ; Revisar si sigue presionado el 7.
Error[151]  : Operand contains unresolvable labels or is too complex
Error[152]  : Executable code and data must be defined in an appropriate section
Error[152]  : Executable code and data must be defined in an appropriate section
000000                00115     goto SIETE                          ; Si aun no se suleta, esperar.
Error[152]  : Executable code and data must be defined in an appropriate section
000000                00116     movlw .7
Error[113]  : Symbol not previously defined (LATA)
Error[113]  : Symbol not previously defined (A)
Error[152]  : Executable code and data must be defined in an appropriate section
000000                00117     movwf LATA, A                       ; Prender un 7 en binario.
Error[151]  : Operand contains unresolvable labels or is too complex
Error[152]  : Executable code and data must be defined in an appropriate section
Error[152]  : Executable code and data must be defined in an appropriate section
000000                00118     call DELAY_20ms                     ; Antirebote.
Error[151]  : Operand contains unresolvable labels or is too complex
Error[152]  : Executable code and data must be defined in an appropriate section
Error[152]  : Executable code and data must be defined in an appropriate section
000000                00119     goto RECORRIDO                      ; Regresar a ver si se presiona otro boton.
Error[150]  : Labels must be defined in a code or data section when making an object file
000000                00120 OCHO
Error[113]  : Symbol not previously defined (PORTB)
Error[113]  : Symbol not previously defined (A)
Error[152]  : Executable code and data must be defined in an appropriate section
000000                00121     btfss PORTB, 1, A                   ; Revisar si sigue presionado el 8.
Error[151]  : Operand contains unresolvable labels or is too complex
Error[152]  : Executable code and data must be defined in an appropriate section
Error[152]  : Executable code and data must be defined in an appropriate section
000000                00122     goto OCHO                           ; Si aun no se suleta, esperar.
Error[152]  : Executable code and data must be defined in an appropriate section
000000                00123     movlw .8
Error[113]  : Symbol not previously defined (LATA)
Error[113]  : Symbol not previously defined (A)
Error[152]  : Executable code and data must be defined in an appropriate section
000000                00124     movwf LATA, A                       ; Prender un 8 en binario.
MPASM 5.87                    SUBRUTINAS.ASM   10-4-2021  10:04:31         PAGE  9


LOC  OBJECT CODE     LINE SOURCE TEXT
  VALUE

Error[151]  : Operand contains unresolvable labels or is too complex
Error[152]  : Executable code and data must be defined in an appropriate section
Error[152]  : Executable code and data must be defined in an appropriate section
000000                00125     call DELAY_20ms                     ; Antirebote.
Error[151]  : Operand contains unresolvable labels or is too complex
Error[152]  : Executable code and data must be defined in an appropriate section
Error[152]  : Executable code and data must be defined in an appropriate section
000000                00126     goto RECORRIDO                      ; Regresar a ver si se presiona otro boton.
Error[150]  : Labels must be defined in a code or data section when making an object file
000000                00127 NUEVE
Error[113]  : Symbol not previously defined (PORTB)
Error[113]  : Symbol not previously defined (A)
Error[152]  : Executable code and data must be defined in an appropriate section
000000                00128     btfss PORTB, 1, A                   ; Revisar si sigue presionado el 9.
Error[151]  : Operand contains unresolvable labels or is too complex
Error[152]  : Executable code and data must be defined in an appropriate section
Error[152]  : Executable code and data must be defined in an appropriate section
000000                00129     goto NUEVE                          ; Si aun no se suleta, esperar.
Error[152]  : Executable code and data must be defined in an appropriate section
000000                00130     movlw .9
Error[113]  : Symbol not previously defined (LATA)
Error[113]  : Symbol not previously defined (A)
Error[152]  : Executable code and data must be defined in an appropriate section
000000                00131     movwf LATA, A                       ; Prender un 9 en binario.
Error[151]  : Operand contains unresolvable labels or is too complex
Error[152]  : Executable code and data must be defined in an appropriate section
Error[152]  : Executable code and data must be defined in an appropriate section
000000                00132     call DELAY_20ms                     ; Antirebote.
Error[151]  : Operand contains unresolvable labels or is too complex
Error[152]  : Executable code and data must be defined in an appropriate section
Error[152]  : Executable code and data must be defined in an appropriate section
000000                00133     goto RECORRIDO                      ; Regresar a ver si se presiona otro boton.
Error[150]  : Labels must be defined in a code or data section when making an object file
000000                00134 _C
Error[113]  : Symbol not previously defined (PORTB)
Error[113]  : Symbol not previously defined (A)
Error[152]  : Executable code and data must be defined in an appropriate section
000000                00135     btfss PORTB, 1, A                   ; Revisar si sigue presionado el C.
Error[151]  : Operand contains unresolvable labels or is too complex
Error[152]  : Executable code and data must be defined in an appropriate section
Error[152]  : Executable code and data must be defined in an appropriate section
000000                00136     goto _C                             ; Si aun no se suleta, esperar.
Error[152]  : Executable code and data must be defined in an appropriate section
000000                00137     movlw .12
Error[113]  : Symbol not previously defined (LATA)
Error[113]  : Symbol not previously defined (A)
Error[152]  : Executable code and data must be defined in an appropriate section
000000                00138     movwf LATA, A                       ; Prender un 12 en binario.
Error[151]  : Operand contains unresolvable labels or is too complex
Error[152]  : Executable code and data must be defined in an appropriate section
Error[152]  : Executable code and data must be defined in an appropriate section
000000                00139     call DELAY_20ms                     ; Antirebote.
Error[151]  : Operand contains unresolvable labels or is too complex
MPASM 5.87                    SUBRUTINAS.ASM   10-4-2021  10:04:31         PAGE 10


LOC  OBJECT CODE     LINE SOURCE TEXT
  VALUE

Error[152]  : Executable code and data must be defined in an appropriate section
Error[152]  : Executable code and data must be defined in an appropriate section
000000                00140     goto RECORRIDO                      ; Regresar a ver si se presiona otro boton.
Error[150]  : Labels must be defined in a code or data section when making an object file
000000                00141 ASTERISCO
Error[113]  : Symbol not previously defined (PORTB)
Error[113]  : Symbol not previously defined (A)
Error[152]  : Executable code and data must be defined in an appropriate section
000000                00142     btfss PORTB, 0, A                   ; Revisar si sigue presionado el *.
Error[151]  : Operand contains unresolvable labels or is too complex
Error[152]  : Executable code and data must be defined in an appropriate section
Error[152]  : Executable code and data must be defined in an appropriate section
000000                00143     goto ASTERISCO                      ; Si aun no se suleta, esperar.
Error[152]  : Executable code and data must be defined in an appropriate section
000000                00144     movlw b'11110000'
Error[113]  : Symbol not previously defined (LATA)
Error[113]  : Symbol not previously defined (A)
Error[152]  : Executable code and data must be defined in an appropriate section
000000                00145     movwf LATA, A                       ; Prender la primera mitad de los LEDs.
Error[151]  : Operand contains unresolvable labels or is too complex
Error[152]  : Executable code and data must be defined in an appropriate section
Error[152]  : Executable code and data must be defined in an appropriate section
000000                00146     call DELAY_20ms                     ; Antirebote.
Error[151]  : Operand contains unresolvable labels or is too complex
Error[152]  : Executable code and data must be defined in an appropriate section
Error[152]  : Executable code and data must be defined in an appropriate section
000000                00147     goto RECORRIDO                      ; Regresar a ver si se presiona otro boton.
Error[150]  : Labels must be defined in a code or data section when making an object file
000000                00148 CERO
Error[113]  : Symbol not previously defined (PORTB)
Error[113]  : Symbol not previously defined (A)
Error[152]  : Executable code and data must be defined in an appropriate section
000000                00149     btfss PORTB, 0, A                   ; Revisar si sigue presionado el 0.
Error[151]  : Operand contains unresolvable labels or is too complex
Error[152]  : Executable code and data must be defined in an appropriate section
Error[152]  : Executable code and data must be defined in an appropriate section
000000                00150     goto CERO                           ; Si aun no se suleta, esperar.
Error[152]  : Executable code and data must be defined in an appropriate section
000000                00151     movlw .0
Error[113]  : Symbol not previously defined (LATA)
Error[113]  : Symbol not previously defined (A)
Error[152]  : Executable code and data must be defined in an appropriate section
000000                00152     movwf LATA, A                       ; Prender un 0 en binario.
Error[151]  : Operand contains unresolvable labels or is too complex
Error[152]  : Executable code and data must be defined in an appropriate section
Error[152]  : Executable code and data must be defined in an appropriate section
000000                00153     call DELAY_20ms                     ; Antirebote.
Error[151]  : Operand contains unresolvable labels or is too complex
Error[152]  : Executable code and data must be defined in an appropriate section
Error[152]  : Executable code and data must be defined in an appropriate section
000000                00154     goto RECORRIDO                      ; Regresar a ver si se presiona otro boton.
Error[150]  : Labels must be defined in a code or data section when making an object file
000000                00155 GATO
MPASM 5.87                    SUBRUTINAS.ASM   10-4-2021  10:04:31         PAGE 11


LOC  OBJECT CODE     LINE SOURCE TEXT
  VALUE

Error[113]  : Symbol not previously defined (PORTB)
Error[113]  : Symbol not previously defined (A)
Error[152]  : Executable code and data must be defined in an appropriate section
000000                00156     btfss PORTB, 0, A                   ; Revisar si sigue presionado el #.
Error[151]  : Operand contains unresolvable labels or is too complex
Error[152]  : Executable code and data must be defined in an appropriate section
Error[152]  : Executable code and data must be defined in an appropriate section
000000                00157     goto GATO                           ; Si aun no se suleta, esperar.
Error[152]  : Executable code and data must be defined in an appropriate section
000000                00158     movlw b'00001111'
Error[113]  : Symbol not previously defined (LATA)
Error[113]  : Symbol not previously defined (A)
Error[152]  : Executable code and data must be defined in an appropriate section
000000                00159     movwf LATA, A                       ; Prender la segunda mitad de los LEDs.
Error[151]  : Operand contains unresolvable labels or is too complex
Error[152]  : Executable code and data must be defined in an appropriate section
Error[152]  : Executable code and data must be defined in an appropriate section
000000                00160     call DELAY_20ms                     ; Antirebote.
Error[151]  : Operand contains unresolvable labels or is too complex
Error[152]  : Executable code and data must be defined in an appropriate section
Error[152]  : Executable code and data must be defined in an appropriate section
000000                00161     goto RECORRIDO                      ; Regresar a ver si se presiona otro boton.
Error[150]  : Labels must be defined in a code or data section when making an object file
000000                00162 _D
Error[113]  : Symbol not previously defined (PORTB)
Error[113]  : Symbol not previously defined (A)
Error[152]  : Executable code and data must be defined in an appropriate section
000000                00163     btfss PORTB, 0, A                   ; Revisar si sigue presionado el D.
Error[151]  : Operand contains unresolvable labels or is too complex
Error[152]  : Executable code and data must be defined in an appropriate section
Error[152]  : Executable code and data must be defined in an appropriate section
000000                00164     goto _D                             ; Si aun no se suleta, esperar.
Error[152]  : Executable code and data must be defined in an appropriate section
000000                00165     movlw .13
Error[113]  : Symbol not previously defined (LATA)
Error[113]  : Symbol not previously defined (A)
Error[152]  : Executable code and data must be defined in an appropriate section
000000                00166     movwf LATA, A                       ; Prender un 13 en binario.
Error[151]  : Operand contains unresolvable labels or is too complex
Error[152]  : Executable code and data must be defined in an appropriate section
Error[152]  : Executable code and data must be defined in an appropriate section
000000                00167     call DELAY_20ms                     ; Antirebote.
Error[151]  : Operand contains unresolvable labels or is too complex
Error[152]  : Executable code and data must be defined in an appropriate section
Error[152]  : Executable code and data must be defined in an appropriate section
000000                00168     goto RECORRIDO                      ; Regresar a ver si se presiona otro boton.
                      00169     
Error[150]  : Labels must be defined in a code or data section when making an object file
000000                00170 DELAY_20ms
Error[152]  : Executable code and data must be defined in an appropriate section
000000                00171     movlw   .0                  
Error[113]  : Symbol not previously defined (_256)
Error[152]  : Executable code and data must be defined in an appropriate section
MPASM 5.87                    SUBRUTINAS.ASM   10-4-2021  10:04:31         PAGE 12


LOC  OBJECT CODE     LINE SOURCE TEXT
  VALUE

000000                00172     movwf   _256
Error[152]  : Executable code and data must be defined in an appropriate section
000000                00173     movlw   .26
Error[113]  : Symbol not previously defined (_26)
Error[152]  : Executable code and data must be defined in an appropriate section
000000                00174     movwf   _26 
Error[150]  : Labels must be defined in a code or data section when making an object file
000000                00175 LOOP1
Error[113]  : Symbol not previously defined (_256)
Error[152]  : Executable code and data must be defined in an appropriate section
000000                00176     decfsz  _256
Error[151]  : Operand contains unresolvable labels or is too complex
Error[152]  : Executable code and data must be defined in an appropriate section
Error[152]  : Executable code and data must be defined in an appropriate section
000000                00177     goto    LOOP1               ; (3)*256
Error[113]  : Symbol not previously defined (_26)
Error[152]  : Executable code and data must be defined in an appropriate section
000000                00178     decfsz  _26
Error[151]  : Operand contains unresolvable labels or is too complex
Error[152]  : Executable code and data must be defined in an appropriate section
Error[152]  : Executable code and data must be defined in an appropriate section
000000                00179     goto    LOOP1               ; (3)*256*26 + (3)*26 = 78*256 + 78
                      00180     ; 20046+4 = 20.05ms approx. 
Error[152]  : Executable code and data must be defined in an appropriate section
000000                00181     return
                      00182 
                      00183   end
MPASM 5.87                    SUBRUTINAS.ASM   10-4-2021  10:04:31         PAGE 13


SYMBOL TABLE
  LABEL                             VALUE 

ASTERISCO                         00000000
CERO                              00000000
CINCO                             00000000
CONFIGURA                         00000000
CUATRO                            00000000
DELAY_20ms                        00000000
DOS                               00000000
GATO                              00000000
LOOP1                             00000000
NUEVE                             00000000
OCHO                              00000000
RECORRIDO                         00000000
SEIS                              00000000
SIETE                             00000000
TRES                              00000000
UNO                               00000000
_A                                00000000
_B                                00000000
_C                                00000000
_D                                00000000
__18F45K50                        00000001

Errors   :   427
Warnings :     0 reported,     0 suppressed
Messages :     0 reported,     0 suppressed

